2026-01-18T23:03:14.890930Z  INFO tailwindcss_oxide::scanner: Provided sources:
2026-01-18T23:03:14.891355Z  INFO tailwindcss_oxide::scanner: Source: PublicSourceEntry { base: "C:\\Users\\amiri\\FavoritePart", pattern: "**/*", negated: false }
2026-01-18T23:03:14.891915Z  INFO tailwindcss_oxide::scanner: Optimized sources:
2026-01-18T23:03:14.891939Z  INFO tailwindcss_oxide::scanner: Source: Auto { base: "C:\\Users\\amiri\\FavoritePart" }
2026-01-18T23:03:14.893325Z  INFO scan_sources: tailwindcss_oxide::scanner: enter
2026-01-18T23:03:14.894989Z  INFO scan_sources: tailwindcss_oxide::scanner: Discovering "C:\\Users\\amiri\\FavoritePart\\app"
2026-01-18T23:03:14.895576Z  INFO scan_sources: tailwindcss_oxide::scanner: Discovering "C:\\Users\\amiri\\FavoritePart\\app\\actions"
2026-01-18T23:03:14.895673Z  INFO scan_sources: tailwindcss_oxide::scanner: Discovering "C:\\Users\\amiri\\FavoritePart\\app\\actions\\moments.ts"
2026-01-18T23:03:14.895743Z  INFO scan_sources: tailwindcss_oxide::scanner: Discovering "C:\\Users\\amiri\\FavoritePart\\app\\api"
2026-01-18T23:03:14.896099Z  INFO scan_sources: tailwindcss_oxide::scanner: Discovering "C:\\Users\\amiri\\FavoritePart\\app\\api\\admin"
2026-01-18T23:03:14.896251Z  INFO scan_sources: tailwindcss_oxide::scanner: Discovering "C:\\Users\\amiri\\FavoritePart\\app\\api\\admin\\check-orphans"
2026-01-18T23:03:14.896337Z  INFO scan_sources: tailwindcss_oxide::scanner: Discovering "C:\\Users\\amiri\\FavoritePart\\app\\api\\admin\\check-orphans\\route.ts"
2026-01-18T23:03:14.896405Z  INFO scan_sources: tailwindcss_oxide::scanner: Discovering "C:\\Users\\amiri\\FavoritePart\\app\\api\\admin\\fix-durations"
2026-01-18T23:03:14.896557Z  INFO scan_sources: tailwindcss_oxide::scanner: Discovering "C:\\Users\\amiri\\FavoritePart\\app\\api\\admin\\fix-durations\\route.ts"
2026-01-18T23:03:14.896634Z  INFO scan_sources: tailwindcss_oxide::scanner: Discovering "C:\\Users\\amiri\\FavoritePart\\app\\api\\admin\\fix-orphans"
2026-01-18T23:03:14.896799Z  INFO scan_sources: tailwindcss_oxide::scanner: Discovering "C:\\Users\\amiri\\FavoritePart\\app\\api\\admin\\fix-orphans\\route.ts"
2026-01-18T23:03:14.896966Z  INFO scan_sources: tailwindcss_oxide::scanner: Discovering "C:\\Users\\amiri\\FavoritePart\\app\\api\\admin\\test-insert"
2026-01-18T23:03:14.897419Z  INFO scan_sources: tailwindcss_oxide::scanner: Discovering "C:\\Users\\amiri\\FavoritePart\\app\\api\\admin\\test-insert\\route.ts"
2026-01-18T23:03:14.897736Z  INFO scan_sources: tailwindcss_oxide::scanner: Discovering "C:\\Users\\amiri\\FavoritePart\\app\\api\\metadata"
2026-01-18T23:03:14.897924Z  INFO scan_sources: tailwindcss_oxide::scanner: Discovering "C:\\Users\\amiri\\FavoritePart\\app\\api\\metadata\\route.ts"
2026-01-18T23:03:14.898162Z  INFO scan_sources: tailwindcss_oxide::scanner: Discovering "C:\\Users\\amiri\\FavoritePart\\app\\api\\moments"
2026-01-18T23:03:14.898408Z  INFO scan_sources: tailwindcss_oxide::scanner: Discovering "C:\\Users\\amiri\\FavoritePart\\app\\api\\moments\\route.ts"
2026-01-18T23:03:14.898558Z  INFO scan_sources: tailwindcss_oxide::scanner: Discovering "C:\\Users\\amiri\\FavoritePart\\app\\api\\moments\\[id]"
2026-01-18T23:03:14.898775Z  INFO scan_sources: tailwindcss_oxide::scanner: Discovering "C:\\Users\\amiri\\FavoritePart\\app\\api\\moments\\[id]\\like"
2026-01-18T23:03:14.898969Z  INFO scan_sources: tailwindcss_oxide::scanner: Discovering "C:\\Users\\amiri\\FavoritePart\\app\\api\\moments\\[id]\\like\\route.ts"
2026-01-18T23:03:14.899162Z  INFO scan_sources: tailwindcss_oxide::scanner: Discovering "C:\\Users\\amiri\\FavoritePart\\app\\api\\moments\\[id]\\refresh"
2026-01-18T23:03:14.899328Z  INFO scan_sources: tailwindcss_oxide::scanner: Discovering "C:\\Users\\amiri\\FavoritePart\\app\\api\\moments\\[id]\\refresh\\route.ts"
2026-01-18T23:03:14.899446Z  INFO scan_sources: tailwindcss_oxide::scanner: Discovering "C:\\Users\\amiri\\FavoritePart\\app\\api\\moments\\[id]\\route.ts"
2026-01-18T23:03:14.899617Z  INFO scan_sources: tailwindcss_oxide::scanner: Discovering "C:\\Users\\amiri\\FavoritePart\\app\\api\\related"
2026-01-18T23:03:14.899836Z  INFO scan_sources: tailwindcss_oxide::scanner: Discovering "C:\\Users\\amiri\\FavoritePart\\app\\api\\related\\route.ts"
2026-01-18T23:03:14.899989Z  INFO scan_sources: tailwindcss_oxide::scanner: Discovering "C:\\Users\\amiri\\FavoritePart\\app\\api\\tracks"
2026-01-18T23:03:14.900181Z  INFO scan_sources: tailwindcss_oxide::scanner: Discovering "C:\\Users\\amiri\\FavoritePart\\app\\api\\tracks\\update-duration"
2026-01-18T23:03:14.900348Z  INFO scan_sources: tailwindcss_oxide::scanner: Discovering "C:\\Users\\amiri\\FavoritePart\\app\\api\\tracks\\update-duration\\route.ts"
2026-01-18T23:03:14.900541Z  INFO scan_sources: tailwindcss_oxide::scanner: Discovering "C:\\Users\\amiri\\FavoritePart\\app\\explore"
2026-01-18T23:03:14.900696Z  INFO scan_sources: tailwindcss_oxide::scanner: Discovering "C:\\Users\\amiri\\FavoritePart\\app\\explore\\actions.ts"
2026-01-18T23:03:14.900782Z  INFO scan_sources: tailwindcss_oxide::scanner: Discovering "C:\\Users\\amiri\\FavoritePart\\app\\explore\\page.tsx"
2026-01-18T23:03:14.900897Z  INFO scan_sources: tailwindcss_oxide::scanner: Discovering "C:\\Users\\amiri\\FavoritePart\\app\\globals.css"
2026-01-18T23:03:14.900983Z  INFO scan_sources: tailwindcss_oxide::scanner: Discovering "C:\\Users\\amiri\\FavoritePart\\app\\layout.tsx"
2026-01-18T23:03:14.901130Z  INFO scan_sources: tailwindcss_oxide::scanner: Discovering "C:\\Users\\amiri\\FavoritePart\\app\\login"
2026-01-18T23:03:14.901261Z  INFO scan_sources: tailwindcss_oxide::scanner: Discovering "C:\\Users\\amiri\\FavoritePart\\app\\login\\page.tsx"
2026-01-18T23:03:14.901315Z  INFO scan_sources: tailwindcss_oxide::scanner: Discovering "C:\\Users\\amiri\\FavoritePart\\app\\page.tsx"
2026-01-18T23:03:14.901372Z  INFO scan_sources: tailwindcss_oxide::scanner: Discovering "C:\\Users\\amiri\\FavoritePart\\app\\profile"
2026-01-18T23:03:14.901439Z  INFO scan_sources: tailwindcss_oxide::scanner: Discovering "C:\\Users\\amiri\\FavoritePart\\app\\profile\\page.tsx"
2026-01-18T23:03:14.901500Z  INFO scan_sources: tailwindcss_oxide::scanner: Discovering "C:\\Users\\amiri\\FavoritePart\\app\\room"
2026-01-18T23:03:14.901580Z  INFO scan_sources: tailwindcss_oxide::scanner: Discovering "C:\\Users\\amiri\\FavoritePart\\app\\room\\[id]"
2026-01-18T23:03:14.901646Z  INFO scan_sources: tailwindcss_oxide::scanner: Discovering "C:\\Users\\amiri\\FavoritePart\\app\\room\\[id]\\page.tsx"
2026-01-18T23:03:14.901747Z  INFO scan_sources: tailwindcss_oxide::scanner: Discovering "C:\\Users\\amiri\\FavoritePart\\build-log.txt"
2026-01-18T23:03:14.901832Z  INFO scan_sources: tailwindcss_oxide::scanner: Discovering "C:\\Users\\amiri\\FavoritePart\\data"
2026-01-18T23:03:14.901903Z  INFO scan_sources: tailwindcss_oxide::scanner: Discovering "C:\\Users\\amiri\\FavoritePart\\data\\moments.json"
2026-01-18T23:03:14.901948Z  INFO scan_sources: tailwindcss_oxide::scanner: Discovering "C:\\Users\\amiri\\FavoritePart\\debug_output.txt"
2026-01-18T23:03:14.901983Z  INFO scan_sources: tailwindcss_oxide::scanner: Discovering "C:\\Users\\amiri\\FavoritePart\\debug_results.txt"
2026-01-18T23:03:14.902049Z  INFO scan_sources: tailwindcss_oxide::scanner: Discovering "C:\\Users\\amiri\\FavoritePart\\docs"
2026-01-18T23:03:14.902122Z  INFO scan_sources: tailwindcss_oxide::scanner: Discovering "C:\\Users\\amiri\\FavoritePart\\docs\\AUTH_DEBUGGING_LESSONS.md"
2026-01-18T23:03:14.902157Z  INFO scan_sources: tailwindcss_oxide::scanner: Discovering "C:\\Users\\amiri\\FavoritePart\\docs\\CHAPTERS_UX_IMPACT.md"
2026-01-18T23:03:14.902192Z  INFO scan_sources: tailwindcss_oxide::scanner: Discovering "C:\\Users\\amiri\\FavoritePart\\docs\\DICTIONARY.md"
2026-01-18T23:03:14.902226Z  INFO scan_sources: tailwindcss_oxide::scanner: Discovering "C:\\Users\\amiri\\FavoritePart\\docs\\METADATA_UI_PLACEMENT.md"
2026-01-18T23:03:14.902263Z  INFO scan_sources: tailwindcss_oxide::scanner: Discovering "C:\\Users\\amiri\\FavoritePart\\docs\\MINI_TIMELINE_ISSUE.md"
2026-01-18T23:03:14.902298Z  INFO scan_sources: tailwindcss_oxide::scanner: Discovering "C:\\Users\\amiri\\FavoritePart\\docs\\Moment_Capture_Logic.md"
2026-01-18T23:03:14.902369Z  INFO scan_sources: tailwindcss_oxide::scanner: Discovering "C:\\Users\\amiri\\FavoritePart\\docs\\North_Start.md"
2026-01-18T23:03:14.902406Z  INFO scan_sources: tailwindcss_oxide::scanner: Discovering "C:\\Users\\amiri\\FavoritePart\\docs\\ONE_PAGER.md"
2026-01-18T23:03:14.902441Z  INFO scan_sources: tailwindcss_oxide::scanner: Discovering "C:\\Users\\amiri\\FavoritePart\\docs\\PROFILE_USERNAME_ISSUE.md"
2026-01-18T23:03:14.902478Z  INFO scan_sources: tailwindcss_oxide::scanner: Discovering "C:\\Users\\amiri\\FavoritePart\\docs\\ROADMAP.md"
2026-01-18T23:03:14.902513Z  INFO scan_sources: tailwindcss_oxide::scanner: Discovering "C:\\Users\\amiri\\FavoritePart\\docs\\ROADMAP_REVERSE.md"
2026-01-18T23:03:14.902548Z  INFO scan_sources: tailwindcss_oxide::scanner: Discovering "C:\\Users\\amiri\\FavoritePart\\docs\\TECH_SPEC.md"
2026-01-18T23:03:14.902585Z  INFO scan_sources: tailwindcss_oxide::scanner: Discovering "C:\\Users\\amiri\\FavoritePart\\docs\\Timeline_Feature_Reference.md"
2026-01-18T23:03:14.902621Z  INFO scan_sources: tailwindcss_oxide::scanner: Discovering "C:\\Users\\amiri\\FavoritePart\\docs\\YOUTUBE_API_CAPABILITIES.md"
2026-01-18T23:03:14.902670Z  INFO scan_sources: tailwindcss_oxide::scanner: Discovering "C:\\Users\\amiri\\FavoritePart\\eslint.config.mjs"
2026-01-18T23:03:14.902706Z  INFO scan_sources: tailwindcss_oxide::scanner: Discovering "C:\\Users\\amiri\\FavoritePart\\implementation_plan.md"
2026-01-18T23:03:14.902761Z  INFO scan_sources: tailwindcss_oxide::scanner: Discovering "C:\\Users\\amiri\\FavoritePart\\lib"
2026-01-18T23:03:14.902845Z  INFO scan_sources: tailwindcss_oxide::scanner: Discovering "C:\\Users\\amiri\\FavoritePart\\lint_output.txt"
2026-01-18T23:03:14.902897Z  INFO scan_sources: tailwindcss_oxide::scanner: Discovering "C:\\Users\\amiri\\FavoritePart\\lint_output_2.txt"
2026-01-18T23:03:14.902938Z  INFO scan_sources: tailwindcss_oxide::scanner: Discovering "C:\\Users\\amiri\\FavoritePart\\middleware.ts"
2026-01-18T23:03:14.902977Z  INFO scan_sources: tailwindcss_oxide::scanner: Discovering "C:\\Users\\amiri\\FavoritePart\\migration_error.txt"
2026-01-18T23:03:14.903022Z  INFO scan_sources: tailwindcss_oxide::scanner: Discovering "C:\\Users\\amiri\\FavoritePart\\next.config.ts"
2026-01-18T23:03:14.903169Z  INFO scan_sources: tailwindcss_oxide::scanner: Discovering "C:\\Users\\amiri\\FavoritePart\\package.json"
2026-01-18T23:03:14.903207Z  INFO scan_sources: tailwindcss_oxide::scanner: Discovering "C:\\Users\\amiri\\FavoritePart\\postcss.config.mjs"
2026-01-18T23:03:14.903261Z  INFO scan_sources: tailwindcss_oxide::scanner: Discovering "C:\\Users\\amiri\\FavoritePart\\prisma"
2026-01-18T23:03:14.903350Z  INFO scan_sources: tailwindcss_oxide::scanner: Discovering "C:\\Users\\amiri\\FavoritePart\\prisma\\migrations"
2026-01-18T23:03:14.903441Z  INFO scan_sources: tailwindcss_oxide::scanner: Discovering "C:\\Users\\amiri\\FavoritePart\\prisma\\migrations\\20251128170036_init_with_seconds_and_service"
2026-01-18T23:03:14.903522Z  INFO scan_sources: tailwindcss_oxide::scanner: Discovering "C:\\Users\\amiri\\FavoritePart\\prisma\\migrations\\20251128170036_init_with_seconds_and_service\\migration.sql"
2026-01-18T23:03:14.903572Z  INFO scan_sources: tailwindcss_oxide::scanner: Discovering "C:\\Users\\amiri\\FavoritePart\\prisma\\migrations\\migration_lock.toml"
2026-01-18T23:03:14.903624Z  INFO scan_sources: tailwindcss_oxide::scanner: Discovering "C:\\Users\\amiri\\FavoritePart\\prisma\\schema.prisma"
2026-01-18T23:03:14.903692Z  INFO scan_sources: tailwindcss_oxide::scanner: Discovering "C:\\Users\\amiri\\FavoritePart\\public"
2026-01-18T23:03:14.903767Z  INFO scan_sources: tailwindcss_oxide::scanner: Discovering "C:\\Users\\amiri\\FavoritePart\\public\\file.svg"
2026-01-18T23:03:14.903805Z  INFO scan_sources: tailwindcss_oxide::scanner: Discovering "C:\\Users\\amiri\\FavoritePart\\public\\globe.svg"
2026-01-18T23:03:14.903860Z  INFO scan_sources: tailwindcss_oxide::scanner: Discovering "C:\\Users\\amiri\\FavoritePart\\public\\images"
2026-01-18T23:03:14.903956Z  INFO scan_sources: tailwindcss_oxide::scanner: Discovering "C:\\Users\\amiri\\FavoritePart\\public\\next.svg"
2026-01-18T23:03:14.904011Z  INFO scan_sources: tailwindcss_oxide::scanner: Discovering "C:\\Users\\amiri\\FavoritePart\\public\\sounds"
2026-01-18T23:03:14.904103Z  INFO scan_sources: tailwindcss_oxide::scanner: Discovering "C:\\Users\\amiri\\FavoritePart\\public\\vercel.svg"
2026-01-18T23:03:14.904141Z  INFO scan_sources: tailwindcss_oxide::scanner: Discovering "C:\\Users\\amiri\\FavoritePart\\public\\window.svg"
2026-01-18T23:03:14.904190Z  INFO scan_sources: tailwindcss_oxide::scanner: Discovering "C:\\Users\\amiri\\FavoritePart\\public_schema_dump.sql"
2026-01-18T23:03:14.904232Z  INFO scan_sources: tailwindcss_oxide::scanner: Discovering "C:\\Users\\amiri\\FavoritePart\\README.md"
2026-01-18T23:03:14.904291Z  INFO scan_sources: tailwindcss_oxide::scanner: Discovering "C:\\Users\\amiri\\FavoritePart\\scripts"
2026-01-18T23:03:14.904374Z  INFO scan_sources: tailwindcss_oxide::scanner: Discovering "C:\\Users\\amiri\\FavoritePart\\scripts\\backfill_artists.js"
2026-01-18T23:03:14.904418Z  INFO scan_sources: tailwindcss_oxide::scanner: Discovering "C:\\Users\\amiri\\FavoritePart\\scripts\\backfill_canonical.ts"
2026-01-18T23:03:14.904455Z  INFO scan_sources: tailwindcss_oxide::scanner: Discovering "C:\\Users\\amiri\\FavoritePart\\scripts\\backfill_savedby.ts"
2026-01-18T23:03:14.904492Z  INFO scan_sources: tailwindcss_oxide::scanner: Discovering "C:\\Users\\amiri\\FavoritePart\\scripts\\check-duplicates.ts"
2026-01-18T23:03:14.904528Z  INFO scan_sources: tailwindcss_oxide::scanner: Discovering "C:\\Users\\amiri\\FavoritePart\\scripts\\check_artists.js"
2026-01-18T23:03:14.904566Z  INFO scan_sources: tailwindcss_oxide::scanner: Discovering "C:\\Users\\amiri\\FavoritePart\\scripts\\check_durations.js"
2026-01-18T23:03:14.904603Z  INFO scan_sources: tailwindcss_oxide::scanner: Discovering "C:\\Users\\amiri\\FavoritePart\\scripts\\check_moment.js"
2026-01-18T23:03:14.904639Z  INFO scan_sources: tailwindcss_oxide::scanner: Discovering "C:\\Users\\amiri\\FavoritePart\\scripts\\check_secret.js"
2026-01-18T23:03:14.904679Z  INFO scan_sources: tailwindcss_oxide::scanner: Discovering "C:\\Users\\amiri\\FavoritePart\\scripts\\debug-plaza.ts"
2026-01-18T23:03:14.904721Z  INFO scan_sources: tailwindcss_oxide::scanner: Discovering "C:\\Users\\amiri\\FavoritePart\\scripts\\debug_moments.ts"
2026-01-18T23:03:14.904760Z  INFO scan_sources: tailwindcss_oxide::scanner: Discovering "C:\\Users\\amiri\\FavoritePart\\scripts\\debug_prisma_client.ts"
2026-01-18T23:03:14.904797Z  INFO scan_sources: tailwindcss_oxide::scanner: Discovering "C:\\Users\\amiri\\FavoritePart\\scripts\\debug_signup_schema.ts"
2026-01-18T23:03:14.904834Z  INFO scan_sources: tailwindcss_oxide::scanner: Discovering "C:\\Users\\amiri\\FavoritePart\\scripts\\debug_tables.ts"
2026-01-18T23:03:14.904878Z  INFO scan_sources: tailwindcss_oxide::scanner: Discovering "C:\\Users\\amiri\\FavoritePart\\scripts\\deploy_db.js"
2026-01-18T23:03:14.904918Z  INFO scan_sources: tailwindcss_oxide::scanner: Discovering "C:\\Users\\amiri\\FavoritePart\\scripts\\fix_broken_durations.ts"
2026-01-18T23:03:14.904955Z  INFO scan_sources: tailwindcss_oxide::scanner: Discovering "C:\\Users\\amiri\\FavoritePart\\scripts\\migrate-legacy-moments.js"
2026-01-18T23:03:14.904994Z  INFO scan_sources: tailwindcss_oxide::scanner: Discovering "C:\\Users\\amiri\\FavoritePart\\scripts\\migrate-legacy-moments.ts"
2026-01-18T23:03:14.905032Z  INFO scan_sources: tailwindcss_oxide::scanner: Discovering "C:\\Users\\amiri\\FavoritePart\\scripts\\test-metadata.ts"
2026-01-18T23:03:14.905069Z  INFO scan_sources: tailwindcss_oxide::scanner: Discovering "C:\\Users\\amiri\\FavoritePart\\scripts\\test-register.js"
2026-01-18T23:03:14.905107Z  INFO scan_sources: tailwindcss_oxide::scanner: Discovering "C:\\Users\\amiri\\FavoritePart\\scripts\\test-spotify.ts"
2026-01-18T23:03:14.905146Z  INFO scan_sources: tailwindcss_oxide::scanner: Discovering "C:\\Users\\amiri\\FavoritePart\\scripts\\test-youtube.js"
2026-01-18T23:03:14.905206Z  INFO scan_sources: tailwindcss_oxide::scanner: Discovering "C:\\Users\\amiri\\FavoritePart\\scripts\\test_aggregation.ts"
2026-01-18T23:03:14.905244Z  INFO scan_sources: tailwindcss_oxide::scanner: Discovering "C:\\Users\\amiri\\FavoritePart\\scripts\\verify_db.js"
2026-01-18T23:03:14.905284Z  INFO scan_sources: tailwindcss_oxide::scanner: Discovering "C:\\Users\\amiri\\FavoritePart\\scripts\\verify_schema_fields.ts"
2026-01-18T23:03:14.905323Z  INFO scan_sources: tailwindcss_oxide::scanner: Discovering "C:\\Users\\amiri\\FavoritePart\\scripts\\verify_sqlite.js"
2026-01-18T23:03:14.905396Z  INFO scan_sources: tailwindcss_oxide::scanner: Discovering "C:\\Users\\amiri\\FavoritePart\\src"
2026-01-18T23:03:14.905493Z  INFO scan_sources: tailwindcss_oxide::scanner: Discovering "C:\\Users\\amiri\\FavoritePart\\src\\components"
2026-01-18T23:03:14.905574Z  INFO scan_sources: tailwindcss_oxide::scanner: Discovering "C:\\Users\\amiri\\FavoritePart\\src\\components\\ArtistCard.tsx"
2026-01-18T23:03:14.905633Z  INFO scan_sources: tailwindcss_oxide::scanner: Discovering "C:\\Users\\amiri\\FavoritePart\\src\\components\\debug"
2026-01-18T23:03:14.905733Z  INFO scan_sources: tailwindcss_oxide::scanner: Discovering "C:\\Users\\amiri\\FavoritePart\\src\\components\\icons"
2026-01-18T23:03:14.905806Z  INFO scan_sources: tailwindcss_oxide::scanner: Discovering "C:\\Users\\amiri\\FavoritePart\\src\\components\\icons\\MyMomentIcon.tsx"
2026-01-18T23:03:14.905856Z  INFO scan_sources: tailwindcss_oxide::scanner: Discovering "C:\\Users\\amiri\\FavoritePart\\src\\components\\MomentCard.tsx"
2026-01-18T23:03:14.905896Z  INFO scan_sources: tailwindcss_oxide::scanner: Discovering "C:\\Users\\amiri\\FavoritePart\\src\\components\\MomentGroup.tsx"
2026-01-18T23:03:14.905934Z  INFO scan_sources: tailwindcss_oxide::scanner: Discovering "C:\\Users\\amiri\\FavoritePart\\src\\components\\MomentTimeline.tsx"
2026-01-18T23:03:14.905973Z  INFO scan_sources: tailwindcss_oxide::scanner: Discovering "C:\\Users\\amiri\\FavoritePart\\src\\components\\Navbar.tsx"
2026-01-18T23:03:14.906011Z  INFO scan_sources: tailwindcss_oxide::scanner: Discovering "C:\\Users\\amiri\\FavoritePart\\src\\components\\PlayerTimeline.tsx"
2026-01-18T23:03:14.906049Z  INFO scan_sources: tailwindcss_oxide::scanner: Discovering "C:\\Users\\amiri\\FavoritePart\\src\\components\\RelatedStrip.tsx"
2026-01-18T23:03:14.906088Z  INFO scan_sources: tailwindcss_oxide::scanner: Discovering "C:\\Users\\amiri\\FavoritePart\\src\\components\\SettingsSidebar.tsx"
2026-01-18T23:03:14.906126Z  INFO scan_sources: tailwindcss_oxide::scanner: Discovering "C:\\Users\\amiri\\FavoritePart\\src\\components\\SongCard.tsx"
2026-01-18T23:03:14.906164Z  INFO scan_sources: tailwindcss_oxide::scanner: Discovering "C:\\Users\\amiri\\FavoritePart\\src\\components\\ThreadComment.tsx"
2026-01-18T23:03:14.906203Z  INFO scan_sources: tailwindcss_oxide::scanner: Discovering "C:\\Users\\amiri\\FavoritePart\\src\\components\\TrackCard.tsx"
2026-01-18T23:03:14.906271Z  INFO scan_sources: tailwindcss_oxide::scanner: Discovering "C:\\Users\\amiri\\FavoritePart\\src\\context"
2026-01-18T23:03:14.906343Z  INFO scan_sources: tailwindcss_oxide::scanner: Discovering "C:\\Users\\amiri\\FavoritePart\\src\\context\\AuthContext.tsx"
2026-01-18T23:03:14.906381Z  INFO scan_sources: tailwindcss_oxide::scanner: Discovering "C:\\Users\\amiri\\FavoritePart\\src\\context\\FilterContext.tsx"
2026-01-18T23:03:14.906449Z  INFO scan_sources: tailwindcss_oxide::scanner: Discovering "C:\\Users\\amiri\\FavoritePart\\src\\hooks"
2026-01-18T23:03:14.906522Z  INFO scan_sources: tailwindcss_oxide::scanner: Discovering "C:\\Users\\amiri\\FavoritePart\\src\\hooks\\usePlaybackGuard.ts"
2026-01-18T23:03:14.906560Z  INFO scan_sources: tailwindcss_oxide::scanner: Discovering "C:\\Users\\amiri\\FavoritePart\\src\\hooks\\useSoundEffects.ts"
2026-01-18T23:03:14.906628Z  INFO scan_sources: tailwindcss_oxide::scanner: Discovering "C:\\Users\\amiri\\FavoritePart\\src\\lib"
2026-01-18T23:03:14.906703Z  INFO scan_sources: tailwindcss_oxide::scanner: Discovering "C:\\Users\\amiri\\FavoritePart\\src\\lib\\canonical.ts"
2026-01-18T23:03:14.906742Z  INFO scan_sources: tailwindcss_oxide::scanner: Discovering "C:\\Users\\amiri\\FavoritePart\\src\\lib\\chapters.ts"
2026-01-18T23:03:14.906780Z  INFO scan_sources: tailwindcss_oxide::scanner: Discovering "C:\\Users\\amiri\\FavoritePart\\src\\lib\\metadata.ts"
2026-01-18T23:03:14.906817Z  INFO scan_sources: tailwindcss_oxide::scanner: Discovering "C:\\Users\\amiri\\FavoritePart\\src\\lib\\prisma.ts"
2026-01-18T23:03:14.906855Z  INFO scan_sources: tailwindcss_oxide::scanner: Discovering "C:\\Users\\amiri\\FavoritePart\\src\\lib\\related.ts"
2026-01-18T23:03:14.906902Z  INFO scan_sources: tailwindcss_oxide::scanner: Discovering "C:\\Users\\amiri\\FavoritePart\\src\\lib\\sanitize.ts"
2026-01-18T23:03:14.906939Z  INFO scan_sources: tailwindcss_oxide::scanner: Discovering "C:\\Users\\amiri\\FavoritePart\\src\\lib\\storage.ts"
2026-01-18T23:03:14.906996Z  INFO scan_sources: tailwindcss_oxide::scanner: Discovering "C:\\Users\\amiri\\FavoritePart\\src\\lib\\supabase"
2026-01-18T23:03:14.907075Z  INFO scan_sources: tailwindcss_oxide::scanner: Discovering "C:\\Users\\amiri\\FavoritePart\\src\\lib\\supabase\\client.ts"
2026-01-18T23:03:14.907114Z  INFO scan_sources: tailwindcss_oxide::scanner: Discovering "C:\\Users\\amiri\\FavoritePart\\src\\lib\\supabase\\server.ts"
2026-01-18T23:03:14.907166Z  INFO scan_sources: tailwindcss_oxide::scanner: Discovering "C:\\Users\\amiri\\FavoritePart\\src\\lib\\timestamp.test.ts"
2026-01-18T23:03:14.907205Z  INFO scan_sources: tailwindcss_oxide::scanner: Discovering "C:\\Users\\amiri\\FavoritePart\\src\\lib\\trackSource.ts"
2026-01-18T23:03:14.907244Z  INFO scan_sources: tailwindcss_oxide::scanner: Discovering "C:\\Users\\amiri\\FavoritePart\\src\\lib\\validation.ts"
2026-01-18T23:03:14.907285Z  INFO scan_sources: tailwindcss_oxide::scanner: Discovering "C:\\Users\\amiri\\FavoritePart\\src\\lib\\youtube.ts"
2026-01-18T23:03:14.907353Z  INFO scan_sources: tailwindcss_oxide::scanner: Discovering "C:\\Users\\amiri\\FavoritePart\\src\\types"
2026-01-18T23:03:14.907425Z  INFO scan_sources: tailwindcss_oxide::scanner: Discovering "C:\\Users\\amiri\\FavoritePart\\src\\types\\index.ts"
2026-01-18T23:03:14.907475Z  INFO scan_sources: tailwindcss_oxide::scanner: Discovering "C:\\Users\\amiri\\FavoritePart\\src\\types\\supabase.ts"
2026-01-18T23:03:14.907557Z  INFO scan_sources: tailwindcss_oxide::scanner: Discovering "C:\\Users\\amiri\\FavoritePart\\supabase"
2026-01-18T23:03:14.907653Z  INFO scan_sources: tailwindcss_oxide::scanner: Discovering "C:\\Users\\amiri\\FavoritePart\\supabase\\migrations"
2026-01-18T23:03:14.907737Z  INFO scan_sources: tailwindcss_oxide::scanner: Discovering "C:\\Users\\amiri\\FavoritePart\\supabase\\migrations\\20251226_flatten_hierarchy.sql"
2026-01-18T23:03:14.907781Z  INFO scan_sources: tailwindcss_oxide::scanner: Discovering "C:\\Users\\amiri\\FavoritePart\\supabase\\migrations\\20251229_add_track_duration_to_moments.sql"
2026-01-18T23:03:14.907822Z  INFO scan_sources: tailwindcss_oxide::scanner: Discovering "C:\\Users\\amiri\\FavoritePart\\supabase\\migrations\\add_username_support.sql"
2026-01-18T23:03:14.907860Z  INFO scan_sources: tailwindcss_oxide::scanner: Discovering "C:\\Users\\amiri\\FavoritePart\\supabase\\migrations\\fix_trigger.sql"
2026-01-18T23:03:14.907900Z  INFO scan_sources: tailwindcss_oxide::scanner: Discovering "C:\\Users\\amiri\\FavoritePart\\supabase\\migrations\\fix_trigger_final.sql"
2026-01-18T23:03:14.907940Z  INFO scan_sources: tailwindcss_oxide::scanner: Discovering "C:\\Users\\amiri\\FavoritePart\\supabase\\migrations\\force_fix_auth.sql"
2026-01-18T23:03:14.907979Z  INFO scan_sources: tailwindcss_oxide::scanner: Discovering "C:\\Users\\amiri\\FavoritePart\\supabase\\migrations\\revert_username_trigger.sql"
2026-01-18T23:03:14.908029Z  INFO scan_sources: tailwindcss_oxide::scanner: Discovering "C:\\Users\\amiri\\FavoritePart\\supabase\\schema.sql"
2026-01-18T23:03:14.908068Z  INFO scan_sources: tailwindcss_oxide::scanner: Discovering "C:\\Users\\amiri\\FavoritePart\\supabase\\schema_notes.sql"
2026-01-18T23:03:14.908127Z  INFO scan_sources: tailwindcss_oxide::scanner: Discovering "C:\\Users\\amiri\\FavoritePart\\tsconfig.json"
2026-01-18T23:03:14.908173Z  INFO scan_sources: tailwindcss_oxide::scanner: Discovering "C:\\Users\\amiri\\FavoritePart\\walkthrough.md"
2026-01-18T23:03:14.908248Z  INFO scan_sources: tailwindcss_oxide::scanner: exit
2026-01-18T23:03:14.908257Z  INFO extract_candidates: tailwindcss_oxide::scanner: enter
2026-01-18T23:03:14.908263Z  INFO extract_candidates:read_all_files: tailwindcss_oxide::scanner: enter
2026-01-18T23:03:14.908265Z  INFO extract_candidates:read_all_files: tailwindcss_oxide::scanner: Reading 123 file(s)
2026-01-18T23:03:14.908732Z  INFO tailwindcss_oxide::scanner: Reading "C:\\Users\\amiri\\FavoritePart\\app\\actions\\moments.ts"
2026-01-18T23:03:14.908762Z  INFO tailwindcss_oxide::scanner: Reading "C:\\Users\\amiri\\FavoritePart\\scripts\\check_durations.js"
2026-01-18T23:03:14.908768Z  INFO tailwindcss_oxide::scanner: Reading "C:\\Users\\amiri\\FavoritePart\\docs\\ONE_PAGER.md"
2026-01-18T23:03:14.908821Z  INFO tailwindcss_oxide::scanner: Reading "C:\\Users\\amiri\\FavoritePart\\docs\\PROFILE_USERNAME_ISSUE.md"
2026-01-18T23:03:14.908829Z  INFO tailwindcss_oxide::scanner: Reading "C:\\Users\\amiri\\FavoritePart\\app\\api\\admin\\check-orphans\\route.ts"
2026-01-18T23:03:14.908842Z  INFO tailwindcss_oxide::scanner: Reading "C:\\Users\\amiri\\FavoritePart\\scripts\\check_moment.js"
2026-01-18T23:03:14.908859Z  INFO tailwindcss_oxide::scanner: Reading "C:\\Users\\amiri\\FavoritePart\\docs\\ROADMAP.md"
2026-01-18T23:03:14.908888Z  INFO tailwindcss_oxide::scanner: Reading "C:\\Users\\amiri\\FavoritePart\\docs\\ROADMAP_REVERSE.md"
2026-01-18T23:03:14.908887Z  INFO tailwindcss_oxide::scanner: Reading "C:\\Users\\amiri\\FavoritePart\\app\\api\\admin\\fix-durations\\route.ts"
2026-01-18T23:03:14.908918Z  INFO tailwindcss_oxide::scanner: Reading "C:\\Users\\amiri\\FavoritePart\\docs\\TECH_SPEC.md"
2026-01-18T23:03:14.908926Z  INFO tailwindcss_oxide::scanner: Reading "C:\\Users\\amiri\\FavoritePart\\scripts\\check_secret.js"
2026-01-18T23:03:14.908928Z  INFO tailwindcss_oxide::scanner: Reading "C:\\Users\\amiri\\FavoritePart\\app\\api\\moments\\[id]\\like\\route.ts"
2026-01-18T23:03:14.908946Z  INFO tailwindcss_oxide::scanner: Reading "C:\\Users\\amiri\\FavoritePart\\app\\api\\admin\\fix-orphans\\route.ts"
2026-01-18T23:03:14.908949Z  INFO tailwindcss_oxide::scanner: Reading "C:\\Users\\amiri\\FavoritePart\\docs\\Timeline_Feature_Reference.md"
2026-01-18T23:03:14.908986Z  INFO tailwindcss_oxide::scanner: Reading "C:\\Users\\amiri\\FavoritePart\\scripts\\debug-plaza.ts"
2026-01-18T23:03:14.909001Z  INFO tailwindcss_oxide::scanner: Reading "C:\\Users\\amiri\\FavoritePart\\docs\\YOUTUBE_API_CAPABILITIES.md"
2026-01-18T23:03:14.908947Z  INFO tailwindcss_oxide::scanner: Reading "C:\\Users\\amiri\\FavoritePart\\app\\login\\page.tsx"
2026-01-18T23:03:14.909013Z  INFO tailwindcss_oxide::scanner: Reading "C:\\Users\\amiri\\FavoritePart\\app\\api\\moments\\[id]\\refresh\\route.ts"
2026-01-18T23:03:14.909022Z  INFO tailwindcss_oxide::scanner: Reading "C:\\Users\\amiri\\FavoritePart\\app\\api\\admin\\test-insert\\route.ts"
2026-01-18T23:03:14.909035Z  INFO tailwindcss_oxide::scanner: Reading "C:\\Users\\amiri\\FavoritePart\\eslint.config.mjs"
2026-01-18T23:03:14.909048Z  INFO tailwindcss_oxide::scanner: Reading "C:\\Users\\amiri\\FavoritePart\\scripts\\debug_moments.ts"
2026-01-18T23:03:14.909053Z  INFO tailwindcss_oxide::scanner: Reading "C:\\Users\\amiri\\FavoritePart\\app\\api\\moments\\[id]\\route.ts"
2026-01-18T23:03:14.909065Z  INFO tailwindcss_oxide::scanner: Reading "C:\\Users\\amiri\\FavoritePart\\implementation_plan.md"
2026-01-18T23:03:14.909085Z  INFO tailwindcss_oxide::scanner: Reading "C:\\Users\\amiri\\FavoritePart\\app\\api\\related\\route.ts"
2026-01-18T23:03:14.909084Z  INFO tailwindcss_oxide::scanner: Reading "C:\\Users\\amiri\\FavoritePart\\app\\api\\metadata\\route.ts"
2026-01-18T23:03:14.909107Z  INFO tailwindcss_oxide::scanner: Reading "C:\\Users\\amiri\\FavoritePart\\lint_output.txt"
2026-01-18T23:03:14.909109Z  INFO tailwindcss_oxide::scanner: Reading "C:\\Users\\amiri\\FavoritePart\\scripts\\debug_prisma_client.ts"
2026-01-18T23:03:14.909112Z  INFO tailwindcss_oxide::scanner: Reading "C:\\Users\\amiri\\FavoritePart\\app\\api\\tracks\\update-duration\\route.ts"
2026-01-18T23:03:14.909117Z  INFO tailwindcss_oxide::scanner: Reading "C:\\Users\\amiri\\FavoritePart\\app\\page.tsx"
2026-01-18T23:03:14.909143Z  INFO tailwindcss_oxide::scanner: Reading "C:\\Users\\amiri\\FavoritePart\\postcss.config.mjs"
2026-01-18T23:03:14.909159Z  INFO tailwindcss_oxide::scanner: Reading "C:\\Users\\amiri\\FavoritePart\\app\\explore\\actions.ts"
2026-01-18T23:03:14.909166Z  INFO tailwindcss_oxide::scanner: Reading "C:\\Users\\amiri\\FavoritePart\\scripts\\debug_signup_schema.ts"
2026-01-18T23:03:14.909166Z  INFO tailwindcss_oxide::scanner: Reading "C:\\Users\\amiri\\FavoritePart\\app\\api\\moments\\route.ts"
2026-01-18T23:03:14.909196Z  INFO tailwindcss_oxide::scanner: Reading "C:\\Users\\amiri\\FavoritePart\\lint_output_2.txt"
2026-01-18T23:03:14.909207Z  INFO tailwindcss_oxide::scanner: Reading "C:\\Users\\amiri\\FavoritePart\\app\\profile\\page.tsx"
2026-01-18T23:03:14.909213Z  INFO tailwindcss_oxide::scanner: Reading "C:\\Users\\amiri\\FavoritePart\\app\\explore\\page.tsx"
2026-01-18T23:03:14.909225Z  INFO tailwindcss_oxide::scanner: Reading "C:\\Users\\amiri\\FavoritePart\\prisma\\migrations\\20251128170036_init_with_seconds_and_service\\migration.sql"
2026-01-18T23:03:14.909244Z  INFO tailwindcss_oxide::scanner: Reading "C:\\Users\\amiri\\FavoritePart\\app\\layout.tsx"
2026-01-18T23:03:14.909251Z  INFO tailwindcss_oxide::scanner: Reading "C:\\Users\\amiri\\FavoritePart\\src\\components\\TrackCard.tsx"
2026-01-18T23:03:14.909246Z  INFO tailwindcss_oxide::scanner: Reading "C:\\Users\\amiri\\FavoritePart\\debug_results.txt"
2026-01-18T23:03:14.909269Z  INFO tailwindcss_oxide::scanner: Reading "C:\\Users\\amiri\\FavoritePart\\scripts\\debug_tables.ts"
2026-01-18T23:03:14.909282Z  INFO tailwindcss_oxide::scanner: Reading "C:\\Users\\amiri\\FavoritePart\\scripts\\test-youtube.js"
2026-01-18T23:03:14.909273Z  INFO tailwindcss_oxide::scanner: Reading "C:\\Users\\amiri\\FavoritePart\\middleware.ts"
2026-01-18T23:03:14.909286Z  INFO tailwindcss_oxide::scanner: Reading "C:\\Users\\amiri\\FavoritePart\\src\\context\\AuthContext.tsx"
2026-01-18T23:03:14.909293Z  INFO tailwindcss_oxide::scanner: Reading "C:\\Users\\amiri\\FavoritePart\\prisma\\migrations\\migration_lock.toml"
2026-01-18T23:03:14.909309Z  INFO tailwindcss_oxide::scanner: Reading "C:\\Users\\amiri\\FavoritePart\\scripts\\test_aggregation.ts"
2026-01-18T23:03:14.909317Z  INFO tailwindcss_oxide::scanner: Reading "C:\\Users\\amiri\\FavoritePart\\docs\\AUTH_DEBUGGING_LESSONS.md"
2026-01-18T23:03:14.909326Z  INFO tailwindcss_oxide::scanner: Reading "C:\\Users\\amiri\\FavoritePart\\src\\context\\FilterContext.tsx"
2026-01-18T23:03:14.909326Z  INFO tailwindcss_oxide::scanner: Reading "C:\\Users\\amiri\\FavoritePart\\app\\room\\[id]\\page.tsx"
2026-01-18T23:03:14.909341Z  INFO tailwindcss_oxide::scanner: Reading "C:\\Users\\amiri\\FavoritePart\\scripts\\verify_db.js"
2026-01-18T23:03:14.909357Z  INFO tailwindcss_oxide::scanner: Reading "C:\\Users\\amiri\\FavoritePart\\prisma\\schema.prisma"
2026-01-18T23:03:14.909360Z  INFO tailwindcss_oxide::scanner: Reading "C:\\Users\\amiri\\FavoritePart\\scripts\\deploy_db.js"
2026-01-18T23:03:14.909370Z  INFO tailwindcss_oxide::scanner: Reading "C:\\Users\\amiri\\FavoritePart\\scripts\\verify_schema_fields.ts"
2026-01-18T23:03:14.909375Z  INFO tailwindcss_oxide::scanner: Reading "C:\\Users\\amiri\\FavoritePart\\src\\hooks\\usePlaybackGuard.ts"
2026-01-18T23:03:14.909373Z  INFO tailwindcss_oxide::scanner: Reading "C:\\Users\\amiri\\FavoritePart\\migration_error.txt"
2026-01-18T23:03:14.909399Z  INFO tailwindcss_oxide::scanner: Reading "C:\\Users\\amiri\\FavoritePart\\scripts\\verify_sqlite.js"
2026-01-18T23:03:14.909405Z  INFO tailwindcss_oxide::scanner: Reading "C:\\Users\\amiri\\FavoritePart\\src\\hooks\\useSoundEffects.ts"
2026-01-18T23:03:14.909453Z  INFO tailwindcss_oxide::scanner: Reading "C:\\Users\\amiri\\FavoritePart\\next.config.ts"
2026-01-18T23:03:14.909459Z  INFO tailwindcss_oxide::scanner: Reading "C:\\Users\\amiri\\FavoritePart\\scripts\\fix_broken_durations.ts"
2026-01-18T23:03:14.909377Z  INFO tailwindcss_oxide::scanner: Reading "C:\\Users\\amiri\\FavoritePart\\docs\\CHAPTERS_UX_IMPACT.md"
2026-01-18T23:03:14.909419Z  INFO tailwindcss_oxide::scanner: Reading "C:\\Users\\amiri\\FavoritePart\\public\\file.svg"
2026-01-18T23:03:14.909520Z  INFO tailwindcss_oxide::scanner: Reading "C:\\Users\\amiri\\FavoritePart\\package.json"
2026-01-18T23:03:14.909536Z  INFO tailwindcss_oxide::scanner: Reading "C:\\Users\\amiri\\FavoritePart\\public\\globe.svg"
2026-01-18T23:03:14.909425Z  INFO tailwindcss_oxide::scanner: Reading "C:\\Users\\amiri\\FavoritePart\\src\\components\\ArtistCard.tsx"
2026-01-18T23:03:14.909428Z  INFO tailwindcss_oxide::scanner: Reading "C:\\Users\\amiri\\FavoritePart\\build-log.txt"
2026-01-18T23:03:14.909580Z  INFO tailwindcss_oxide::scanner: Reading "C:\\Users\\amiri\\FavoritePart\\public\\next.svg"
2026-01-18T23:03:14.909594Z  INFO tailwindcss_oxide::scanner: Reading "C:\\Users\\amiri\\FavoritePart\\data\\moments.json"
2026-01-18T23:03:14.909599Z  INFO tailwindcss_oxide::scanner: Reading "C:\\Users\\amiri\\FavoritePart\\debug_output.txt"
2026-01-18T23:03:14.909618Z  INFO tailwindcss_oxide::scanner: Reading "C:\\Users\\amiri\\FavoritePart\\public\\vercel.svg"
2026-01-18T23:03:14.909613Z  INFO tailwindcss_oxide::scanner: Reading "C:\\Users\\amiri\\FavoritePart\\src\\components\\MomentGroup.tsx"
2026-01-18T23:03:14.909630Z  INFO tailwindcss_oxide::scanner: Reading "C:\\Users\\amiri\\FavoritePart\\public\\window.svg"
2026-01-18T23:03:14.909423Z  INFO tailwindcss_oxide::scanner: Reading "C:\\Users\\amiri\\FavoritePart\\docs\\METADATA_UI_PLACEMENT.md"
2026-01-18T23:03:14.909650Z  INFO tailwindcss_oxide::scanner: Reading "C:\\Users\\amiri\\FavoritePart\\docs\\Moment_Capture_Logic.md"
2026-01-18T23:03:14.909657Z  INFO tailwindcss_oxide::scanner: Reading "C:\\Users\\amiri\\FavoritePart\\public_schema_dump.sql"
2026-01-18T23:03:14.909661Z  INFO tailwindcss_oxide::scanner: Reading "C:\\Users\\amiri\\FavoritePart\\src\\components\\SongCard.tsx"
2026-01-18T23:03:14.909670Z  INFO tailwindcss_oxide::scanner: Reading "C:\\Users\\amiri\\FavoritePart\\src\\components\\icons\\MyMomentIcon.tsx"
2026-01-18T23:03:14.909489Z  INFO tailwindcss_oxide::scanner: Reading "C:\\Users\\amiri\\FavoritePart\\docs\\DICTIONARY.md"
2026-01-18T23:03:14.909692Z  INFO tailwindcss_oxide::scanner: Reading "C:\\Users\\amiri\\FavoritePart\\README.md"
2026-01-18T23:03:14.909693Z  INFO tailwindcss_oxide::scanner: Reading "C:\\Users\\amiri\\FavoritePart\\docs\\North_Start.md"
2026-01-18T23:03:14.909547Z  INFO tailwindcss_oxide::scanner: Reading "C:\\Users\\amiri\\FavoritePart\\scripts\\migrate-legacy-moments.js"
2026-01-18T23:03:14.909544Z  INFO tailwindcss_oxide::scanner: Reading "C:\\Users\\amiri\\FavoritePart\\src\\components\\RelatedStrip.tsx"
2026-01-18T23:03:14.909477Z  INFO tailwindcss_oxide::scanner: Reading "C:\\Users\\amiri\\FavoritePart\\src\\lib\\canonical.ts"
2026-01-18T23:03:14.909734Z  INFO tailwindcss_oxide::scanner: Reading "C:\\Users\\amiri\\FavoritePart\\scripts\\backfill_artists.js"
2026-01-18T23:03:14.909764Z  INFO tailwindcss_oxide::scanner: Reading "C:\\Users\\amiri\\FavoritePart\\docs\\MINI_TIMELINE_ISSUE.md"
2026-01-18T23:03:14.909771Z  INFO tailwindcss_oxide::scanner: Reading "C:\\Users\\amiri\\FavoritePart\\src\\components\\MomentCard.tsx"
2026-01-18T23:03:14.909701Z  INFO tailwindcss_oxide::scanner: Reading "C:\\Users\\amiri\\FavoritePart\\src\\components\\MomentTimeline.tsx"
2026-01-18T23:03:14.909770Z  INFO tailwindcss_oxide::scanner: Reading "C:\\Users\\amiri\\FavoritePart\\src\\lib\\chapters.ts"
2026-01-18T23:03:14.909782Z  INFO tailwindcss_oxide::scanner: Reading "C:\\Users\\amiri\\FavoritePart\\src\\components\\ThreadComment.tsx"
2026-01-18T23:03:14.909779Z  INFO tailwindcss_oxide::scanner: Reading "C:\\Users\\amiri\\FavoritePart\\src\\components\\SettingsSidebar.tsx"
2026-01-18T23:03:14.909800Z  INFO tailwindcss_oxide::scanner: Reading "C:\\Users\\amiri\\FavoritePart\\src\\lib\\trackSource.ts"
2026-01-18T23:03:14.909825Z  INFO tailwindcss_oxide::scanner: Reading "C:\\Users\\amiri\\FavoritePart\\scripts\\migrate-legacy-moments.ts"
2026-01-18T23:03:14.909827Z  INFO tailwindcss_oxide::scanner: Reading "C:\\Users\\amiri\\FavoritePart\\src\\lib\\storage.ts"
2026-01-18T23:03:14.909851Z  INFO tailwindcss_oxide::scanner: Reading "C:\\Users\\amiri\\FavoritePart\\src\\lib\\related.ts"
2026-01-18T23:03:14.909857Z  INFO tailwindcss_oxide::scanner: Reading "C:\\Users\\amiri\\FavoritePart\\scripts\\check-duplicates.ts"
2026-01-18T23:03:14.909866Z  INFO tailwindcss_oxide::scanner: Reading "C:\\Users\\amiri\\FavoritePart\\src\\lib\\supabase\\client.ts"
2026-01-18T23:03:14.909772Z  INFO tailwindcss_oxide::scanner: Reading "C:\\Users\\amiri\\FavoritePart\\scripts\\backfill_canonical.ts"
2026-01-18T23:03:14.909796Z  INFO tailwindcss_oxide::scanner: Reading "C:\\Users\\amiri\\FavoritePart\\src\\lib\\metadata.ts"
2026-01-18T23:03:14.909891Z  INFO tailwindcss_oxide::scanner: Reading "C:\\Users\\amiri\\FavoritePart\\src\\lib\\timestamp.test.ts"
2026-01-18T23:03:14.909772Z  INFO tailwindcss_oxide::scanner: Reading "C:\\Users\\amiri\\FavoritePart\\src\\components\\Navbar.tsx"
2026-01-18T23:03:14.909858Z  INFO tailwindcss_oxide::scanner: Reading "C:\\Users\\amiri\\FavoritePart\\src\\lib\\sanitize.ts"
2026-01-18T23:03:14.909927Z  INFO tailwindcss_oxide::scanner: Reading "C:\\Users\\amiri\\FavoritePart\\scripts\\backfill_savedby.ts"
2026-01-18T23:03:14.909945Z  INFO tailwindcss_oxide::scanner: Reading "C:\\Users\\amiri\\FavoritePart\\scripts\\test-spotify.ts"
2026-01-18T23:03:14.909886Z  INFO tailwindcss_oxide::scanner: Reading "C:\\Users\\amiri\\FavoritePart\\src\\lib\\validation.ts"
2026-01-18T23:03:14.909971Z  INFO tailwindcss_oxide::scanner: Reading "C:\\Users\\amiri\\FavoritePart\\src\\components\\PlayerTimeline.tsx"
2026-01-18T23:03:14.909893Z  INFO tailwindcss_oxide::scanner: Reading "C:\\Users\\amiri\\FavoritePart\\scripts\\test-metadata.ts"
2026-01-18T23:03:14.909858Z  INFO tailwindcss_oxide::scanner: Reading "C:\\Users\\amiri\\FavoritePart\\scripts\\check_artists.js"
2026-01-18T23:03:14.909902Z  INFO tailwindcss_oxide::scanner: Reading "C:\\Users\\amiri\\FavoritePart\\src\\lib\\supabase\\server.ts"
2026-01-18T23:03:14.910021Z  INFO tailwindcss_oxide::scanner: Reading "C:\\Users\\amiri\\FavoritePart\\supabase\\migrations\\force_fix_auth.sql"
2026-01-18T23:03:14.909900Z  INFO tailwindcss_oxide::scanner: Reading "C:\\Users\\amiri\\FavoritePart\\scripts\\test-register.js"
2026-01-18T23:03:14.910034Z  INFO tailwindcss_oxide::scanner: Reading "C:\\Users\\amiri\\FavoritePart\\src\\types\\supabase.ts"
2026-01-18T23:03:14.910051Z  INFO tailwindcss_oxide::scanner: Reading "C:\\Users\\amiri\\FavoritePart\\src\\types\\index.ts"
2026-01-18T23:03:14.910069Z  INFO tailwindcss_oxide::scanner: Reading "C:\\Users\\amiri\\FavoritePart\\supabase\\migrations\\fix_trigger_final.sql"
2026-01-18T23:03:14.909877Z  INFO tailwindcss_oxide::scanner: Reading "C:\\Users\\amiri\\FavoritePart\\src\\lib\\prisma.ts"
2026-01-18T23:03:14.909926Z  INFO tailwindcss_oxide::scanner: Reading "C:\\Users\\amiri\\FavoritePart\\supabase\\migrations\\fix_trigger.sql"
2026-01-18T23:03:14.910097Z  INFO tailwindcss_oxide::scanner: Reading "C:\\Users\\amiri\\FavoritePart\\tsconfig.json"
2026-01-18T23:03:14.910096Z  INFO tailwindcss_oxide::scanner: Reading "C:\\Users\\amiri\\FavoritePart\\supabase\\migrations\\add_username_support.sql"
2026-01-18T23:03:14.910106Z  INFO tailwindcss_oxide::scanner: Reading "C:\\Users\\amiri\\FavoritePart\\supabase\\migrations\\revert_username_trigger.sql"
2026-01-18T23:03:14.910113Z  INFO tailwindcss_oxide::scanner: Reading "C:\\Users\\amiri\\FavoritePart\\walkthrough.md"
2026-01-18T23:03:14.910010Z  INFO tailwindcss_oxide::scanner: Reading "C:\\Users\\amiri\\FavoritePart\\supabase\\migrations\\20251229_add_track_duration_to_moments.sql"
2026-01-18T23:03:14.910113Z  INFO tailwindcss_oxide::scanner: Reading "C:\\Users\\amiri\\FavoritePart\\supabase\\schema.sql"
2026-01-18T23:03:14.910050Z  INFO tailwindcss_oxide::scanner: Reading "C:\\Users\\amiri\\FavoritePart\\supabase\\migrations\\20251226_flatten_hierarchy.sql"
2026-01-18T23:03:14.910126Z  INFO tailwindcss_oxide::scanner: Reading "C:\\Users\\amiri\\FavoritePart\\supabase\\schema_notes.sql"
2026-01-18T23:03:14.910012Z  INFO tailwindcss_oxide::scanner: Reading "C:\\Users\\amiri\\FavoritePart\\src\\lib\\youtube.ts"
2026-01-18T23:03:14.910371Z  INFO extract_candidates:read_all_files: tailwindcss_oxide::scanner: exit
2026-01-18T23:03:14.910393Z  INFO extract_candidates:parse_all_blobs: tailwindcss_oxide::scanner: enter
2026-01-18T23:03:14.910401Z  INFO extract_candidates:parse_all_blobs:extract: tailwindcss_oxide::scanner: enter
2026-01-18T23:03:14.913362Z  INFO extract_candidates:parse_all_blobs:extract: tailwindcss_oxide::scanner: exit
2026-01-18T23:03:14.913477Z  INFO extract_candidates:parse_all_blobs: tailwindcss_oxide::scanner: exit
2026-01-18T23:03:14.913483Z  INFO extract_candidates:read_all_files: tailwindcss_oxide::scanner: enter
2026-01-18T23:03:14.913486Z  INFO extract_candidates:read_all_files: tailwindcss_oxide::scanner: Reading 1 file(s)
2026-01-18T23:03:14.913611Z  INFO extract_candidates:read_all_files: tailwindcss_oxide::scanner: Reading "C:\\Users\\amiri\\FavoritePart\\app\\globals.css"
2026-01-18T23:03:14.913619Z  INFO extract_candidates:read_all_files: tailwindcss_oxide::scanner: exit
2026-01-18T23:03:14.913624Z  INFO extract_candidates:extract_css_variables: tailwindcss_oxide::scanner: enter
2026-01-18T23:03:14.913627Z  INFO extract_candidates:extract_css_variables:extract: tailwindcss_oxide::scanner: enter
2026-01-18T23:03:14.914116Z  INFO extract_candidates:extract_css_variables:extract: tailwindcss_oxide::scanner: exit
2026-01-18T23:03:14.914186Z  INFO extract_candidates:extract_css_variables: tailwindcss_oxide::scanner: exit
2026-01-18T23:03:14.915729Z  INFO extract_candidates: tailwindcss_oxide::scanner: exit
2026-01-18T23:03:14.916735Z  INFO get_files: tailwindcss_oxide::scanner: enter
2026-01-18T23:03:14.916752Z  INFO get_files:scan_sources: tailwindcss_oxide::scanner: enter
2026-01-18T23:03:14.917829Z  INFO get_files:scan_sources: tailwindcss_oxide::scanner: Discovering "C:\\Users\\amiri\\FavoritePart\\app"
2026-01-18T23:03:14.917938Z  INFO get_files:scan_sources: tailwindcss_oxide::scanner: Discovering "C:\\Users\\amiri\\FavoritePart\\app\\actions"
2026-01-18T23:03:14.918092Z  INFO get_files:scan_sources: tailwindcss_oxide::scanner: Discovering "C:\\Users\\amiri\\FavoritePart\\app\\api"
2026-01-18T23:03:14.918189Z  INFO get_files:scan_sources: tailwindcss_oxide::scanner: Discovering "C:\\Users\\amiri\\FavoritePart\\app\\api\\admin"
2026-01-18T23:03:14.918291Z  INFO get_files:scan_sources: tailwindcss_oxide::scanner: Discovering "C:\\Users\\amiri\\FavoritePart\\app\\api\\admin\\check-orphans"
2026-01-18T23:03:14.918424Z  INFO get_files:scan_sources: tailwindcss_oxide::scanner: Discovering "C:\\Users\\amiri\\FavoritePart\\app\\api\\admin\\fix-durations"
2026-01-18T23:03:14.918550Z  INFO get_files:scan_sources: tailwindcss_oxide::scanner: Discovering "C:\\Users\\amiri\\FavoritePart\\app\\api\\admin\\fix-orphans"
2026-01-18T23:03:14.918707Z  INFO get_files:scan_sources: tailwindcss_oxide::scanner: Discovering "C:\\Users\\amiri\\FavoritePart\\app\\api\\admin\\test-insert"
2026-01-18T23:03:14.918842Z  INFO get_files:scan_sources: tailwindcss_oxide::scanner: Discovering "C:\\Users\\amiri\\FavoritePart\\app\\api\\metadata"
2026-01-18T23:03:14.918962Z  INFO get_files:scan_sources: tailwindcss_oxide::scanner: Discovering "C:\\Users\\amiri\\FavoritePart\\app\\api\\moments"
2026-01-18T23:03:14.919075Z  INFO get_files:scan_sources: tailwindcss_oxide::scanner: Discovering "C:\\Users\\amiri\\FavoritePart\\app\\api\\moments\\[id]"
2026-01-18T23:03:14.919169Z  INFO get_files:scan_sources: tailwindcss_oxide::scanner: Discovering "C:\\Users\\amiri\\FavoritePart\\app\\api\\moments\\[id]\\like"
2026-01-18T23:03:14.919300Z  INFO get_files:scan_sources: tailwindcss_oxide::scanner: Discovering "C:\\Users\\amiri\\FavoritePart\\app\\api\\moments\\[id]\\refresh"
2026-01-18T23:03:14.919469Z  INFO get_files:scan_sources: tailwindcss_oxide::scanner: Discovering "C:\\Users\\amiri\\FavoritePart\\app\\api\\related"
2026-01-18T23:03:14.919591Z  INFO get_files:scan_sources: tailwindcss_oxide::scanner: Discovering "C:\\Users\\amiri\\FavoritePart\\app\\api\\tracks"
2026-01-18T23:03:14.919685Z  INFO get_files:scan_sources: tailwindcss_oxide::scanner: Discovering "C:\\Users\\amiri\\FavoritePart\\app\\api\\tracks\\update-duration"
2026-01-18T23:03:14.919851Z  INFO get_files:scan_sources: tailwindcss_oxide::scanner: Discovering "C:\\Users\\amiri\\FavoritePart\\app\\explore"
2026-01-18T23:03:14.920043Z  INFO get_files:scan_sources: tailwindcss_oxide::scanner: Discovering "C:\\Users\\amiri\\FavoritePart\\app\\login"
2026-01-18T23:03:14.920186Z  INFO get_files:scan_sources: tailwindcss_oxide::scanner: Discovering "C:\\Users\\amiri\\FavoritePart\\app\\profile"
2026-01-18T23:03:14.920304Z  INFO get_files:scan_sources: tailwindcss_oxide::scanner: Discovering "C:\\Users\\amiri\\FavoritePart\\app\\room"
2026-01-18T23:03:14.920390Z  INFO get_files:scan_sources: tailwindcss_oxide::scanner: Discovering "C:\\Users\\amiri\\FavoritePart\\app\\room\\[id]"
2026-01-18T23:03:14.920525Z  INFO get_files:scan_sources: tailwindcss_oxide::scanner: Discovering "C:\\Users\\amiri\\FavoritePart\\build-log.txt"
2026-01-18T23:03:14.920582Z  INFO get_files:scan_sources: tailwindcss_oxide::scanner: Discovering "C:\\Users\\amiri\\FavoritePart\\data"
2026-01-18T23:03:14.920751Z  INFO get_files:scan_sources: tailwindcss_oxide::scanner: Discovering "C:\\Users\\amiri\\FavoritePart\\docs"
2026-01-18T23:03:14.921183Z  INFO get_files:scan_sources: tailwindcss_oxide::scanner: Discovering "C:\\Users\\amiri\\FavoritePart\\lib"
2026-01-18T23:03:14.921534Z  INFO get_files:scan_sources: tailwindcss_oxide::scanner: Discovering "C:\\Users\\amiri\\FavoritePart\\prisma"
2026-01-18T23:03:14.921622Z  INFO get_files:scan_sources: tailwindcss_oxide::scanner: Discovering "C:\\Users\\amiri\\FavoritePart\\prisma\\migrations"
2026-01-18T23:03:14.921719Z  INFO get_files:scan_sources: tailwindcss_oxide::scanner: Discovering "C:\\Users\\amiri\\FavoritePart\\prisma\\migrations\\20251128170036_init_with_seconds_and_service"
2026-01-18T23:03:14.921919Z  INFO get_files:scan_sources: tailwindcss_oxide::scanner: Discovering "C:\\Users\\amiri\\FavoritePart\\public"
2026-01-18T23:03:14.922053Z  INFO get_files:scan_sources: tailwindcss_oxide::scanner: Discovering "C:\\Users\\amiri\\FavoritePart\\public\\images"
2026-01-18T23:03:14.922223Z  INFO get_files:scan_sources: tailwindcss_oxide::scanner: Discovering "C:\\Users\\amiri\\FavoritePart\\public\\sounds"
2026-01-18T23:03:14.922434Z  INFO get_files:scan_sources: tailwindcss_oxide::scanner: Discovering "C:\\Users\\amiri\\FavoritePart\\scripts"
2026-01-18T23:03:14.923046Z  INFO get_files:scan_sources: tailwindcss_oxide::scanner: Discovering "C:\\Users\\amiri\\FavoritePart\\src"
2026-01-18T23:03:14.923138Z  INFO get_files:scan_sources: tailwindcss_oxide::scanner: Discovering "C:\\Users\\amiri\\FavoritePart\\src\\components"
2026-01-18T23:03:14.923254Z  INFO get_files:scan_sources: tailwindcss_oxide::scanner: Discovering "C:\\Users\\amiri\\FavoritePart\\src\\components\\debug"
2026-01-18T23:03:14.923355Z  INFO get_files:scan_sources: tailwindcss_oxide::scanner: Discovering "C:\\Users\\amiri\\FavoritePart\\src\\components\\icons"
2026-01-18T23:03:14.923706Z  INFO get_files:scan_sources: tailwindcss_oxide::scanner: Discovering "C:\\Users\\amiri\\FavoritePart\\src\\context"
2026-01-18T23:03:14.923852Z  INFO get_files:scan_sources: tailwindcss_oxide::scanner: Discovering "C:\\Users\\amiri\\FavoritePart\\src\\hooks"
2026-01-18T23:03:14.923995Z  INFO get_files:scan_sources: tailwindcss_oxide::scanner: Discovering "C:\\Users\\amiri\\FavoritePart\\src\\lib"
2026-01-18T23:03:14.924240Z  INFO get_files:scan_sources: tailwindcss_oxide::scanner: Discovering "C:\\Users\\amiri\\FavoritePart\\src\\lib\\supabase"
2026-01-18T23:03:14.924482Z  INFO get_files:scan_sources: tailwindcss_oxide::scanner: Discovering "C:\\Users\\amiri\\FavoritePart\\src\\types"
2026-01-18T23:03:14.924637Z  INFO get_files:scan_sources: tailwindcss_oxide::scanner: Discovering "C:\\Users\\amiri\\FavoritePart\\supabase"
2026-01-18T23:03:14.924730Z  INFO get_files:scan_sources: tailwindcss_oxide::scanner: Discovering "C:\\Users\\amiri\\FavoritePart\\supabase\\migrations"
2026-01-18T23:03:14.925090Z  INFO get_files:scan_sources: tailwindcss_oxide::scanner: exit
2026-01-18T23:03:14.925268Z  INFO get_files: tailwindcss_oxide::scanner: exit
2026-01-18T23:03:14.926156Z  INFO get_globs: tailwindcss_oxide::scanner: enter
2026-01-18T23:03:14.926170Z  INFO get_globs:scan_sources: tailwindcss_oxide::scanner: enter
2026-01-18T23:03:14.927746Z  INFO get_globs:scan_sources: tailwindcss_oxide::scanner: Discovering "C:\\Users\\amiri\\FavoritePart\\app"
2026-01-18T23:03:14.927953Z  INFO get_globs:scan_sources: tailwindcss_oxide::scanner: Discovering "C:\\Users\\amiri\\FavoritePart\\app\\actions"
2026-01-18T23:03:14.928235Z  INFO get_globs:scan_sources: tailwindcss_oxide::scanner: Discovering "C:\\Users\\amiri\\FavoritePart\\app\\api"
2026-01-18T23:03:14.928440Z  INFO get_globs:scan_sources: tailwindcss_oxide::scanner: Discovering "C:\\Users\\amiri\\FavoritePart\\app\\api\\admin"
2026-01-18T23:03:14.928638Z  INFO get_globs:scan_sources: tailwindcss_oxide::scanner: Discovering "C:\\Users\\amiri\\FavoritePart\\app\\api\\admin\\check-orphans"
2026-01-18T23:03:14.928923Z  INFO get_globs:scan_sources: tailwindcss_oxide::scanner: Discovering "C:\\Users\\amiri\\FavoritePart\\app\\api\\admin\\fix-durations"
2026-01-18T23:03:14.929179Z  INFO get_globs:scan_sources: tailwindcss_oxide::scanner: Discovering "C:\\Users\\amiri\\FavoritePart\\app\\api\\admin\\fix-orphans"
2026-01-18T23:03:14.929438Z  INFO get_globs:scan_sources: tailwindcss_oxide::scanner: Discovering "C:\\Users\\amiri\\FavoritePart\\app\\api\\admin\\test-insert"
2026-01-18T23:03:14.929739Z  INFO get_globs:scan_sources: tailwindcss_oxide::scanner: Discovering "C:\\Users\\amiri\\FavoritePart\\app\\api\\metadata"
2026-01-18T23:03:14.930008Z  INFO get_globs:scan_sources: tailwindcss_oxide::scanner: Discovering "C:\\Users\\amiri\\FavoritePart\\app\\api\\moments"
2026-01-18T23:03:14.930299Z  INFO get_globs:scan_sources: tailwindcss_oxide::scanner: Discovering "C:\\Users\\amiri\\FavoritePart\\app\\api\\moments\\[id]"
2026-01-18T23:03:14.930511Z  INFO get_globs:scan_sources: tailwindcss_oxide::scanner: Discovering "C:\\Users\\amiri\\FavoritePart\\app\\api\\moments\\[id]\\like"
2026-01-18T23:03:14.930785Z  INFO get_globs:scan_sources: tailwindcss_oxide::scanner: Discovering "C:\\Users\\amiri\\FavoritePart\\app\\api\\moments\\[id]\\refresh"
2026-01-18T23:03:14.931157Z  INFO get_globs:scan_sources: tailwindcss_oxide::scanner: Discovering "C:\\Users\\amiri\\FavoritePart\\app\\api\\related"
2026-01-18T23:03:14.931412Z  INFO get_globs:scan_sources: tailwindcss_oxide::scanner: Discovering "C:\\Users\\amiri\\FavoritePart\\app\\api\\tracks"
2026-01-18T23:03:14.931602Z  INFO get_globs:scan_sources: tailwindcss_oxide::scanner: Discovering "C:\\Users\\amiri\\FavoritePart\\app\\api\\tracks\\update-duration"
2026-01-18T23:03:14.931932Z  INFO get_globs:scan_sources: tailwindcss_oxide::scanner: Discovering "C:\\Users\\amiri\\FavoritePart\\app\\explore"
2026-01-18T23:03:14.932344Z  INFO get_globs:scan_sources: tailwindcss_oxide::scanner: Discovering "C:\\Users\\amiri\\FavoritePart\\app\\login"
2026-01-18T23:03:14.932647Z  INFO get_globs:scan_sources: tailwindcss_oxide::scanner: Discovering "C:\\Users\\amiri\\FavoritePart\\app\\profile"
2026-01-18T23:03:14.932910Z  INFO get_globs:scan_sources: tailwindcss_oxide::scanner: Discovering "C:\\Users\\amiri\\FavoritePart\\app\\room"
2026-01-18T23:03:14.933097Z  INFO get_globs:scan_sources: tailwindcss_oxide::scanner: Discovering "C:\\Users\\amiri\\FavoritePart\\app\\room\\[id]"
2026-01-18T23:03:14.933455Z  INFO get_globs:scan_sources: tailwindcss_oxide::scanner: Discovering "C:\\Users\\amiri\\FavoritePart\\data"
2026-01-18T23:03:14.933838Z  INFO get_globs:scan_sources: tailwindcss_oxide::scanner: Discovering "C:\\Users\\amiri\\FavoritePart\\docs"
2026-01-18T23:03:14.934731Z  INFO get_globs:scan_sources: tailwindcss_oxide::scanner: Discovering "C:\\Users\\amiri\\FavoritePart\\lib"
2026-01-18T23:03:14.935501Z  INFO get_globs:scan_sources: tailwindcss_oxide::scanner: Discovering "C:\\Users\\amiri\\FavoritePart\\prisma"
2026-01-18T23:03:14.935692Z  INFO get_globs:scan_sources: tailwindcss_oxide::scanner: Discovering "C:\\Users\\amiri\\FavoritePart\\prisma\\migrations"
2026-01-18T23:03:14.935883Z  INFO get_globs:scan_sources: tailwindcss_oxide::scanner: Discovering "C:\\Users\\amiri\\FavoritePart\\prisma\\migrations\\20251128170036_init_with_seconds_and_service"
2026-01-18T23:03:14.936284Z  INFO get_globs:scan_sources: tailwindcss_oxide::scanner: Discovering "C:\\Users\\amiri\\FavoritePart\\public"
2026-01-18T23:03:14.936561Z  INFO get_globs:scan_sources: tailwindcss_oxide::scanner: Discovering "C:\\Users\\amiri\\FavoritePart\\public\\images"
2026-01-18T23:03:14.936820Z  INFO get_globs:scan_sources: tailwindcss_oxide::scanner: Discovering "C:\\Users\\amiri\\FavoritePart\\public\\sounds"
2026-01-18T23:03:14.937254Z  INFO get_globs:scan_sources: tailwindcss_oxide::scanner: Discovering "C:\\Users\\amiri\\FavoritePart\\scripts"
2026-01-18T23:03:14.938492Z  INFO get_globs:scan_sources: tailwindcss_oxide::scanner: Discovering "C:\\Users\\amiri\\FavoritePart\\src"
2026-01-18T23:03:14.938686Z  INFO get_globs:scan_sources: tailwindcss_oxide::scanner: Discovering "C:\\Users\\amiri\\FavoritePart\\src\\components"
2026-01-18T23:03:14.938935Z  INFO get_globs:scan_sources: tailwindcss_oxide::scanner: Discovering "C:\\Users\\amiri\\FavoritePart\\src\\components\\debug"
2026-01-18T23:03:14.939143Z  INFO get_globs:scan_sources: tailwindcss_oxide::scanner: Discovering "C:\\Users\\amiri\\FavoritePart\\src\\components\\icons"
2026-01-18T23:03:14.939833Z  INFO get_globs:scan_sources: tailwindcss_oxide::scanner: Discovering "C:\\Users\\amiri\\FavoritePart\\src\\context"
2026-01-18T23:03:14.940128Z  INFO get_globs:scan_sources: tailwindcss_oxide::scanner: Discovering "C:\\Users\\amiri\\FavoritePart\\src\\hooks"
2026-01-18T23:03:14.940421Z  INFO get_globs:scan_sources: tailwindcss_oxide::scanner: Discovering "C:\\Users\\amiri\\FavoritePart\\src\\lib"
2026-01-18T23:03:14.940912Z  INFO get_globs:scan_sources: tailwindcss_oxide::scanner: Discovering "C:\\Users\\amiri\\FavoritePart\\src\\lib\\supabase"
2026-01-18T23:03:14.941400Z  INFO get_globs:scan_sources: tailwindcss_oxide::scanner: Discovering "C:\\Users\\amiri\\FavoritePart\\src\\types"
2026-01-18T23:03:14.941711Z  INFO get_globs:scan_sources: tailwindcss_oxide::scanner: Discovering "C:\\Users\\amiri\\FavoritePart\\supabase"
2026-01-18T23:03:14.941899Z  INFO get_globs:scan_sources: tailwindcss_oxide::scanner: Discovering "C:\\Users\\amiri\\FavoritePart\\supabase\\migrations"
2026-01-18T23:03:14.942616Z  INFO get_globs:scan_sources: tailwindcss_oxide::scanner: exit
2026-01-18T23:03:14.952989Z  INFO get_globs: tailwindcss_oxide::scanner: exit
