2026-01-19T01:26:45.117698Z  INFO tailwindcss_oxide::scanner: Provided sources:
2026-01-19T01:26:45.117844Z  INFO tailwindcss_oxide::scanner: Source: PublicSourceEntry { base: "C:\\Users\\amiri\\FavoritePart", pattern: "**/*", negated: false }
2026-01-19T01:26:45.118112Z  INFO tailwindcss_oxide::scanner: Optimized sources:
2026-01-19T01:26:45.118143Z  INFO tailwindcss_oxide::scanner: Source: Auto { base: "C:\\Users\\amiri\\FavoritePart" }
2026-01-19T01:26:45.120157Z  INFO scan_sources: tailwindcss_oxide::scanner: enter
2026-01-19T01:26:45.121372Z  INFO scan_sources: tailwindcss_oxide::scanner: Discovering "C:\\Users\\amiri\\FavoritePart\\app"
2026-01-19T01:26:45.130559Z  INFO scan_sources: tailwindcss_oxide::scanner: Discovering "C:\\Users\\amiri\\FavoritePart\\app\\actions"
2026-01-19T01:26:45.130673Z  INFO scan_sources: tailwindcss_oxide::scanner: Discovering "C:\\Users\\amiri\\FavoritePart\\app\\actions\\moments.ts"
2026-01-19T01:26:45.130750Z  INFO scan_sources: tailwindcss_oxide::scanner: Discovering "C:\\Users\\amiri\\FavoritePart\\app\\api"
2026-01-19T01:26:45.130847Z  INFO scan_sources: tailwindcss_oxide::scanner: Discovering "C:\\Users\\amiri\\FavoritePart\\app\\api\\admin"
2026-01-19T01:26:45.130945Z  INFO scan_sources: tailwindcss_oxide::scanner: Discovering "C:\\Users\\amiri\\FavoritePart\\app\\api\\admin\\check-orphans"
2026-01-19T01:26:45.131022Z  INFO scan_sources: tailwindcss_oxide::scanner: Discovering "C:\\Users\\amiri\\FavoritePart\\app\\api\\admin\\check-orphans\\route.ts"
2026-01-19T01:26:45.131084Z  INFO scan_sources: tailwindcss_oxide::scanner: Discovering "C:\\Users\\amiri\\FavoritePart\\app\\api\\admin\\fix-durations"
2026-01-19T01:26:45.131150Z  INFO scan_sources: tailwindcss_oxide::scanner: Discovering "C:\\Users\\amiri\\FavoritePart\\app\\api\\admin\\fix-durations\\route.ts"
2026-01-19T01:26:45.131208Z  INFO scan_sources: tailwindcss_oxide::scanner: Discovering "C:\\Users\\amiri\\FavoritePart\\app\\api\\admin\\fix-orphans"
2026-01-19T01:26:45.131275Z  INFO scan_sources: tailwindcss_oxide::scanner: Discovering "C:\\Users\\amiri\\FavoritePart\\app\\api\\admin\\fix-orphans\\route.ts"
2026-01-19T01:26:45.131343Z  INFO scan_sources: tailwindcss_oxide::scanner: Discovering "C:\\Users\\amiri\\FavoritePart\\app\\api\\admin\\test-insert"
2026-01-19T01:26:45.131410Z  INFO scan_sources: tailwindcss_oxide::scanner: Discovering "C:\\Users\\amiri\\FavoritePart\\app\\api\\admin\\test-insert\\route.ts"
2026-01-19T01:26:45.131484Z  INFO scan_sources: tailwindcss_oxide::scanner: Discovering "C:\\Users\\amiri\\FavoritePart\\app\\api\\metadata"
2026-01-19T01:26:45.131551Z  INFO scan_sources: tailwindcss_oxide::scanner: Discovering "C:\\Users\\amiri\\FavoritePart\\app\\api\\metadata\\route.ts"
2026-01-19T01:26:45.131612Z  INFO scan_sources: tailwindcss_oxide::scanner: Discovering "C:\\Users\\amiri\\FavoritePart\\app\\api\\moments"
2026-01-19T01:26:45.131678Z  INFO scan_sources: tailwindcss_oxide::scanner: Discovering "C:\\Users\\amiri\\FavoritePart\\app\\api\\moments\\route.ts"
2026-01-19T01:26:45.131731Z  INFO scan_sources: tailwindcss_oxide::scanner: Discovering "C:\\Users\\amiri\\FavoritePart\\app\\api\\moments\\[id]"
2026-01-19T01:26:45.131800Z  INFO scan_sources: tailwindcss_oxide::scanner: Discovering "C:\\Users\\amiri\\FavoritePart\\app\\api\\moments\\[id]\\route.ts"
2026-01-19T01:26:45.131868Z  INFO scan_sources: tailwindcss_oxide::scanner: Discovering "C:\\Users\\amiri\\FavoritePart\\app\\api\\tracks"
2026-01-19T01:26:45.131947Z  INFO scan_sources: tailwindcss_oxide::scanner: Discovering "C:\\Users\\amiri\\FavoritePart\\app\\api\\tracks\\update-duration"
2026-01-19T01:26:45.132013Z  INFO scan_sources: tailwindcss_oxide::scanner: Discovering "C:\\Users\\amiri\\FavoritePart\\app\\api\\tracks\\update-duration\\route.ts"
2026-01-19T01:26:45.132299Z  INFO scan_sources: tailwindcss_oxide::scanner: Discovering "C:\\Users\\amiri\\FavoritePart\\app\\explore"
2026-01-19T01:26:45.132506Z  INFO scan_sources: tailwindcss_oxide::scanner: Discovering "C:\\Users\\amiri\\FavoritePart\\app\\explore\\actions.ts"
2026-01-19T01:26:45.132601Z  INFO scan_sources: tailwindcss_oxide::scanner: Discovering "C:\\Users\\amiri\\FavoritePart\\app\\explore\\layout.tsx"
2026-01-19T01:26:45.132761Z  INFO scan_sources: tailwindcss_oxide::scanner: Discovering "C:\\Users\\amiri\\FavoritePart\\app\\explore\\page.tsx"
2026-01-19T01:26:45.132889Z  INFO scan_sources: tailwindcss_oxide::scanner: Discovering "C:\\Users\\amiri\\FavoritePart\\app\\globals.css"
2026-01-19T01:26:45.132976Z  INFO scan_sources: tailwindcss_oxide::scanner: Discovering "C:\\Users\\amiri\\FavoritePart\\app\\layout.tsx"
2026-01-19T01:26:45.133105Z  INFO scan_sources: tailwindcss_oxide::scanner: Discovering "C:\\Users\\amiri\\FavoritePart\\app\\login"
2026-01-19T01:26:45.133272Z  INFO scan_sources: tailwindcss_oxide::scanner: Discovering "C:\\Users\\amiri\\FavoritePart\\app\\login\\page.tsx"
2026-01-19T01:26:45.133384Z  INFO scan_sources: tailwindcss_oxide::scanner: Discovering "C:\\Users\\amiri\\FavoritePart\\app\\page.tsx"
2026-01-19T01:26:45.133509Z  INFO scan_sources: tailwindcss_oxide::scanner: Discovering "C:\\Users\\amiri\\FavoritePart\\app\\profile"
2026-01-19T01:26:45.133667Z  INFO scan_sources: tailwindcss_oxide::scanner: Discovering "C:\\Users\\amiri\\FavoritePart\\app\\profile\\page.tsx"
2026-01-19T01:26:45.133828Z  INFO scan_sources: tailwindcss_oxide::scanner: Discovering "C:\\Users\\amiri\\FavoritePart\\app\\room"
2026-01-19T01:26:45.134026Z  INFO scan_sources: tailwindcss_oxide::scanner: Discovering "C:\\Users\\amiri\\FavoritePart\\app\\room\\[id]"
2026-01-19T01:26:45.134185Z  INFO scan_sources: tailwindcss_oxide::scanner: Discovering "C:\\Users\\amiri\\FavoritePart\\app\\room\\[id]\\page.tsx"
2026-01-19T01:26:45.134367Z  INFO scan_sources: tailwindcss_oxide::scanner: Discovering "C:\\Users\\amiri\\FavoritePart\\build-log.txt"
2026-01-19T01:26:45.134519Z  INFO scan_sources: tailwindcss_oxide::scanner: Discovering "C:\\Users\\amiri\\FavoritePart\\data"
2026-01-19T01:26:45.134681Z  INFO scan_sources: tailwindcss_oxide::scanner: Discovering "C:\\Users\\amiri\\FavoritePart\\data\\moments.json"
2026-01-19T01:26:45.134789Z  INFO scan_sources: tailwindcss_oxide::scanner: Discovering "C:\\Users\\amiri\\FavoritePart\\debug_output.txt"
2026-01-19T01:26:45.134871Z  INFO scan_sources: tailwindcss_oxide::scanner: Discovering "C:\\Users\\amiri\\FavoritePart\\debug_results.txt"
2026-01-19T01:26:45.135002Z  INFO scan_sources: tailwindcss_oxide::scanner: Discovering "C:\\Users\\amiri\\FavoritePart\\docs"
2026-01-19T01:26:45.135183Z  INFO scan_sources: tailwindcss_oxide::scanner: Discovering "C:\\Users\\amiri\\FavoritePart\\docs\\AUTH_DEBUGGING_LESSONS.md"
2026-01-19T01:26:45.135269Z  INFO scan_sources: tailwindcss_oxide::scanner: Discovering "C:\\Users\\amiri\\FavoritePart\\docs\\CHAPTERS_UX_IMPACT.md"
2026-01-19T01:26:45.135350Z  INFO scan_sources: tailwindcss_oxide::scanner: Discovering "C:\\Users\\amiri\\FavoritePart\\docs\\DICTIONARY.md"
2026-01-19T01:26:45.135429Z  INFO scan_sources: tailwindcss_oxide::scanner: Discovering "C:\\Users\\amiri\\FavoritePart\\docs\\METADATA_UI_PLACEMENT.md"
2026-01-19T01:26:45.135510Z  INFO scan_sources: tailwindcss_oxide::scanner: Discovering "C:\\Users\\amiri\\FavoritePart\\docs\\MINI_TIMELINE_ISSUE.md"
2026-01-19T01:26:45.135590Z  INFO scan_sources: tailwindcss_oxide::scanner: Discovering "C:\\Users\\amiri\\FavoritePart\\docs\\Moment_Capture_Logic.md"
2026-01-19T01:26:45.135676Z  INFO scan_sources: tailwindcss_oxide::scanner: Discovering "C:\\Users\\amiri\\FavoritePart\\docs\\North_Start.md"
2026-01-19T01:26:45.135758Z  INFO scan_sources: tailwindcss_oxide::scanner: Discovering "C:\\Users\\amiri\\FavoritePart\\docs\\ONE_PAGER.md"
2026-01-19T01:26:45.135852Z  INFO scan_sources: tailwindcss_oxide::scanner: Discovering "C:\\Users\\amiri\\FavoritePart\\docs\\PROFILE_USERNAME_ISSUE.md"
2026-01-19T01:26:45.135935Z  INFO scan_sources: tailwindcss_oxide::scanner: Discovering "C:\\Users\\amiri\\FavoritePart\\docs\\ROADMAP.md"
2026-01-19T01:26:45.136032Z  INFO scan_sources: tailwindcss_oxide::scanner: Discovering "C:\\Users\\amiri\\FavoritePart\\docs\\ROADMAP_REVERSE.md"
2026-01-19T01:26:45.136167Z  INFO scan_sources: tailwindcss_oxide::scanner: Discovering "C:\\Users\\amiri\\FavoritePart\\docs\\TECH_SPEC.md"
2026-01-19T01:26:45.136258Z  INFO scan_sources: tailwindcss_oxide::scanner: Discovering "C:\\Users\\amiri\\FavoritePart\\docs\\Timeline_Feature_Reference.md"
2026-01-19T01:26:45.136341Z  INFO scan_sources: tailwindcss_oxide::scanner: Discovering "C:\\Users\\amiri\\FavoritePart\\docs\\YOUTUBE_API_CAPABILITIES.md"
2026-01-19T01:26:45.136455Z  INFO scan_sources: tailwindcss_oxide::scanner: Discovering "C:\\Users\\amiri\\FavoritePart\\eslint.config.mjs"
2026-01-19T01:26:45.136539Z  INFO scan_sources: tailwindcss_oxide::scanner: Discovering "C:\\Users\\amiri\\FavoritePart\\implementation_plan.md"
2026-01-19T01:26:45.136662Z  INFO scan_sources: tailwindcss_oxide::scanner: Discovering "C:\\Users\\amiri\\FavoritePart\\lib"
2026-01-19T01:26:45.136839Z  INFO scan_sources: tailwindcss_oxide::scanner: Discovering "C:\\Users\\amiri\\FavoritePart\\lint_output.txt"
2026-01-19T01:26:45.136922Z  INFO scan_sources: tailwindcss_oxide::scanner: Discovering "C:\\Users\\amiri\\FavoritePart\\lint_output_2.txt"
2026-01-19T01:26:45.137005Z  INFO scan_sources: tailwindcss_oxide::scanner: Discovering "C:\\Users\\amiri\\FavoritePart\\middleware.ts"
2026-01-19T01:26:45.137084Z  INFO scan_sources: tailwindcss_oxide::scanner: Discovering "C:\\Users\\amiri\\FavoritePart\\migration_error.txt"
2026-01-19T01:26:45.137175Z  INFO scan_sources: tailwindcss_oxide::scanner: Discovering "C:\\Users\\amiri\\FavoritePart\\next.config.ts"
2026-01-19T01:26:45.137664Z  INFO scan_sources: tailwindcss_oxide::scanner: Discovering "C:\\Users\\amiri\\FavoritePart\\package.json"
2026-01-19T01:26:45.137796Z  INFO scan_sources: tailwindcss_oxide::scanner: Discovering "C:\\Users\\amiri\\FavoritePart\\postcss.config.mjs"
2026-01-19T01:26:45.137954Z  INFO scan_sources: tailwindcss_oxide::scanner: Discovering "C:\\Users\\amiri\\FavoritePart\\prisma"
2026-01-19T01:26:45.138196Z  INFO scan_sources: tailwindcss_oxide::scanner: Discovering "C:\\Users\\amiri\\FavoritePart\\prisma\\migrations"
2026-01-19T01:26:45.138416Z  INFO scan_sources: tailwindcss_oxide::scanner: Discovering "C:\\Users\\amiri\\FavoritePart\\prisma\\migrations\\20251128170036_init_with_seconds_and_service"
2026-01-19T01:26:45.138609Z  INFO scan_sources: tailwindcss_oxide::scanner: Discovering "C:\\Users\\amiri\\FavoritePart\\prisma\\migrations\\20251128170036_init_with_seconds_and_service\\migration.sql"
2026-01-19T01:26:45.138743Z  INFO scan_sources: tailwindcss_oxide::scanner: Discovering "C:\\Users\\amiri\\FavoritePart\\prisma\\migrations\\migration_lock.toml"
2026-01-19T01:26:45.138870Z  INFO scan_sources: tailwindcss_oxide::scanner: Discovering "C:\\Users\\amiri\\FavoritePart\\prisma\\schema.prisma"
2026-01-19T01:26:45.139067Z  INFO scan_sources: tailwindcss_oxide::scanner: Discovering "C:\\Users\\amiri\\FavoritePart\\public"
2026-01-19T01:26:45.139250Z  INFO scan_sources: tailwindcss_oxide::scanner: Discovering "C:\\Users\\amiri\\FavoritePart\\public\\file.svg"
2026-01-19T01:26:45.139340Z  INFO scan_sources: tailwindcss_oxide::scanner: Discovering "C:\\Users\\amiri\\FavoritePart\\public\\globe.svg"
2026-01-19T01:26:45.139482Z  INFO scan_sources: tailwindcss_oxide::scanner: Discovering "C:\\Users\\amiri\\FavoritePart\\public\\images"
2026-01-19T01:26:45.139677Z  INFO scan_sources: tailwindcss_oxide::scanner: Discovering "C:\\Users\\amiri\\FavoritePart\\public\\next.svg"
2026-01-19T01:26:45.139801Z  INFO scan_sources: tailwindcss_oxide::scanner: Discovering "C:\\Users\\amiri\\FavoritePart\\public\\sounds"
2026-01-19T01:26:45.139998Z  INFO scan_sources: tailwindcss_oxide::scanner: Discovering "C:\\Users\\amiri\\FavoritePart\\public\\vercel.svg"
2026-01-19T01:26:45.140084Z  INFO scan_sources: tailwindcss_oxide::scanner: Discovering "C:\\Users\\amiri\\FavoritePart\\public\\window.svg"
2026-01-19T01:26:45.140195Z  INFO scan_sources: tailwindcss_oxide::scanner: Discovering "C:\\Users\\amiri\\FavoritePart\\public_schema_dump.sql"
2026-01-19T01:26:45.140282Z  INFO scan_sources: tailwindcss_oxide::scanner: Discovering "C:\\Users\\amiri\\FavoritePart\\README.md"
2026-01-19T01:26:45.140429Z  INFO scan_sources: tailwindcss_oxide::scanner: Discovering "C:\\Users\\amiri\\FavoritePart\\scripts"
2026-01-19T01:26:45.140610Z  INFO scan_sources: tailwindcss_oxide::scanner: Discovering "C:\\Users\\amiri\\FavoritePart\\scripts\\backfill_artists.js"
2026-01-19T01:26:45.140704Z  INFO scan_sources: tailwindcss_oxide::scanner: Discovering "C:\\Users\\amiri\\FavoritePart\\scripts\\backfill_canonical.ts"
2026-01-19T01:26:45.140787Z  INFO scan_sources: tailwindcss_oxide::scanner: Discovering "C:\\Users\\amiri\\FavoritePart\\scripts\\backfill_savedby.ts"
2026-01-19T01:26:45.140869Z  INFO scan_sources: tailwindcss_oxide::scanner: Discovering "C:\\Users\\amiri\\FavoritePart\\scripts\\check-duplicates.ts"
2026-01-19T01:26:45.140966Z  INFO scan_sources: tailwindcss_oxide::scanner: Discovering "C:\\Users\\amiri\\FavoritePart\\scripts\\check_artists.js"
2026-01-19T01:26:45.141049Z  INFO scan_sources: tailwindcss_oxide::scanner: Discovering "C:\\Users\\amiri\\FavoritePart\\scripts\\check_durations.js"
2026-01-19T01:26:45.141131Z  INFO scan_sources: tailwindcss_oxide::scanner: Discovering "C:\\Users\\amiri\\FavoritePart\\scripts\\check_moment.js"
2026-01-19T01:26:45.141213Z  INFO scan_sources: tailwindcss_oxide::scanner: Discovering "C:\\Users\\amiri\\FavoritePart\\scripts\\check_secret.js"
2026-01-19T01:26:45.141296Z  INFO scan_sources: tailwindcss_oxide::scanner: Discovering "C:\\Users\\amiri\\FavoritePart\\scripts\\debug-plaza.ts"
2026-01-19T01:26:45.141379Z  INFO scan_sources: tailwindcss_oxide::scanner: Discovering "C:\\Users\\amiri\\FavoritePart\\scripts\\debug_moments.ts"
2026-01-19T01:26:45.141463Z  INFO scan_sources: tailwindcss_oxide::scanner: Discovering "C:\\Users\\amiri\\FavoritePart\\scripts\\debug_prisma_client.ts"
2026-01-19T01:26:45.141548Z  INFO scan_sources: tailwindcss_oxide::scanner: Discovering "C:\\Users\\amiri\\FavoritePart\\scripts\\debug_signup_schema.ts"
2026-01-19T01:26:45.141629Z  INFO scan_sources: tailwindcss_oxide::scanner: Discovering "C:\\Users\\amiri\\FavoritePart\\scripts\\debug_tables.ts"
2026-01-19T01:26:45.141711Z  INFO scan_sources: tailwindcss_oxide::scanner: Discovering "C:\\Users\\amiri\\FavoritePart\\scripts\\deploy_db.js"
2026-01-19T01:26:45.141791Z  INFO scan_sources: tailwindcss_oxide::scanner: Discovering "C:\\Users\\amiri\\FavoritePart\\scripts\\fix_broken_durations.ts"
2026-01-19T01:26:45.141874Z  INFO scan_sources: tailwindcss_oxide::scanner: Discovering "C:\\Users\\amiri\\FavoritePart\\scripts\\migrate-legacy-moments.js"
2026-01-19T01:26:45.141956Z  INFO scan_sources: tailwindcss_oxide::scanner: Discovering "C:\\Users\\amiri\\FavoritePart\\scripts\\migrate-legacy-moments.ts"
2026-01-19T01:26:45.142050Z  INFO scan_sources: tailwindcss_oxide::scanner: Discovering "C:\\Users\\amiri\\FavoritePart\\scripts\\test-metadata.ts"
2026-01-19T01:26:45.142142Z  INFO scan_sources: tailwindcss_oxide::scanner: Discovering "C:\\Users\\amiri\\FavoritePart\\scripts\\test-register.js"
2026-01-19T01:26:45.142234Z  INFO scan_sources: tailwindcss_oxide::scanner: Discovering "C:\\Users\\amiri\\FavoritePart\\scripts\\test-spotify.ts"
2026-01-19T01:26:45.142330Z  INFO scan_sources: tailwindcss_oxide::scanner: Discovering "C:\\Users\\amiri\\FavoritePart\\scripts\\test-youtube.js"
2026-01-19T01:26:45.142417Z  INFO scan_sources: tailwindcss_oxide::scanner: Discovering "C:\\Users\\amiri\\FavoritePart\\scripts\\test_aggregation.ts"
2026-01-19T01:26:45.142503Z  INFO scan_sources: tailwindcss_oxide::scanner: Discovering "C:\\Users\\amiri\\FavoritePart\\scripts\\verify_db.js"
2026-01-19T01:26:45.142587Z  INFO scan_sources: tailwindcss_oxide::scanner: Discovering "C:\\Users\\amiri\\FavoritePart\\scripts\\verify_schema_fields.ts"
2026-01-19T01:26:45.142673Z  INFO scan_sources: tailwindcss_oxide::scanner: Discovering "C:\\Users\\amiri\\FavoritePart\\scripts\\verify_sqlite.js"
2026-01-19T01:26:45.142838Z  INFO scan_sources: tailwindcss_oxide::scanner: Discovering "C:\\Users\\amiri\\FavoritePart\\src"
2026-01-19T01:26:45.143063Z  INFO scan_sources: tailwindcss_oxide::scanner: Discovering "C:\\Users\\amiri\\FavoritePart\\src\\components"
2026-01-19T01:26:45.143310Z  INFO scan_sources: tailwindcss_oxide::scanner: Discovering "C:\\Users\\amiri\\FavoritePart\\src\\components\\ArtistCard.tsx"
2026-01-19T01:26:45.143443Z  INFO scan_sources: tailwindcss_oxide::scanner: Discovering "C:\\Users\\amiri\\FavoritePart\\src\\components\\debug"
2026-01-19T01:26:45.143660Z  INFO scan_sources: tailwindcss_oxide::scanner: Discovering "C:\\Users\\amiri\\FavoritePart\\src\\components\\icons"
2026-01-19T01:26:45.143819Z  INFO scan_sources: tailwindcss_oxide::scanner: Discovering "C:\\Users\\amiri\\FavoritePart\\src\\components\\icons\\MyMomentIcon.tsx"
2026-01-19T01:26:45.143932Z  INFO scan_sources: tailwindcss_oxide::scanner: Discovering "C:\\Users\\amiri\\FavoritePart\\src\\components\\MomentCard.tsx"
2026-01-19T01:26:45.144018Z  INFO scan_sources: tailwindcss_oxide::scanner: Discovering "C:\\Users\\amiri\\FavoritePart\\src\\components\\MomentGroup.tsx"
2026-01-19T01:26:45.144120Z  INFO scan_sources: tailwindcss_oxide::scanner: Discovering "C:\\Users\\amiri\\FavoritePart\\src\\components\\MomentTimeline.tsx"
2026-01-19T01:26:45.144228Z  INFO scan_sources: tailwindcss_oxide::scanner: Discovering "C:\\Users\\amiri\\FavoritePart\\src\\components\\Navbar.tsx"
2026-01-19T01:26:45.144337Z  INFO scan_sources: tailwindcss_oxide::scanner: Discovering "C:\\Users\\amiri\\FavoritePart\\src\\components\\PlayerTimeline.tsx"
2026-01-19T01:26:45.144434Z  INFO scan_sources: tailwindcss_oxide::scanner: Discovering "C:\\Users\\amiri\\FavoritePart\\src\\components\\RelatedStrip.tsx"
2026-01-19T01:26:45.144517Z  INFO scan_sources: tailwindcss_oxide::scanner: Discovering "C:\\Users\\amiri\\FavoritePart\\src\\components\\SettingsSidebar.tsx"
2026-01-19T01:26:45.144600Z  INFO scan_sources: tailwindcss_oxide::scanner: Discovering "C:\\Users\\amiri\\FavoritePart\\src\\components\\SongCard.tsx"
2026-01-19T01:26:45.144681Z  INFO scan_sources: tailwindcss_oxide::scanner: Discovering "C:\\Users\\amiri\\FavoritePart\\src\\components\\ThreadComment.tsx"
2026-01-19T01:26:45.144765Z  INFO scan_sources: tailwindcss_oxide::scanner: Discovering "C:\\Users\\amiri\\FavoritePart\\src\\components\\TrackCard.tsx"
2026-01-19T01:26:45.144934Z  INFO scan_sources: tailwindcss_oxide::scanner: Discovering "C:\\Users\\amiri\\FavoritePart\\src\\context"
2026-01-19T01:26:45.145097Z  INFO scan_sources: tailwindcss_oxide::scanner: Discovering "C:\\Users\\amiri\\FavoritePart\\src\\context\\AuthContext.tsx"
2026-01-19T01:26:45.145241Z  INFO scan_sources: tailwindcss_oxide::scanner: Discovering "C:\\Users\\amiri\\FavoritePart\\src\\context\\FilterContext.tsx"
2026-01-19T01:26:45.145395Z  INFO scan_sources: tailwindcss_oxide::scanner: Discovering "C:\\Users\\amiri\\FavoritePart\\src\\hooks"
2026-01-19T01:26:45.145554Z  INFO scan_sources: tailwindcss_oxide::scanner: Discovering "C:\\Users\\amiri\\FavoritePart\\src\\hooks\\usePlaybackGuard.ts"
2026-01-19T01:26:45.145637Z  INFO scan_sources: tailwindcss_oxide::scanner: Discovering "C:\\Users\\amiri\\FavoritePart\\src\\hooks\\useSoundEffects.ts"
2026-01-19T01:26:45.145788Z  INFO scan_sources: tailwindcss_oxide::scanner: Discovering "C:\\Users\\amiri\\FavoritePart\\src\\lib"
2026-01-19T01:26:45.145948Z  INFO scan_sources: tailwindcss_oxide::scanner: Discovering "C:\\Users\\amiri\\FavoritePart\\src\\lib\\canonical.ts"
2026-01-19T01:26:45.146031Z  INFO scan_sources: tailwindcss_oxide::scanner: Discovering "C:\\Users\\amiri\\FavoritePart\\src\\lib\\chapters.ts"
2026-01-19T01:26:45.146113Z  INFO scan_sources: tailwindcss_oxide::scanner: Discovering "C:\\Users\\amiri\\FavoritePart\\src\\lib\\metadata.ts"
2026-01-19T01:26:45.146194Z  INFO scan_sources: tailwindcss_oxide::scanner: Discovering "C:\\Users\\amiri\\FavoritePart\\src\\lib\\related.ts"
2026-01-19T01:26:45.146274Z  INFO scan_sources: tailwindcss_oxide::scanner: Discovering "C:\\Users\\amiri\\FavoritePart\\src\\lib\\sanitize.ts"
2026-01-19T01:26:45.146357Z  INFO scan_sources: tailwindcss_oxide::scanner: Discovering "C:\\Users\\amiri\\FavoritePart\\src\\lib\\storage.ts"
2026-01-19T01:26:45.146552Z  INFO scan_sources: tailwindcss_oxide::scanner: Discovering "C:\\Users\\amiri\\FavoritePart\\src\\lib\\supabase"
2026-01-19T01:26:45.146719Z  INFO scan_sources: tailwindcss_oxide::scanner: Discovering "C:\\Users\\amiri\\FavoritePart\\src\\lib\\supabase\\client.ts"
2026-01-19T01:26:45.146801Z  INFO scan_sources: tailwindcss_oxide::scanner: Discovering "C:\\Users\\amiri\\FavoritePart\\src\\lib\\supabase\\server.ts"
2026-01-19T01:26:45.146909Z  INFO scan_sources: tailwindcss_oxide::scanner: Discovering "C:\\Users\\amiri\\FavoritePart\\src\\lib\\timestamp.test.ts"
2026-01-19T01:26:45.147008Z  INFO scan_sources: tailwindcss_oxide::scanner: Discovering "C:\\Users\\amiri\\FavoritePart\\src\\lib\\trackSource.ts"
2026-01-19T01:26:45.147091Z  INFO scan_sources: tailwindcss_oxide::scanner: Discovering "C:\\Users\\amiri\\FavoritePart\\src\\lib\\validation.ts"
2026-01-19T01:26:45.147175Z  INFO scan_sources: tailwindcss_oxide::scanner: Discovering "C:\\Users\\amiri\\FavoritePart\\src\\lib\\youtube.ts"
2026-01-19T01:26:45.147323Z  INFO scan_sources: tailwindcss_oxide::scanner: Discovering "C:\\Users\\amiri\\FavoritePart\\src\\types"
2026-01-19T01:26:45.147474Z  INFO scan_sources: tailwindcss_oxide::scanner: Discovering "C:\\Users\\amiri\\FavoritePart\\src\\types\\index.ts"
2026-01-19T01:26:45.147557Z  INFO scan_sources: tailwindcss_oxide::scanner: Discovering "C:\\Users\\amiri\\FavoritePart\\src\\types\\supabase.ts"
2026-01-19T01:26:45.147725Z  INFO scan_sources: tailwindcss_oxide::scanner: Discovering "C:\\Users\\amiri\\FavoritePart\\supabase"
2026-01-19T01:26:45.147918Z  INFO scan_sources: tailwindcss_oxide::scanner: Discovering "C:\\Users\\amiri\\FavoritePart\\supabase\\migrations"
2026-01-19T01:26:45.148083Z  INFO scan_sources: tailwindcss_oxide::scanner: Discovering "C:\\Users\\amiri\\FavoritePart\\supabase\\migrations\\20251226_flatten_hierarchy.sql"
2026-01-19T01:26:45.148170Z  INFO scan_sources: tailwindcss_oxide::scanner: Discovering "C:\\Users\\amiri\\FavoritePart\\supabase\\migrations\\20251229_add_track_duration_to_moments.sql"
2026-01-19T01:26:45.148269Z  INFO scan_sources: tailwindcss_oxide::scanner: Discovering "C:\\Users\\amiri\\FavoritePart\\supabase\\migrations\\add_username_support.sql"
2026-01-19T01:26:45.148351Z  INFO scan_sources: tailwindcss_oxide::scanner: Discovering "C:\\Users\\amiri\\FavoritePart\\supabase\\migrations\\fix_trigger.sql"
2026-01-19T01:26:45.148432Z  INFO scan_sources: tailwindcss_oxide::scanner: Discovering "C:\\Users\\amiri\\FavoritePart\\supabase\\migrations\\fix_trigger_final.sql"
2026-01-19T01:26:45.148513Z  INFO scan_sources: tailwindcss_oxide::scanner: Discovering "C:\\Users\\amiri\\FavoritePart\\supabase\\migrations\\force_fix_auth.sql"
2026-01-19T01:26:45.148626Z  INFO scan_sources: tailwindcss_oxide::scanner: Discovering "C:\\Users\\amiri\\FavoritePart\\supabase\\migrations\\revert_username_trigger.sql"
2026-01-19T01:26:45.148732Z  INFO scan_sources: tailwindcss_oxide::scanner: Discovering "C:\\Users\\amiri\\FavoritePart\\supabase\\schema.sql"
2026-01-19T01:26:45.148811Z  INFO scan_sources: tailwindcss_oxide::scanner: Discovering "C:\\Users\\amiri\\FavoritePart\\supabase\\schema_notes.sql"
2026-01-19T01:26:45.148978Z  INFO scan_sources: tailwindcss_oxide::scanner: Discovering "C:\\Users\\amiri\\FavoritePart\\tsconfig.json"
2026-01-19T01:26:45.149069Z  INFO scan_sources: tailwindcss_oxide::scanner: Discovering "C:\\Users\\amiri\\FavoritePart\\walkthrough.md"
2026-01-19T01:26:45.149206Z  INFO scan_sources: tailwindcss_oxide::scanner: exit
2026-01-19T01:26:45.149222Z  INFO extract_candidates: tailwindcss_oxide::scanner: enter
2026-01-19T01:26:45.149232Z  INFO extract_candidates:read_all_files: tailwindcss_oxide::scanner: enter
2026-01-19T01:26:45.149238Z  INFO extract_candidates:read_all_files: tailwindcss_oxide::scanner: Reading 120 file(s)
2026-01-19T01:26:45.149783Z  INFO tailwindcss_oxide::scanner: Reading "C:\\Users\\amiri\\FavoritePart\\scripts\\check_moment.js"
2026-01-19T01:26:45.149781Z  INFO tailwindcss_oxide::scanner: Reading "C:\\Users\\amiri\\FavoritePart\\app\\actions\\moments.ts"
2026-01-19T01:26:45.149828Z  INFO tailwindcss_oxide::scanner: Reading "C:\\Users\\amiri\\FavoritePart\\src\\components\\TrackCard.tsx"
2026-01-19T01:26:45.149842Z  INFO tailwindcss_oxide::scanner: Reading "C:\\Users\\amiri\\FavoritePart\\docs\\ROADMAP.md"
2026-01-19T01:26:45.149862Z  INFO tailwindcss_oxide::scanner: Reading "C:\\Users\\amiri\\FavoritePart\\scripts\\test_aggregation.ts"
2026-01-19T01:26:45.149864Z  INFO tailwindcss_oxide::scanner: Reading "C:\\Users\\amiri\\FavoritePart\\app\\profile\\page.tsx"
2026-01-19T01:26:45.149844Z  INFO tailwindcss_oxide::scanner: Reading "C:\\Users\\amiri\\FavoritePart\\scripts\\check_secret.js"
2026-01-19T01:26:45.149927Z  INFO tailwindcss_oxide::scanner: Reading "C:\\Users\\amiri\\FavoritePart\\src\\context\\AuthContext.tsx"
2026-01-19T01:26:45.149845Z  INFO tailwindcss_oxide::scanner: Reading "C:\\Users\\amiri\\FavoritePart\\app\\api\\admin\\check-orphans\\route.ts"
2026-01-19T01:26:45.149933Z  INFO tailwindcss_oxide::scanner: Reading "C:\\Users\\amiri\\FavoritePart\\src\\components\\MomentGroup.tsx"
2026-01-19T01:26:45.149950Z  INFO tailwindcss_oxide::scanner: Reading "C:\\Users\\amiri\\FavoritePart\\docs\\ROADMAP_REVERSE.md"
2026-01-19T01:26:45.149993Z  INFO tailwindcss_oxide::scanner: Reading "C:\\Users\\amiri\\FavoritePart\\app\\api\\admin\\fix-durations\\route.ts"
2026-01-19T01:26:45.149995Z  INFO tailwindcss_oxide::scanner: Reading "C:\\Users\\amiri\\FavoritePart\\scripts\\deploy_db.js"
2026-01-19T01:26:45.150003Z  INFO tailwindcss_oxide::scanner: Reading "C:\\Users\\amiri\\FavoritePart\\scripts\\verify_db.js"
2026-01-19T01:26:45.150014Z  INFO tailwindcss_oxide::scanner: Reading "C:\\Users\\amiri\\FavoritePart\\src\\context\\FilterContext.tsx"
2026-01-19T01:26:45.150002Z  INFO tailwindcss_oxide::scanner: Reading "C:\\Users\\amiri\\FavoritePart\\scripts\\verify_sqlite.js"
2026-01-19T01:26:45.150043Z  INFO tailwindcss_oxide::scanner: Reading "C:\\Users\\amiri\\FavoritePart\\app\\room\\[id]\\page.tsx"
2026-01-19T01:26:45.150053Z  INFO tailwindcss_oxide::scanner: Reading "C:\\Users\\amiri\\FavoritePart\\scripts\\fix_broken_durations.ts"
2026-01-19T01:26:45.150055Z  INFO tailwindcss_oxide::scanner: Reading "C:\\Users\\amiri\\FavoritePart\\scripts\\debug-plaza.ts"
2026-01-19T01:26:45.150064Z  INFO tailwindcss_oxide::scanner: Reading "C:\\Users\\amiri\\FavoritePart\\src\\components\\MomentTimeline.tsx"
2026-01-19T01:26:45.150064Z  INFO tailwindcss_oxide::scanner: Reading "C:\\Users\\amiri\\FavoritePart\\app\\api\\admin\\fix-orphans\\route.ts"
2026-01-19T01:26:45.150099Z  INFO tailwindcss_oxide::scanner: Reading "C:\\Users\\amiri\\FavoritePart\\scripts\\verify_schema_fields.ts"
2026-01-19T01:26:45.150102Z  INFO tailwindcss_oxide::scanner: Reading "C:\\Users\\amiri\\FavoritePart\\scripts\\migrate-legacy-moments.js"
2026-01-19T01:26:45.150120Z  INFO tailwindcss_oxide::scanner: Reading "C:\\Users\\amiri\\FavoritePart\\src\\components\\ArtistCard.tsx"
2026-01-19T01:26:45.150136Z  INFO tailwindcss_oxide::scanner: Reading "C:\\Users\\amiri\\FavoritePart\\app\\api\\admin\\test-insert\\route.ts"
2026-01-19T01:26:45.150137Z  INFO tailwindcss_oxide::scanner: Reading "C:\\Users\\amiri\\FavoritePart\\build-log.txt"
2026-01-19T01:26:45.150158Z  INFO tailwindcss_oxide::scanner: Reading "C:\\Users\\amiri\\FavoritePart\\docs\\CHAPTERS_UX_IMPACT.md"
2026-01-19T01:26:45.150170Z  INFO tailwindcss_oxide::scanner: Reading "C:\\Users\\amiri\\FavoritePart\\scripts\\migrate-legacy-moments.ts"
2026-01-19T01:26:45.150179Z  INFO tailwindcss_oxide::scanner: Reading "C:\\Users\\amiri\\FavoritePart\\app\\api\\metadata\\route.ts"
2026-01-19T01:26:45.150185Z  INFO tailwindcss_oxide::scanner: Reading "C:\\Users\\amiri\\FavoritePart\\data\\moments.json"
2026-01-19T01:26:45.150196Z  INFO tailwindcss_oxide::scanner: Reading "C:\\Users\\amiri\\FavoritePart\\src\\components\\Navbar.tsx"
2026-01-19T01:26:45.150203Z  INFO tailwindcss_oxide::scanner: Reading "C:\\Users\\amiri\\FavoritePart\\src\\components\\icons\\MyMomentIcon.tsx"
2026-01-19T01:26:45.150203Z  INFO tailwindcss_oxide::scanner: Reading "C:\\Users\\amiri\\FavoritePart\\src\\hooks\\usePlaybackGuard.ts"
2026-01-19T01:26:45.150206Z  INFO tailwindcss_oxide::scanner: Reading "C:\\Users\\amiri\\FavoritePart\\src\\components\\RelatedStrip.tsx"
2026-01-19T01:26:45.150064Z  INFO tailwindcss_oxide::scanner: Reading "C:\\Users\\amiri\\FavoritePart\\scripts\\debug_moments.ts"
2026-01-19T01:26:45.150289Z  INFO tailwindcss_oxide::scanner: Reading "C:\\Users\\amiri\\FavoritePart\\scripts\\test-metadata.ts"
2026-01-19T01:26:45.150285Z  INFO tailwindcss_oxide::scanner: Reading "C:\\Users\\amiri\\FavoritePart\\src\\components\\PlayerTimeline.tsx"
2026-01-19T01:26:45.150297Z  INFO tailwindcss_oxide::scanner: Reading "C:\\Users\\amiri\\FavoritePart\\debug_results.txt"
2026-01-19T01:26:45.150231Z  INFO tailwindcss_oxide::scanner: Reading "C:\\Users\\amiri\\FavoritePart\\debug_output.txt"
2026-01-19T01:26:45.150370Z  INFO tailwindcss_oxide::scanner: Reading "C:\\Users\\amiri\\FavoritePart\\src\\hooks\\useSoundEffects.ts"
2026-01-19T01:26:45.150250Z  INFO tailwindcss_oxide::scanner: Reading "C:\\Users\\amiri\\FavoritePart\\docs\\DICTIONARY.md"
2026-01-19T01:26:45.150391Z  INFO tailwindcss_oxide::scanner: Reading "C:\\Users\\amiri\\FavoritePart\\docs\\AUTH_DEBUGGING_LESSONS.md"
2026-01-19T01:26:45.150305Z  INFO tailwindcss_oxide::scanner: Reading "C:\\Users\\amiri\\FavoritePart\\src\\components\\SettingsSidebar.tsx"
2026-01-19T01:26:45.150318Z  INFO tailwindcss_oxide::scanner: Reading "C:\\Users\\amiri\\FavoritePart\\docs\\TECH_SPEC.md"
2026-01-19T01:26:45.150327Z  INFO tailwindcss_oxide::scanner: Reading "C:\\Users\\amiri\\FavoritePart\\src\\components\\MomentCard.tsx"
2026-01-19T01:26:45.150332Z  INFO tailwindcss_oxide::scanner: Reading "C:\\Users\\amiri\\FavoritePart\\scripts\\test-register.js"
2026-01-19T01:26:45.150484Z  INFO tailwindcss_oxide::scanner: Reading "C:\\Users\\amiri\\FavoritePart\\docs\\METADATA_UI_PLACEMENT.md"
2026-01-19T01:26:45.150480Z  INFO tailwindcss_oxide::scanner: Reading "C:\\Users\\amiri\\FavoritePart\\app\\api\\moments\\[id]\\route.ts"
2026-01-19T01:26:45.150505Z  INFO tailwindcss_oxide::scanner: Reading "C:\\Users\\amiri\\FavoritePart\\src\\lib\\validation.ts"
2026-01-19T01:26:45.150522Z  INFO tailwindcss_oxide::scanner: Reading "C:\\Users\\amiri\\FavoritePart\\scripts\\test-spotify.ts"
2026-01-19T01:26:45.150527Z  INFO tailwindcss_oxide::scanner: Reading "C:\\Users\\amiri\\FavoritePart\\docs\\PROFILE_USERNAME_ISSUE.md"
2026-01-19T01:26:45.150542Z  INFO tailwindcss_oxide::scanner: Reading "C:\\Users\\amiri\\FavoritePart\\supabase\\migrations\\fix_trigger.sql"
2026-01-19T01:26:45.150560Z  INFO tailwindcss_oxide::scanner: Reading "C:\\Users\\amiri\\FavoritePart\\src\\components\\SongCard.tsx"
2026-01-19T01:26:45.150570Z  INFO tailwindcss_oxide::scanner: Reading "C:\\Users\\amiri\\FavoritePart\\scripts\\test-youtube.js"
2026-01-19T01:26:45.150577Z  INFO tailwindcss_oxide::scanner: Reading "C:\\Users\\amiri\\FavoritePart\\docs\\Timeline_Feature_Reference.md"
2026-01-19T01:26:45.150326Z  INFO tailwindcss_oxide::scanner: Reading "C:\\Users\\amiri\\FavoritePart\\docs\\Moment_Capture_Logic.md"
2026-01-19T01:26:45.150598Z  INFO tailwindcss_oxide::scanner: Reading "C:\\Users\\amiri\\FavoritePart\\supabase\\migrations\\fix_trigger_final.sql"
2026-01-19T01:26:45.150606Z  INFO tailwindcss_oxide::scanner: Reading "C:\\Users\\amiri\\FavoritePart\\app\\api\\tracks\\update-duration\\route.ts"
2026-01-19T01:26:45.150613Z  INFO tailwindcss_oxide::scanner: Reading "C:\\Users\\amiri\\FavoritePart\\src\\lib\\youtube.ts"
2026-01-19T01:26:45.150617Z  INFO tailwindcss_oxide::scanner: Reading "C:\\Users\\amiri\\FavoritePart\\supabase\\schema.sql"
2026-01-19T01:26:45.150403Z  INFO tailwindcss_oxide::scanner: Reading "C:\\Users\\amiri\\FavoritePart\\src\\lib\\canonical.ts"
2026-01-19T01:26:45.150608Z  INFO tailwindcss_oxide::scanner: Reading "C:\\Users\\amiri\\FavoritePart\\docs\\MINI_TIMELINE_ISSUE.md"
2026-01-19T01:26:45.150638Z  INFO tailwindcss_oxide::scanner: Reading "C:\\Users\\amiri\\FavoritePart\\docs\\North_Start.md"
2026-01-19T01:26:45.150643Z  INFO tailwindcss_oxide::scanner: Reading "C:\\Users\\amiri\\FavoritePart\\supabase\\migrations\\force_fix_auth.sql"
2026-01-19T01:26:45.150634Z  INFO tailwindcss_oxide::scanner: Reading "C:\\Users\\amiri\\FavoritePart\\src\\lib\\metadata.ts"
2026-01-19T01:26:45.150656Z  INFO tailwindcss_oxide::scanner: Reading "C:\\Users\\amiri\\FavoritePart\\docs\\YOUTUBE_API_CAPABILITIES.md"
2026-01-19T01:26:45.150667Z  INFO tailwindcss_oxide::scanner: Reading "C:\\Users\\amiri\\FavoritePart\\supabase\\schema_notes.sql"
2026-01-19T01:26:45.150666Z  INFO tailwindcss_oxide::scanner: Reading "C:\\Users\\amiri\\FavoritePart\\src\\components\\ThreadComment.tsx"
2026-01-19T01:26:45.150517Z  INFO tailwindcss_oxide::scanner: Reading "C:\\Users\\amiri\\FavoritePart\\docs\\ONE_PAGER.md"
2026-01-19T01:26:45.150693Z  INFO tailwindcss_oxide::scanner: Reading "C:\\Users\\amiri\\FavoritePart\\supabase\\migrations\\revert_username_trigger.sql"
2026-01-19T01:26:45.150230Z  INFO tailwindcss_oxide::scanner: Reading "C:\\Users\\amiri\\FavoritePart\\app\\api\\moments\\route.ts"
2026-01-19T01:26:45.150354Z  INFO tailwindcss_oxide::scanner: Reading "C:\\Users\\amiri\\FavoritePart\\scripts\\debug_prisma_client.ts"
2026-01-19T01:26:45.150709Z  INFO tailwindcss_oxide::scanner: Reading "C:\\Users\\amiri\\FavoritePart\\tsconfig.json"
2026-01-19T01:26:45.150719Z  INFO tailwindcss_oxide::scanner: Reading "C:\\Users\\amiri\\FavoritePart\\scripts\\debug_signup_schema.ts"
2026-01-19T01:26:45.150693Z  INFO tailwindcss_oxide::scanner: Reading "C:\\Users\\amiri\\FavoritePart\\src\\lib\\chapters.ts"
2026-01-19T01:26:45.150708Z  INFO tailwindcss_oxide::scanner: Reading "C:\\Users\\amiri\\FavoritePart\\app\\explore\\actions.ts"
2026-01-19T01:26:45.150741Z  INFO tailwindcss_oxide::scanner: Reading "C:\\Users\\amiri\\FavoritePart\\eslint.config.mjs"
2026-01-19T01:26:45.150749Z  INFO tailwindcss_oxide::scanner: Reading "C:\\Users\\amiri\\FavoritePart\\app\\explore\\layout.tsx"
2026-01-19T01:26:45.150755Z  INFO tailwindcss_oxide::scanner: Reading "C:\\Users\\amiri\\FavoritePart\\walkthrough.md"
2026-01-19T01:26:45.150764Z  INFO tailwindcss_oxide::scanner: Reading "C:\\Users\\amiri\\FavoritePart\\app\\login\\page.tsx"
2026-01-19T01:26:45.150771Z  INFO tailwindcss_oxide::scanner: Reading "C:\\Users\\amiri\\FavoritePart\\app\\layout.tsx"
2026-01-19T01:26:45.150625Z  INFO tailwindcss_oxide::scanner: Reading "C:\\Users\\amiri\\FavoritePart\\app\\explore\\page.tsx"
2026-01-19T01:26:45.150792Z  INFO tailwindcss_oxide::scanner: Reading "C:\\Users\\amiri\\FavoritePart\\public\\globe.svg"
2026-01-19T01:26:45.150740Z  INFO tailwindcss_oxide::scanner: Reading "C:\\Users\\amiri\\FavoritePart\\src\\types\\supabase.ts"
2026-01-19T01:26:45.150810Z  INFO tailwindcss_oxide::scanner: Reading "C:\\Users\\amiri\\FavoritePart\\src\\types\\index.ts"
2026-01-19T01:26:45.150826Z  INFO tailwindcss_oxide::scanner: Reading "C:\\Users\\amiri\\FavoritePart\\public\\vercel.svg"
2026-01-19T01:26:45.150835Z  INFO tailwindcss_oxide::scanner: Reading "C:\\Users\\amiri\\FavoritePart\\scripts\\check_artists.js"
2026-01-19T01:26:45.150834Z  INFO tailwindcss_oxide::scanner: Reading "C:\\Users\\amiri\\FavoritePart\\src\\lib\\sanitize.ts"
2026-01-19T01:26:45.150755Z  INFO tailwindcss_oxide::scanner: Reading "C:\\Users\\amiri\\FavoritePart\\src\\lib\\related.ts"
2026-01-19T01:26:45.150843Z  INFO tailwindcss_oxide::scanner: Reading "C:\\Users\\amiri\\FavoritePart\\src\\lib\\supabase\\client.ts"
2026-01-19T01:26:45.150835Z  INFO tailwindcss_oxide::scanner: Reading "C:\\Users\\amiri\\FavoritePart\\implementation_plan.md"
2026-01-19T01:26:45.150841Z  INFO tailwindcss_oxide::scanner: Reading "C:\\Users\\amiri\\FavoritePart\\scripts\\backfill_savedby.ts"
2026-01-19T01:26:45.150843Z  INFO tailwindcss_oxide::scanner: Reading "C:\\Users\\amiri\\FavoritePart\\app\\page.tsx"
2026-01-19T01:26:45.150766Z  INFO tailwindcss_oxide::scanner: Reading "C:\\Users\\amiri\\FavoritePart\\scripts\\debug_tables.ts"
2026-01-19T01:26:45.150834Z  INFO tailwindcss_oxide::scanner: Reading "C:\\Users\\amiri\\FavoritePart\\public\\next.svg"
2026-01-19T01:26:45.150726Z  INFO tailwindcss_oxide::scanner: Reading "C:\\Users\\amiri\\FavoritePart\\prisma\\migrations\\migration_lock.toml"
2026-01-19T01:26:45.150920Z  INFO tailwindcss_oxide::scanner: Reading "C:\\Users\\amiri\\FavoritePart\\scripts\\check-duplicates.ts"
2026-01-19T01:26:45.150901Z  INFO tailwindcss_oxide::scanner: Reading "C:\\Users\\amiri\\FavoritePart\\src\\lib\\storage.ts"
2026-01-19T01:26:45.150915Z  INFO tailwindcss_oxide::scanner: Reading "C:\\Users\\amiri\\FavoritePart\\src\\lib\\supabase\\server.ts"
2026-01-19T01:26:45.150963Z  INFO tailwindcss_oxide::scanner: Reading "C:\\Users\\amiri\\FavoritePart\\public\\file.svg"
2026-01-19T01:26:45.150908Z  INFO tailwindcss_oxide::scanner: Reading "C:\\Users\\amiri\\FavoritePart\\public\\window.svg"
2026-01-19T01:26:45.150977Z  INFO tailwindcss_oxide::scanner: Reading "C:\\Users\\amiri\\FavoritePart\\src\\lib\\timestamp.test.ts"
2026-01-19T01:26:45.150986Z  INFO tailwindcss_oxide::scanner: Reading "C:\\Users\\amiri\\FavoritePart\\supabase\\migrations\\add_username_support.sql"
2026-01-19T01:26:45.150994Z  INFO tailwindcss_oxide::scanner: Reading "C:\\Users\\amiri\\FavoritePart\\postcss.config.mjs"
2026-01-19T01:26:45.150998Z  INFO tailwindcss_oxide::scanner: Reading "C:\\Users\\amiri\\FavoritePart\\supabase\\migrations\\20251229_add_track_duration_to_moments.sql"
2026-01-19T01:26:45.150770Z  INFO tailwindcss_oxide::scanner: Reading "C:\\Users\\amiri\\FavoritePart\\public_schema_dump.sql"
2026-01-19T01:26:45.151029Z  INFO tailwindcss_oxide::scanner: Reading "C:\\Users\\amiri\\FavoritePart\\prisma\\migrations\\20251128170036_init_with_seconds_and_service\\migration.sql"
2026-01-19T01:26:45.150890Z  INFO tailwindcss_oxide::scanner: Reading "C:\\Users\\amiri\\FavoritePart\\scripts\\check_durations.js"
2026-01-19T01:26:45.150922Z  INFO tailwindcss_oxide::scanner: Reading "C:\\Users\\amiri\\FavoritePart\\README.md"
2026-01-19T01:26:45.150913Z  INFO tailwindcss_oxide::scanner: Reading "C:\\Users\\amiri\\FavoritePart\\scripts\\backfill_artists.js"
2026-01-19T01:26:45.150953Z  INFO tailwindcss_oxide::scanner: Reading "C:\\Users\\amiri\\FavoritePart\\prisma\\schema.prisma"
2026-01-19T01:26:45.150968Z  INFO tailwindcss_oxide::scanner: Reading "C:\\Users\\amiri\\FavoritePart\\scripts\\backfill_canonical.ts"
2026-01-19T01:26:45.150866Z  INFO tailwindcss_oxide::scanner: Reading "C:\\Users\\amiri\\FavoritePart\\supabase\\migrations\\20251226_flatten_hierarchy.sql"
2026-01-19T01:26:45.150997Z  INFO tailwindcss_oxide::scanner: Reading "C:\\Users\\amiri\\FavoritePart\\lint_output.txt"
2026-01-19T01:26:45.151013Z  INFO tailwindcss_oxide::scanner: Reading "C:\\Users\\amiri\\FavoritePart\\src\\lib\\trackSource.ts"
2026-01-19T01:26:45.151175Z  INFO tailwindcss_oxide::scanner: Reading "C:\\Users\\amiri\\FavoritePart\\lint_output_2.txt"
2026-01-19T01:26:45.151032Z  INFO tailwindcss_oxide::scanner: Reading "C:\\Users\\amiri\\FavoritePart\\next.config.ts"
2026-01-19T01:26:45.151056Z  INFO tailwindcss_oxide::scanner: Reading "C:\\Users\\amiri\\FavoritePart\\package.json"
2026-01-19T01:26:45.151059Z  INFO tailwindcss_oxide::scanner: Reading "C:\\Users\\amiri\\FavoritePart\\middleware.ts"
2026-01-19T01:26:45.151079Z  INFO tailwindcss_oxide::scanner: Reading "C:\\Users\\amiri\\FavoritePart\\migration_error.txt"
2026-01-19T01:26:45.151314Z  INFO extract_candidates:read_all_files: tailwindcss_oxide::scanner: exit
2026-01-19T01:26:45.151331Z  INFO extract_candidates:parse_all_blobs: tailwindcss_oxide::scanner: enter
2026-01-19T01:26:45.151338Z  INFO extract_candidates:parse_all_blobs:extract: tailwindcss_oxide::scanner: enter
2026-01-19T01:26:45.154255Z  INFO extract_candidates:parse_all_blobs:extract: tailwindcss_oxide::scanner: exit
2026-01-19T01:26:45.154599Z  INFO extract_candidates:parse_all_blobs: tailwindcss_oxide::scanner: exit
2026-01-19T01:26:45.154617Z  INFO extract_candidates:read_all_files: tailwindcss_oxide::scanner: enter
2026-01-19T01:26:45.154620Z  INFO extract_candidates:read_all_files: tailwindcss_oxide::scanner: Reading 1 file(s)
2026-01-19T01:26:45.154726Z  INFO extract_candidates:read_all_files: tailwindcss_oxide::scanner: Reading "C:\\Users\\amiri\\FavoritePart\\app\\globals.css"
2026-01-19T01:26:45.154733Z  INFO extract_candidates:read_all_files: tailwindcss_oxide::scanner: exit
2026-01-19T01:26:45.154740Z  INFO extract_candidates:extract_css_variables: tailwindcss_oxide::scanner: enter
2026-01-19T01:26:45.154744Z  INFO extract_candidates:extract_css_variables:extract: tailwindcss_oxide::scanner: enter
2026-01-19T01:26:45.154874Z  INFO extract_candidates:extract_css_variables:extract: tailwindcss_oxide::scanner: exit
2026-01-19T01:26:45.154897Z  INFO extract_candidates:extract_css_variables: tailwindcss_oxide::scanner: exit
2026-01-19T01:26:45.155537Z  INFO extract_candidates: tailwindcss_oxide::scanner: exit
2026-01-19T01:26:45.156764Z  INFO get_files: tailwindcss_oxide::scanner: enter
2026-01-19T01:26:45.156794Z  INFO get_files:scan_sources: tailwindcss_oxide::scanner: enter
2026-01-19T01:26:45.158691Z  INFO get_files:scan_sources: tailwindcss_oxide::scanner: Discovering "C:\\Users\\amiri\\FavoritePart\\app"
2026-01-19T01:26:45.158982Z  INFO get_files:scan_sources: tailwindcss_oxide::scanner: Discovering "C:\\Users\\amiri\\FavoritePart\\app\\actions"
2026-01-19T01:26:45.159319Z  INFO get_files:scan_sources: tailwindcss_oxide::scanner: Discovering "C:\\Users\\amiri\\FavoritePart\\app\\api"
2026-01-19T01:26:45.159558Z  INFO get_files:scan_sources: tailwindcss_oxide::scanner: Discovering "C:\\Users\\amiri\\FavoritePart\\app\\api\\admin"
2026-01-19T01:26:45.159771Z  INFO get_files:scan_sources: tailwindcss_oxide::scanner: Discovering "C:\\Users\\amiri\\FavoritePart\\app\\api\\admin\\check-orphans"
2026-01-19T01:26:45.160110Z  INFO get_files:scan_sources: tailwindcss_oxide::scanner: Discovering "C:\\Users\\amiri\\FavoritePart\\app\\api\\admin\\fix-durations"
2026-01-19T01:26:45.160401Z  INFO get_files:scan_sources: tailwindcss_oxide::scanner: Discovering "C:\\Users\\amiri\\FavoritePart\\app\\api\\admin\\fix-orphans"
2026-01-19T01:26:45.160673Z  INFO get_files:scan_sources: tailwindcss_oxide::scanner: Discovering "C:\\Users\\amiri\\FavoritePart\\app\\api\\admin\\test-insert"
2026-01-19T01:26:45.160960Z  INFO get_files:scan_sources: tailwindcss_oxide::scanner: Discovering "C:\\Users\\amiri\\FavoritePart\\app\\api\\metadata"
2026-01-19T01:26:45.161214Z  INFO get_files:scan_sources: tailwindcss_oxide::scanner: Discovering "C:\\Users\\amiri\\FavoritePart\\app\\api\\moments"
2026-01-19T01:26:45.161481Z  INFO get_files:scan_sources: tailwindcss_oxide::scanner: Discovering "C:\\Users\\amiri\\FavoritePart\\app\\api\\moments\\[id]"
2026-01-19T01:26:45.161766Z  INFO get_files:scan_sources: tailwindcss_oxide::scanner: Discovering "C:\\Users\\amiri\\FavoritePart\\app\\api\\tracks"
2026-01-19T01:26:45.161969Z  INFO get_files:scan_sources: tailwindcss_oxide::scanner: Discovering "C:\\Users\\amiri\\FavoritePart\\app\\api\\tracks\\update-duration"
2026-01-19T01:26:45.162287Z  INFO get_files:scan_sources: tailwindcss_oxide::scanner: Discovering "C:\\Users\\amiri\\FavoritePart\\app\\explore"
2026-01-19T01:26:45.162753Z  INFO get_files:scan_sources: tailwindcss_oxide::scanner: Discovering "C:\\Users\\amiri\\FavoritePart\\app\\login"
2026-01-19T01:26:45.163071Z  INFO get_files:scan_sources: tailwindcss_oxide::scanner: Discovering "C:\\Users\\amiri\\FavoritePart\\app\\profile"
2026-01-19T01:26:45.163328Z  INFO get_files:scan_sources: tailwindcss_oxide::scanner: Discovering "C:\\Users\\amiri\\FavoritePart\\app\\room"
2026-01-19T01:26:45.163528Z  INFO get_files:scan_sources: tailwindcss_oxide::scanner: Discovering "C:\\Users\\amiri\\FavoritePart\\app\\room\\[id]"
2026-01-19T01:26:45.163887Z  INFO get_files:scan_sources: tailwindcss_oxide::scanner: Discovering "C:\\Users\\amiri\\FavoritePart\\data"
2026-01-19T01:26:45.164239Z  INFO get_files:scan_sources: tailwindcss_oxide::scanner: Discovering "C:\\Users\\amiri\\FavoritePart\\docs"
2026-01-19T01:26:45.165139Z  INFO get_files:scan_sources: tailwindcss_oxide::scanner: Discovering "C:\\Users\\amiri\\FavoritePart\\lib"
2026-01-19T01:26:45.165894Z  INFO get_files:scan_sources: tailwindcss_oxide::scanner: Discovering "C:\\Users\\amiri\\FavoritePart\\prisma"
2026-01-19T01:26:45.166104Z  INFO get_files:scan_sources: tailwindcss_oxide::scanner: Discovering "C:\\Users\\amiri\\FavoritePart\\prisma\\migrations"
2026-01-19T01:26:45.166311Z  INFO get_files:scan_sources: tailwindcss_oxide::scanner: Discovering "C:\\Users\\amiri\\FavoritePart\\prisma\\migrations\\20251128170036_init_with_seconds_and_service"
2026-01-19T01:26:45.166759Z  INFO get_files:scan_sources: tailwindcss_oxide::scanner: Discovering "C:\\Users\\amiri\\FavoritePart\\public"
2026-01-19T01:26:45.167064Z  INFO get_files:scan_sources: tailwindcss_oxide::scanner: Discovering "C:\\Users\\amiri\\FavoritePart\\public\\images"
2026-01-19T01:26:45.167212Z  INFO get_files:scan_sources: tailwindcss_oxide::scanner: Discovering "C:\\Users\\amiri\\FavoritePart\\public\\sounds"
2026-01-19T01:26:45.167419Z  INFO get_files:scan_sources: tailwindcss_oxide::scanner: Discovering "C:\\Users\\amiri\\FavoritePart\\scripts"
2026-01-19T01:26:45.168002Z  INFO get_files:scan_sources: tailwindcss_oxide::scanner: Discovering "C:\\Users\\amiri\\FavoritePart\\src"
2026-01-19T01:26:45.168090Z  INFO get_files:scan_sources: tailwindcss_oxide::scanner: Discovering "C:\\Users\\amiri\\FavoritePart\\src\\components"
2026-01-19T01:26:45.168194Z  INFO get_files:scan_sources: tailwindcss_oxide::scanner: Discovering "C:\\Users\\amiri\\FavoritePart\\src\\components\\debug"
2026-01-19T01:26:45.168286Z  INFO get_files:scan_sources: tailwindcss_oxide::scanner: Discovering "C:\\Users\\amiri\\FavoritePart\\src\\components\\icons"
2026-01-19T01:26:45.168605Z  INFO get_files:scan_sources: tailwindcss_oxide::scanner: Discovering "C:\\Users\\amiri\\FavoritePart\\src\\context"
2026-01-19T01:26:45.169005Z  INFO get_files:scan_sources: tailwindcss_oxide::scanner: Discovering "C:\\Users\\amiri\\FavoritePart\\src\\hooks"
2026-01-19T01:26:45.169356Z  INFO get_files:scan_sources: tailwindcss_oxide::scanner: Discovering "C:\\Users\\amiri\\FavoritePart\\src\\lib"
2026-01-19T01:26:45.169817Z  INFO get_files:scan_sources: tailwindcss_oxide::scanner: Discovering "C:\\Users\\amiri\\FavoritePart\\src\\lib\\supabase"
2026-01-19T01:26:45.170320Z  INFO get_files:scan_sources: tailwindcss_oxide::scanner: Discovering "C:\\Users\\amiri\\FavoritePart\\src\\types"
2026-01-19T01:26:45.170664Z  INFO get_files:scan_sources: tailwindcss_oxide::scanner: Discovering "C:\\Users\\amiri\\FavoritePart\\supabase"
2026-01-19T01:26:45.170899Z  INFO get_files:scan_sources: tailwindcss_oxide::scanner: Discovering "C:\\Users\\amiri\\FavoritePart\\supabase\\migrations"
2026-01-19T01:26:45.171311Z  INFO get_files:scan_sources: tailwindcss_oxide::scanner: exit
2026-01-19T01:26:45.171491Z  INFO get_files: tailwindcss_oxide::scanner: exit
2026-01-19T01:26:45.172499Z  INFO get_globs: tailwindcss_oxide::scanner: enter
2026-01-19T01:26:45.172529Z  INFO get_globs:scan_sources: tailwindcss_oxide::scanner: enter
2026-01-19T01:26:45.174382Z  INFO get_globs:scan_sources: tailwindcss_oxide::scanner: Discovering "C:\\Users\\amiri\\FavoritePart\\app"
2026-01-19T01:26:45.174623Z  INFO get_globs:scan_sources: tailwindcss_oxide::scanner: Discovering "C:\\Users\\amiri\\FavoritePart\\app\\actions"
2026-01-19T01:26:45.174925Z  INFO get_globs:scan_sources: tailwindcss_oxide::scanner: Discovering "C:\\Users\\amiri\\FavoritePart\\app\\api"
2026-01-19T01:26:45.175138Z  INFO get_globs:scan_sources: tailwindcss_oxide::scanner: Discovering "C:\\Users\\amiri\\FavoritePart\\app\\api\\admin"
2026-01-19T01:26:45.175512Z  INFO get_globs:scan_sources: tailwindcss_oxide::scanner: Discovering "C:\\Users\\amiri\\FavoritePart\\app\\api\\admin\\check-orphans"
2026-01-19T01:26:45.175890Z  INFO get_globs:scan_sources: tailwindcss_oxide::scanner: Discovering "C:\\Users\\amiri\\FavoritePart\\app\\api\\admin\\fix-durations"
2026-01-19T01:26:45.176193Z  INFO get_globs:scan_sources: tailwindcss_oxide::scanner: Discovering "C:\\Users\\amiri\\FavoritePart\\app\\api\\admin\\fix-orphans"
2026-01-19T01:26:45.176508Z  INFO get_globs:scan_sources: tailwindcss_oxide::scanner: Discovering "C:\\Users\\amiri\\FavoritePart\\app\\api\\admin\\test-insert"
2026-01-19T01:26:45.176818Z  INFO get_globs:scan_sources: tailwindcss_oxide::scanner: Discovering "C:\\Users\\amiri\\FavoritePart\\app\\api\\metadata"
2026-01-19T01:26:45.177099Z  INFO get_globs:scan_sources: tailwindcss_oxide::scanner: Discovering "C:\\Users\\amiri\\FavoritePart\\app\\api\\moments"
2026-01-19T01:26:45.177339Z  INFO get_globs:scan_sources: tailwindcss_oxide::scanner: Discovering "C:\\Users\\amiri\\FavoritePart\\app\\api\\moments\\[id]"
2026-01-19T01:26:45.177654Z  INFO get_globs:scan_sources: tailwindcss_oxide::scanner: Discovering "C:\\Users\\amiri\\FavoritePart\\app\\api\\tracks"
2026-01-19T01:26:45.177843Z  INFO get_globs:scan_sources: tailwindcss_oxide::scanner: Discovering "C:\\Users\\amiri\\FavoritePart\\app\\api\\tracks\\update-duration"
2026-01-19T01:26:45.178157Z  INFO get_globs:scan_sources: tailwindcss_oxide::scanner: Discovering "C:\\Users\\amiri\\FavoritePart\\app\\explore"
2026-01-19T01:26:45.178593Z  INFO get_globs:scan_sources: tailwindcss_oxide::scanner: Discovering "C:\\Users\\amiri\\FavoritePart\\app\\login"
2026-01-19T01:26:45.178891Z  INFO get_globs:scan_sources: tailwindcss_oxide::scanner: Discovering "C:\\Users\\amiri\\FavoritePart\\app\\profile"
2026-01-19T01:26:45.179157Z  INFO get_globs:scan_sources: tailwindcss_oxide::scanner: Discovering "C:\\Users\\amiri\\FavoritePart\\app\\room"
2026-01-19T01:26:45.179348Z  INFO get_globs:scan_sources: tailwindcss_oxide::scanner: Discovering "C:\\Users\\amiri\\FavoritePart\\app\\room\\[id]"
2026-01-19T01:26:45.179713Z  INFO get_globs:scan_sources: tailwindcss_oxide::scanner: Discovering "C:\\Users\\amiri\\FavoritePart\\data"
2026-01-19T01:26:45.180069Z  INFO get_globs:scan_sources: tailwindcss_oxide::scanner: Discovering "C:\\Users\\amiri\\FavoritePart\\docs"
2026-01-19T01:26:45.180960Z  INFO get_globs:scan_sources: tailwindcss_oxide::scanner: Discovering "C:\\Users\\amiri\\FavoritePart\\lib"
2026-01-19T01:26:45.181723Z  INFO get_globs:scan_sources: tailwindcss_oxide::scanner: Discovering "C:\\Users\\amiri\\FavoritePart\\prisma"
2026-01-19T01:26:45.181919Z  INFO get_globs:scan_sources: tailwindcss_oxide::scanner: Discovering "C:\\Users\\amiri\\FavoritePart\\prisma\\migrations"
2026-01-19T01:26:45.182120Z  INFO get_globs:scan_sources: tailwindcss_oxide::scanner: Discovering "C:\\Users\\amiri\\FavoritePart\\prisma\\migrations\\20251128170036_init_with_seconds_and_service"
2026-01-19T01:26:45.182536Z  INFO get_globs:scan_sources: tailwindcss_oxide::scanner: Discovering "C:\\Users\\amiri\\FavoritePart\\public"
2026-01-19T01:26:45.182816Z  INFO get_globs:scan_sources: tailwindcss_oxide::scanner: Discovering "C:\\Users\\amiri\\FavoritePart\\public\\images"
2026-01-19T01:26:45.183112Z  INFO get_globs:scan_sources: tailwindcss_oxide::scanner: Discovering "C:\\Users\\amiri\\FavoritePart\\public\\sounds"
2026-01-19T01:26:45.183541Z  INFO get_globs:scan_sources: tailwindcss_oxide::scanner: Discovering "C:\\Users\\amiri\\FavoritePart\\scripts"
2026-01-19T01:26:45.184825Z  INFO get_globs:scan_sources: tailwindcss_oxide::scanner: Discovering "C:\\Users\\amiri\\FavoritePart\\src"
2026-01-19T01:26:45.185044Z  INFO get_globs:scan_sources: tailwindcss_oxide::scanner: Discovering "C:\\Users\\amiri\\FavoritePart\\src\\components"
2026-01-19T01:26:45.185290Z  INFO get_globs:scan_sources: tailwindcss_oxide::scanner: Discovering "C:\\Users\\amiri\\FavoritePart\\src\\components\\debug"
2026-01-19T01:26:45.185543Z  INFO get_globs:scan_sources: tailwindcss_oxide::scanner: Discovering "C:\\Users\\amiri\\FavoritePart\\src\\components\\icons"
2026-01-19T01:26:45.186229Z  INFO get_globs:scan_sources: tailwindcss_oxide::scanner: Discovering "C:\\Users\\amiri\\FavoritePart\\src\\context"
2026-01-19T01:26:45.186523Z  INFO get_globs:scan_sources: tailwindcss_oxide::scanner: Discovering "C:\\Users\\amiri\\FavoritePart\\src\\hooks"
2026-01-19T01:26:45.186820Z  INFO get_globs:scan_sources: tailwindcss_oxide::scanner: Discovering "C:\\Users\\amiri\\FavoritePart\\src\\lib"
2026-01-19T01:26:45.187278Z  INFO get_globs:scan_sources: tailwindcss_oxide::scanner: Discovering "C:\\Users\\amiri\\FavoritePart\\src\\lib\\supabase"
2026-01-19T01:26:45.187806Z  INFO get_globs:scan_sources: tailwindcss_oxide::scanner: Discovering "C:\\Users\\amiri\\FavoritePart\\src\\types"
2026-01-19T01:26:45.188174Z  INFO get_globs:scan_sources: tailwindcss_oxide::scanner: Discovering "C:\\Users\\amiri\\FavoritePart\\supabase"
2026-01-19T01:26:45.188401Z  INFO get_globs:scan_sources: tailwindcss_oxide::scanner: Discovering "C:\\Users\\amiri\\FavoritePart\\supabase\\migrations"
2026-01-19T01:26:45.189260Z  INFO get_globs:scan_sources: tailwindcss_oxide::scanner: exit
2026-01-19T01:26:45.202253Z  INFO get_globs: tailwindcss_oxide::scanner: exit
