2026-01-19T01:27:26.478174Z  INFO tailwindcss_oxide::scanner: Provided sources:
2026-01-19T01:27:26.478316Z  INFO tailwindcss_oxide::scanner: Source: PublicSourceEntry { base: "C:\\Users\\amiri\\FavoritePart", pattern: "**/*", negated: false }
2026-01-19T01:27:26.478515Z  INFO tailwindcss_oxide::scanner: Optimized sources:
2026-01-19T01:27:26.478537Z  INFO tailwindcss_oxide::scanner: Source: Auto { base: "C:\\Users\\amiri\\FavoritePart" }
2026-01-19T01:27:26.480139Z  INFO scan_sources: tailwindcss_oxide::scanner: enter
2026-01-19T01:27:26.481209Z  INFO scan_sources: tailwindcss_oxide::scanner: Discovering "C:\\Users\\amiri\\FavoritePart\\app"
2026-01-19T01:27:26.483369Z  INFO scan_sources: tailwindcss_oxide::scanner: Discovering "C:\\Users\\amiri\\FavoritePart\\app\\actions"
2026-01-19T01:27:26.483550Z  INFO scan_sources: tailwindcss_oxide::scanner: Discovering "C:\\Users\\amiri\\FavoritePart\\app\\actions\\moments.ts"
2026-01-19T01:27:26.483705Z  INFO scan_sources: tailwindcss_oxide::scanner: Discovering "C:\\Users\\amiri\\FavoritePart\\app\\api"
2026-01-19T01:27:26.483892Z  INFO scan_sources: tailwindcss_oxide::scanner: Discovering "C:\\Users\\amiri\\FavoritePart\\app\\api\\admin"
2026-01-19T01:27:26.484088Z  INFO scan_sources: tailwindcss_oxide::scanner: Discovering "C:\\Users\\amiri\\FavoritePart\\app\\api\\admin\\check-orphans"
2026-01-19T01:27:26.484239Z  INFO scan_sources: tailwindcss_oxide::scanner: Discovering "C:\\Users\\amiri\\FavoritePart\\app\\api\\admin\\check-orphans\\route.ts"
2026-01-19T01:27:26.484377Z  INFO scan_sources: tailwindcss_oxide::scanner: Discovering "C:\\Users\\amiri\\FavoritePart\\app\\api\\admin\\fix-durations"
2026-01-19T01:27:26.484520Z  INFO scan_sources: tailwindcss_oxide::scanner: Discovering "C:\\Users\\amiri\\FavoritePart\\app\\api\\admin\\fix-durations\\route.ts"
2026-01-19T01:27:26.484653Z  INFO scan_sources: tailwindcss_oxide::scanner: Discovering "C:\\Users\\amiri\\FavoritePart\\app\\api\\admin\\fix-orphans"
2026-01-19T01:27:26.484810Z  INFO scan_sources: tailwindcss_oxide::scanner: Discovering "C:\\Users\\amiri\\FavoritePart\\app\\api\\admin\\fix-orphans\\route.ts"
2026-01-19T01:27:26.484946Z  INFO scan_sources: tailwindcss_oxide::scanner: Discovering "C:\\Users\\amiri\\FavoritePart\\app\\api\\admin\\test-insert"
2026-01-19T01:27:26.485086Z  INFO scan_sources: tailwindcss_oxide::scanner: Discovering "C:\\Users\\amiri\\FavoritePart\\app\\api\\admin\\test-insert\\route.ts"
2026-01-19T01:27:26.485291Z  INFO scan_sources: tailwindcss_oxide::scanner: Discovering "C:\\Users\\amiri\\FavoritePart\\app\\api\\metadata"
2026-01-19T01:27:26.485434Z  INFO scan_sources: tailwindcss_oxide::scanner: Discovering "C:\\Users\\amiri\\FavoritePart\\app\\api\\metadata\\route.ts"
2026-01-19T01:27:26.485567Z  INFO scan_sources: tailwindcss_oxide::scanner: Discovering "C:\\Users\\amiri\\FavoritePart\\app\\api\\moments"
2026-01-19T01:27:26.485704Z  INFO scan_sources: tailwindcss_oxide::scanner: Discovering "C:\\Users\\amiri\\FavoritePart\\app\\api\\moments\\route.ts"
2026-01-19T01:27:26.485819Z  INFO scan_sources: tailwindcss_oxide::scanner: Discovering "C:\\Users\\amiri\\FavoritePart\\app\\api\\moments\\[id]"
2026-01-19T01:27:26.485962Z  INFO scan_sources: tailwindcss_oxide::scanner: Discovering "C:\\Users\\amiri\\FavoritePart\\app\\api\\moments\\[id]\\route.ts"
2026-01-19T01:27:26.486114Z  INFO scan_sources: tailwindcss_oxide::scanner: Discovering "C:\\Users\\amiri\\FavoritePart\\app\\api\\tracks"
2026-01-19T01:27:26.486300Z  INFO scan_sources: tailwindcss_oxide::scanner: Discovering "C:\\Users\\amiri\\FavoritePart\\app\\api\\tracks\\update-duration"
2026-01-19T01:27:26.486529Z  INFO scan_sources: tailwindcss_oxide::scanner: Discovering "C:\\Users\\amiri\\FavoritePart\\app\\api\\tracks\\update-duration\\route.ts"
2026-01-19T01:27:26.486820Z  INFO scan_sources: tailwindcss_oxide::scanner: Discovering "C:\\Users\\amiri\\FavoritePart\\app\\explore"
2026-01-19T01:27:26.486976Z  INFO scan_sources: tailwindcss_oxide::scanner: Discovering "C:\\Users\\amiri\\FavoritePart\\app\\explore\\actions.ts"
2026-01-19T01:27:26.487054Z  INFO scan_sources: tailwindcss_oxide::scanner: Discovering "C:\\Users\\amiri\\FavoritePart\\app\\explore\\layout.tsx"
2026-01-19T01:27:26.487183Z  INFO scan_sources: tailwindcss_oxide::scanner: Discovering "C:\\Users\\amiri\\FavoritePart\\app\\explore\\page.tsx"
2026-01-19T01:27:26.487291Z  INFO scan_sources: tailwindcss_oxide::scanner: Discovering "C:\\Users\\amiri\\FavoritePart\\app\\globals.css"
2026-01-19T01:27:26.487372Z  INFO scan_sources: tailwindcss_oxide::scanner: Discovering "C:\\Users\\amiri\\FavoritePart\\app\\layout.tsx"
2026-01-19T01:27:26.487483Z  INFO scan_sources: tailwindcss_oxide::scanner: Discovering "C:\\Users\\amiri\\FavoritePart\\app\\login"
2026-01-19T01:27:26.487907Z  INFO scan_sources: tailwindcss_oxide::scanner: Discovering "C:\\Users\\amiri\\FavoritePart\\app\\login\\page.tsx"
2026-01-19T01:27:26.488066Z  INFO scan_sources: tailwindcss_oxide::scanner: Discovering "C:\\Users\\amiri\\FavoritePart\\app\\page.tsx"
2026-01-19T01:27:26.488181Z  INFO scan_sources: tailwindcss_oxide::scanner: Discovering "C:\\Users\\amiri\\FavoritePart\\app\\profile"
2026-01-19T01:27:26.488341Z  INFO scan_sources: tailwindcss_oxide::scanner: Discovering "C:\\Users\\amiri\\FavoritePart\\app\\profile\\page.tsx"
2026-01-19T01:27:26.488460Z  INFO scan_sources: tailwindcss_oxide::scanner: Discovering "C:\\Users\\amiri\\FavoritePart\\app\\room"
2026-01-19T01:27:26.488601Z  INFO scan_sources: tailwindcss_oxide::scanner: Discovering "C:\\Users\\amiri\\FavoritePart\\app\\room\\[id]"
2026-01-19T01:27:26.488744Z  INFO scan_sources: tailwindcss_oxide::scanner: Discovering "C:\\Users\\amiri\\FavoritePart\\app\\room\\[id]\\page.tsx"
2026-01-19T01:27:26.488896Z  INFO scan_sources: tailwindcss_oxide::scanner: Discovering "C:\\Users\\amiri\\FavoritePart\\build-log.txt"
2026-01-19T01:27:26.489007Z  INFO scan_sources: tailwindcss_oxide::scanner: Discovering "C:\\Users\\amiri\\FavoritePart\\data"
2026-01-19T01:27:26.489141Z  INFO scan_sources: tailwindcss_oxide::scanner: Discovering "C:\\Users\\amiri\\FavoritePart\\data\\moments.json"
2026-01-19T01:27:26.489231Z  INFO scan_sources: tailwindcss_oxide::scanner: Discovering "C:\\Users\\amiri\\FavoritePart\\debug_output.txt"
2026-01-19T01:27:26.489297Z  INFO scan_sources: tailwindcss_oxide::scanner: Discovering "C:\\Users\\amiri\\FavoritePart\\debug_results.txt"
2026-01-19T01:27:26.489399Z  INFO scan_sources: tailwindcss_oxide::scanner: Discovering "C:\\Users\\amiri\\FavoritePart\\docs"
2026-01-19T01:27:26.489535Z  INFO scan_sources: tailwindcss_oxide::scanner: Discovering "C:\\Users\\amiri\\FavoritePart\\docs\\AUTH_DEBUGGING_LESSONS.md"
2026-01-19T01:27:26.489599Z  INFO scan_sources: tailwindcss_oxide::scanner: Discovering "C:\\Users\\amiri\\FavoritePart\\docs\\CHAPTERS_UX_IMPACT.md"
2026-01-19T01:27:26.489680Z  INFO scan_sources: tailwindcss_oxide::scanner: Discovering "C:\\Users\\amiri\\FavoritePart\\docs\\DICTIONARY.md"
2026-01-19T01:27:26.489749Z  INFO scan_sources: tailwindcss_oxide::scanner: Discovering "C:\\Users\\amiri\\FavoritePart\\docs\\METADATA_UI_PLACEMENT.md"
2026-01-19T01:27:26.489821Z  INFO scan_sources: tailwindcss_oxide::scanner: Discovering "C:\\Users\\amiri\\FavoritePart\\docs\\MINI_TIMELINE_ISSUE.md"
2026-01-19T01:27:26.489891Z  INFO scan_sources: tailwindcss_oxide::scanner: Discovering "C:\\Users\\amiri\\FavoritePart\\docs\\Moment_Capture_Logic.md"
2026-01-19T01:27:26.489970Z  INFO scan_sources: tailwindcss_oxide::scanner: Discovering "C:\\Users\\amiri\\FavoritePart\\docs\\North_Start.md"
2026-01-19T01:27:26.490042Z  INFO scan_sources: tailwindcss_oxide::scanner: Discovering "C:\\Users\\amiri\\FavoritePart\\docs\\ONE_PAGER.md"
2026-01-19T01:27:26.490115Z  INFO scan_sources: tailwindcss_oxide::scanner: Discovering "C:\\Users\\amiri\\FavoritePart\\docs\\PROFILE_USERNAME_ISSUE.md"
2026-01-19T01:27:26.490194Z  INFO scan_sources: tailwindcss_oxide::scanner: Discovering "C:\\Users\\amiri\\FavoritePart\\docs\\ROADMAP.md"
2026-01-19T01:27:26.490292Z  INFO scan_sources: tailwindcss_oxide::scanner: Discovering "C:\\Users\\amiri\\FavoritePart\\docs\\ROADMAP_REVERSE.md"
2026-01-19T01:27:26.490464Z  INFO scan_sources: tailwindcss_oxide::scanner: Discovering "C:\\Users\\amiri\\FavoritePart\\docs\\TECH_SPEC.md"
2026-01-19T01:27:26.490544Z  INFO scan_sources: tailwindcss_oxide::scanner: Discovering "C:\\Users\\amiri\\FavoritePart\\docs\\Timeline_Feature_Reference.md"
2026-01-19T01:27:26.490613Z  INFO scan_sources: tailwindcss_oxide::scanner: Discovering "C:\\Users\\amiri\\FavoritePart\\docs\\YOUTUBE_API_CAPABILITIES.md"
2026-01-19T01:27:26.490718Z  INFO scan_sources: tailwindcss_oxide::scanner: Discovering "C:\\Users\\amiri\\FavoritePart\\eslint.config.mjs"
2026-01-19T01:27:26.490783Z  INFO scan_sources: tailwindcss_oxide::scanner: Discovering "C:\\Users\\amiri\\FavoritePart\\implementation_plan.md"
2026-01-19T01:27:26.490882Z  INFO scan_sources: tailwindcss_oxide::scanner: Discovering "C:\\Users\\amiri\\FavoritePart\\lib"
2026-01-19T01:27:26.491040Z  INFO scan_sources: tailwindcss_oxide::scanner: Discovering "C:\\Users\\amiri\\FavoritePart\\lint_output.txt"
2026-01-19T01:27:26.491111Z  INFO scan_sources: tailwindcss_oxide::scanner: Discovering "C:\\Users\\amiri\\FavoritePart\\lint_output_2.txt"
2026-01-19T01:27:26.491188Z  INFO scan_sources: tailwindcss_oxide::scanner: Discovering "C:\\Users\\amiri\\FavoritePart\\middleware.ts"
2026-01-19T01:27:26.491263Z  INFO scan_sources: tailwindcss_oxide::scanner: Discovering "C:\\Users\\amiri\\FavoritePart\\migration_error.txt"
2026-01-19T01:27:26.491346Z  INFO scan_sources: tailwindcss_oxide::scanner: Discovering "C:\\Users\\amiri\\FavoritePart\\next.config.ts"
2026-01-19T01:27:26.491588Z  INFO scan_sources: tailwindcss_oxide::scanner: Discovering "C:\\Users\\amiri\\FavoritePart\\package.json"
2026-01-19T01:27:26.491672Z  INFO scan_sources: tailwindcss_oxide::scanner: Discovering "C:\\Users\\amiri\\FavoritePart\\postcss.config.mjs"
2026-01-19T01:27:26.491784Z  INFO scan_sources: tailwindcss_oxide::scanner: Discovering "C:\\Users\\amiri\\FavoritePart\\prisma"
2026-01-19T01:27:26.491943Z  INFO scan_sources: tailwindcss_oxide::scanner: Discovering "C:\\Users\\amiri\\FavoritePart\\prisma\\migrations"
2026-01-19T01:27:26.492109Z  INFO scan_sources: tailwindcss_oxide::scanner: Discovering "C:\\Users\\amiri\\FavoritePart\\prisma\\migrations\\20251128170036_init_with_seconds_and_service"
2026-01-19T01:27:26.492250Z  INFO scan_sources: tailwindcss_oxide::scanner: Discovering "C:\\Users\\amiri\\FavoritePart\\prisma\\migrations\\20251128170036_init_with_seconds_and_service\\migration.sql"
2026-01-19T01:27:26.492343Z  INFO scan_sources: tailwindcss_oxide::scanner: Discovering "C:\\Users\\amiri\\FavoritePart\\prisma\\migrations\\migration_lock.toml"
2026-01-19T01:27:26.492432Z  INFO scan_sources: tailwindcss_oxide::scanner: Discovering "C:\\Users\\amiri\\FavoritePart\\prisma\\schema.prisma"
2026-01-19T01:27:26.492559Z  INFO scan_sources: tailwindcss_oxide::scanner: Discovering "C:\\Users\\amiri\\FavoritePart\\public"
2026-01-19T01:27:26.492689Z  INFO scan_sources: tailwindcss_oxide::scanner: Discovering "C:\\Users\\amiri\\FavoritePart\\public\\file.svg"
2026-01-19T01:27:26.492754Z  INFO scan_sources: tailwindcss_oxide::scanner: Discovering "C:\\Users\\amiri\\FavoritePart\\public\\globe.svg"
2026-01-19T01:27:26.492849Z  INFO scan_sources: tailwindcss_oxide::scanner: Discovering "C:\\Users\\amiri\\FavoritePart\\public\\images"
2026-01-19T01:27:26.493014Z  INFO scan_sources: tailwindcss_oxide::scanner: Discovering "C:\\Users\\amiri\\FavoritePart\\public\\next.svg"
2026-01-19T01:27:26.493120Z  INFO scan_sources: tailwindcss_oxide::scanner: Discovering "C:\\Users\\amiri\\FavoritePart\\public\\sounds"
2026-01-19T01:27:26.493290Z  INFO scan_sources: tailwindcss_oxide::scanner: Discovering "C:\\Users\\amiri\\FavoritePart\\public\\vercel.svg"
2026-01-19T01:27:26.493360Z  INFO scan_sources: tailwindcss_oxide::scanner: Discovering "C:\\Users\\amiri\\FavoritePart\\public\\window.svg"
2026-01-19T01:27:26.493450Z  INFO scan_sources: tailwindcss_oxide::scanner: Discovering "C:\\Users\\amiri\\FavoritePart\\public_schema_dump.sql"
2026-01-19T01:27:26.493522Z  INFO scan_sources: tailwindcss_oxide::scanner: Discovering "C:\\Users\\amiri\\FavoritePart\\README.md"
2026-01-19T01:27:26.493633Z  INFO scan_sources: tailwindcss_oxide::scanner: Discovering "C:\\Users\\amiri\\FavoritePart\\scripts"
2026-01-19T01:27:26.493796Z  INFO scan_sources: tailwindcss_oxide::scanner: Discovering "C:\\Users\\amiri\\FavoritePart\\scripts\\backfill_artists.js"
2026-01-19T01:27:26.493876Z  INFO scan_sources: tailwindcss_oxide::scanner: Discovering "C:\\Users\\amiri\\FavoritePart\\scripts\\backfill_canonical.ts"
2026-01-19T01:27:26.493946Z  INFO scan_sources: tailwindcss_oxide::scanner: Discovering "C:\\Users\\amiri\\FavoritePart\\scripts\\backfill_savedby.ts"
2026-01-19T01:27:26.494018Z  INFO scan_sources: tailwindcss_oxide::scanner: Discovering "C:\\Users\\amiri\\FavoritePart\\scripts\\check-duplicates.ts"
2026-01-19T01:27:26.494087Z  INFO scan_sources: tailwindcss_oxide::scanner: Discovering "C:\\Users\\amiri\\FavoritePart\\scripts\\check_artists.js"
2026-01-19T01:27:26.494157Z  INFO scan_sources: tailwindcss_oxide::scanner: Discovering "C:\\Users\\amiri\\FavoritePart\\scripts\\check_durations.js"
2026-01-19T01:27:26.494226Z  INFO scan_sources: tailwindcss_oxide::scanner: Discovering "C:\\Users\\amiri\\FavoritePart\\scripts\\check_moment.js"
2026-01-19T01:27:26.494294Z  INFO scan_sources: tailwindcss_oxide::scanner: Discovering "C:\\Users\\amiri\\FavoritePart\\scripts\\check_secret.js"
2026-01-19T01:27:26.494367Z  INFO scan_sources: tailwindcss_oxide::scanner: Discovering "C:\\Users\\amiri\\FavoritePart\\scripts\\debug-plaza.ts"
2026-01-19T01:27:26.494437Z  INFO scan_sources: tailwindcss_oxide::scanner: Discovering "C:\\Users\\amiri\\FavoritePart\\scripts\\debug_moments.ts"
2026-01-19T01:27:26.494509Z  INFO scan_sources: tailwindcss_oxide::scanner: Discovering "C:\\Users\\amiri\\FavoritePart\\scripts\\debug_prisma_client.ts"
2026-01-19T01:27:26.494598Z  INFO scan_sources: tailwindcss_oxide::scanner: Discovering "C:\\Users\\amiri\\FavoritePart\\scripts\\debug_signup_schema.ts"
2026-01-19T01:27:26.494667Z  INFO scan_sources: tailwindcss_oxide::scanner: Discovering "C:\\Users\\amiri\\FavoritePart\\scripts\\debug_tables.ts"
2026-01-19T01:27:26.494737Z  INFO scan_sources: tailwindcss_oxide::scanner: Discovering "C:\\Users\\amiri\\FavoritePart\\scripts\\deploy_db.js"
2026-01-19T01:27:26.494814Z  INFO scan_sources: tailwindcss_oxide::scanner: Discovering "C:\\Users\\amiri\\FavoritePart\\scripts\\fix_broken_durations.ts"
2026-01-19T01:27:26.494894Z  INFO scan_sources: tailwindcss_oxide::scanner: Discovering "C:\\Users\\amiri\\FavoritePart\\scripts\\migrate-legacy-moments.js"
2026-01-19T01:27:26.494969Z  INFO scan_sources: tailwindcss_oxide::scanner: Discovering "C:\\Users\\amiri\\FavoritePart\\scripts\\migrate-legacy-moments.ts"
2026-01-19T01:27:26.495041Z  INFO scan_sources: tailwindcss_oxide::scanner: Discovering "C:\\Users\\amiri\\FavoritePart\\scripts\\test-metadata.ts"
2026-01-19T01:27:26.495110Z  INFO scan_sources: tailwindcss_oxide::scanner: Discovering "C:\\Users\\amiri\\FavoritePart\\scripts\\test-register.js"
2026-01-19T01:27:26.495179Z  INFO scan_sources: tailwindcss_oxide::scanner: Discovering "C:\\Users\\amiri\\FavoritePart\\scripts\\test-spotify.ts"
2026-01-19T01:27:26.495248Z  INFO scan_sources: tailwindcss_oxide::scanner: Discovering "C:\\Users\\amiri\\FavoritePart\\scripts\\test-youtube.js"
2026-01-19T01:27:26.495317Z  INFO scan_sources: tailwindcss_oxide::scanner: Discovering "C:\\Users\\amiri\\FavoritePart\\scripts\\test_aggregation.ts"
2026-01-19T01:27:26.495386Z  INFO scan_sources: tailwindcss_oxide::scanner: Discovering "C:\\Users\\amiri\\FavoritePart\\scripts\\verify_db.js"
2026-01-19T01:27:26.495485Z  INFO scan_sources: tailwindcss_oxide::scanner: Discovering "C:\\Users\\amiri\\FavoritePart\\scripts\\verify_schema_fields.ts"
2026-01-19T01:27:26.495575Z  INFO scan_sources: tailwindcss_oxide::scanner: Discovering "C:\\Users\\amiri\\FavoritePart\\scripts\\verify_sqlite.js"
2026-01-19T01:27:26.495723Z  INFO scan_sources: tailwindcss_oxide::scanner: Discovering "C:\\Users\\amiri\\FavoritePart\\src"
2026-01-19T01:27:26.495881Z  INFO scan_sources: tailwindcss_oxide::scanner: Discovering "C:\\Users\\amiri\\FavoritePart\\src\\components"
2026-01-19T01:27:26.496078Z  INFO scan_sources: tailwindcss_oxide::scanner: Discovering "C:\\Users\\amiri\\FavoritePart\\src\\components\\ArtistCard.tsx"
2026-01-19T01:27:26.496196Z  INFO scan_sources: tailwindcss_oxide::scanner: Discovering "C:\\Users\\amiri\\FavoritePart\\src\\components\\debug"
2026-01-19T01:27:26.496436Z  INFO scan_sources: tailwindcss_oxide::scanner: Discovering "C:\\Users\\amiri\\FavoritePart\\src\\components\\icons"
2026-01-19T01:27:26.496590Z  INFO scan_sources: tailwindcss_oxide::scanner: Discovering "C:\\Users\\amiri\\FavoritePart\\src\\components\\icons\\MyMomentIcon.tsx"
2026-01-19T01:27:26.496682Z  INFO scan_sources: tailwindcss_oxide::scanner: Discovering "C:\\Users\\amiri\\FavoritePart\\src\\components\\MomentCard.tsx"
2026-01-19T01:27:26.496758Z  INFO scan_sources: tailwindcss_oxide::scanner: Discovering "C:\\Users\\amiri\\FavoritePart\\src\\components\\MomentGroup.tsx"
2026-01-19T01:27:26.496836Z  INFO scan_sources: tailwindcss_oxide::scanner: Discovering "C:\\Users\\amiri\\FavoritePart\\src\\components\\MomentTimeline.tsx"
2026-01-19T01:27:26.496911Z  INFO scan_sources: tailwindcss_oxide::scanner: Discovering "C:\\Users\\amiri\\FavoritePart\\src\\components\\Navbar.tsx"
2026-01-19T01:27:26.496991Z  INFO scan_sources: tailwindcss_oxide::scanner: Discovering "C:\\Users\\amiri\\FavoritePart\\src\\components\\PlayerTimeline.tsx"
2026-01-19T01:27:26.497069Z  INFO scan_sources: tailwindcss_oxide::scanner: Discovering "C:\\Users\\amiri\\FavoritePart\\src\\components\\RelatedStrip.tsx"
2026-01-19T01:27:26.497142Z  INFO scan_sources: tailwindcss_oxide::scanner: Discovering "C:\\Users\\amiri\\FavoritePart\\src\\components\\SettingsSidebar.tsx"
2026-01-19T01:27:26.497217Z  INFO scan_sources: tailwindcss_oxide::scanner: Discovering "C:\\Users\\amiri\\FavoritePart\\src\\components\\SongCard.tsx"
2026-01-19T01:27:26.497290Z  INFO scan_sources: tailwindcss_oxide::scanner: Discovering "C:\\Users\\amiri\\FavoritePart\\src\\components\\ThreadComment.tsx"
2026-01-19T01:27:26.497358Z  INFO scan_sources: tailwindcss_oxide::scanner: Discovering "C:\\Users\\amiri\\FavoritePart\\src\\components\\TrackCard.tsx"
2026-01-19T01:27:26.497515Z  INFO scan_sources: tailwindcss_oxide::scanner: Discovering "C:\\Users\\amiri\\FavoritePart\\src\\context"
2026-01-19T01:27:26.497627Z  INFO scan_sources: tailwindcss_oxide::scanner: Discovering "C:\\Users\\amiri\\FavoritePart\\src\\context\\AuthContext.tsx"
2026-01-19T01:27:26.497686Z  INFO scan_sources: tailwindcss_oxide::scanner: Discovering "C:\\Users\\amiri\\FavoritePart\\src\\context\\FilterContext.tsx"
2026-01-19T01:27:26.497783Z  INFO scan_sources: tailwindcss_oxide::scanner: Discovering "C:\\Users\\amiri\\FavoritePart\\src\\hooks"
2026-01-19T01:27:26.497884Z  INFO scan_sources: tailwindcss_oxide::scanner: Discovering "C:\\Users\\amiri\\FavoritePart\\src\\hooks\\usePlaybackGuard.ts"
2026-01-19T01:27:26.497936Z  INFO scan_sources: tailwindcss_oxide::scanner: Discovering "C:\\Users\\amiri\\FavoritePart\\src\\hooks\\useSoundEffects.ts"
2026-01-19T01:27:26.498040Z  INFO scan_sources: tailwindcss_oxide::scanner: Discovering "C:\\Users\\amiri\\FavoritePart\\src\\lib"
2026-01-19T01:27:26.498146Z  INFO scan_sources: tailwindcss_oxide::scanner: Discovering "C:\\Users\\amiri\\FavoritePart\\src\\lib\\canonical.ts"
2026-01-19T01:27:26.498212Z  INFO scan_sources: tailwindcss_oxide::scanner: Discovering "C:\\Users\\amiri\\FavoritePart\\src\\lib\\chapters.ts"
2026-01-19T01:27:26.498275Z  INFO scan_sources: tailwindcss_oxide::scanner: Discovering "C:\\Users\\amiri\\FavoritePart\\src\\lib\\metadata.ts"
2026-01-19T01:27:26.498329Z  INFO scan_sources: tailwindcss_oxide::scanner: Discovering "C:\\Users\\amiri\\FavoritePart\\src\\lib\\related.ts"
2026-01-19T01:27:26.498377Z  INFO scan_sources: tailwindcss_oxide::scanner: Discovering "C:\\Users\\amiri\\FavoritePart\\src\\lib\\sanitize.ts"
2026-01-19T01:27:26.498426Z  INFO scan_sources: tailwindcss_oxide::scanner: Discovering "C:\\Users\\amiri\\FavoritePart\\src\\lib\\storage.ts"
2026-01-19T01:27:26.498505Z  INFO scan_sources: tailwindcss_oxide::scanner: Discovering "C:\\Users\\amiri\\FavoritePart\\src\\lib\\supabase"
2026-01-19T01:27:26.498606Z  INFO scan_sources: tailwindcss_oxide::scanner: Discovering "C:\\Users\\amiri\\FavoritePart\\src\\lib\\supabase\\client.ts"
2026-01-19T01:27:26.498660Z  INFO scan_sources: tailwindcss_oxide::scanner: Discovering "C:\\Users\\amiri\\FavoritePart\\src\\lib\\supabase\\server.ts"
2026-01-19T01:27:26.498743Z  INFO scan_sources: tailwindcss_oxide::scanner: Discovering "C:\\Users\\amiri\\FavoritePart\\src\\lib\\timestamp.test.ts"
2026-01-19T01:27:26.498801Z  INFO scan_sources: tailwindcss_oxide::scanner: Discovering "C:\\Users\\amiri\\FavoritePart\\src\\lib\\validation.ts"
2026-01-19T01:27:26.498858Z  INFO scan_sources: tailwindcss_oxide::scanner: Discovering "C:\\Users\\amiri\\FavoritePart\\src\\lib\\youtube.ts"
2026-01-19T01:27:26.498957Z  INFO scan_sources: tailwindcss_oxide::scanner: Discovering "C:\\Users\\amiri\\FavoritePart\\src\\types"
2026-01-19T01:27:26.499051Z  INFO scan_sources: tailwindcss_oxide::scanner: Discovering "C:\\Users\\amiri\\FavoritePart\\src\\types\\index.ts"
2026-01-19T01:27:26.499101Z  INFO scan_sources: tailwindcss_oxide::scanner: Discovering "C:\\Users\\amiri\\FavoritePart\\src\\types\\supabase.ts"
2026-01-19T01:27:26.499210Z  INFO scan_sources: tailwindcss_oxide::scanner: Discovering "C:\\Users\\amiri\\FavoritePart\\supabase"
2026-01-19T01:27:26.499336Z  INFO scan_sources: tailwindcss_oxide::scanner: Discovering "C:\\Users\\amiri\\FavoritePart\\supabase\\migrations"
2026-01-19T01:27:26.499455Z  INFO scan_sources: tailwindcss_oxide::scanner: Discovering "C:\\Users\\amiri\\FavoritePart\\supabase\\migrations\\20251226_flatten_hierarchy.sql"
2026-01-19T01:27:26.499510Z  INFO scan_sources: tailwindcss_oxide::scanner: Discovering "C:\\Users\\amiri\\FavoritePart\\supabase\\migrations\\20251229_add_track_duration_to_moments.sql"
2026-01-19T01:27:26.499561Z  INFO scan_sources: tailwindcss_oxide::scanner: Discovering "C:\\Users\\amiri\\FavoritePart\\supabase\\migrations\\add_username_support.sql"
2026-01-19T01:27:26.499624Z  INFO scan_sources: tailwindcss_oxide::scanner: Discovering "C:\\Users\\amiri\\FavoritePart\\supabase\\migrations\\fix_trigger.sql"
2026-01-19T01:27:26.499674Z  INFO scan_sources: tailwindcss_oxide::scanner: Discovering "C:\\Users\\amiri\\FavoritePart\\supabase\\migrations\\fix_trigger_final.sql"
2026-01-19T01:27:26.499724Z  INFO scan_sources: tailwindcss_oxide::scanner: Discovering "C:\\Users\\amiri\\FavoritePart\\supabase\\migrations\\force_fix_auth.sql"
2026-01-19T01:27:26.499777Z  INFO scan_sources: tailwindcss_oxide::scanner: Discovering "C:\\Users\\amiri\\FavoritePart\\supabase\\migrations\\revert_username_trigger.sql"
2026-01-19T01:27:26.499840Z  INFO scan_sources: tailwindcss_oxide::scanner: Discovering "C:\\Users\\amiri\\FavoritePart\\supabase\\schema.sql"
2026-01-19T01:27:26.499905Z  INFO scan_sources: tailwindcss_oxide::scanner: Discovering "C:\\Users\\amiri\\FavoritePart\\supabase\\schema_notes.sql"
2026-01-19T01:27:26.500010Z  INFO scan_sources: tailwindcss_oxide::scanner: Discovering "C:\\Users\\amiri\\FavoritePart\\tsconfig.json"
2026-01-19T01:27:26.500064Z  INFO scan_sources: tailwindcss_oxide::scanner: Discovering "C:\\Users\\amiri\\FavoritePart\\walkthrough.md"
2026-01-19T01:27:26.500151Z  INFO scan_sources: tailwindcss_oxide::scanner: exit
2026-01-19T01:27:26.500160Z  INFO extract_candidates: tailwindcss_oxide::scanner: enter
2026-01-19T01:27:26.500167Z  INFO extract_candidates:read_all_files: tailwindcss_oxide::scanner: enter
2026-01-19T01:27:26.500171Z  INFO extract_candidates:read_all_files: tailwindcss_oxide::scanner: Reading 119 file(s)
2026-01-19T01:27:26.500644Z  INFO tailwindcss_oxide::scanner: Reading "C:\\Users\\amiri\\FavoritePart\\scripts\\check_durations.js"
2026-01-19T01:27:26.500669Z  INFO tailwindcss_oxide::scanner: Reading "C:\\Users\\amiri\\FavoritePart\\docs\\PROFILE_USERNAME_ISSUE.md"
2026-01-19T01:27:26.500691Z  INFO tailwindcss_oxide::scanner: Reading "C:\\Users\\amiri\\FavoritePart\\scripts\\check_moment.js"
2026-01-19T01:27:26.500699Z  INFO tailwindcss_oxide::scanner: Reading "C:\\Users\\amiri\\FavoritePart\\app\\actions\\moments.ts"
2026-01-19T01:27:26.500721Z  INFO tailwindcss_oxide::scanner: Reading "C:\\Users\\amiri\\FavoritePart\\scripts\\check_secret.js"
2026-01-19T01:27:26.500724Z  INFO tailwindcss_oxide::scanner: Reading "C:\\Users\\amiri\\FavoritePart\\docs\\ROADMAP.md"
2026-01-19T01:27:26.500724Z  INFO tailwindcss_oxide::scanner: Reading "C:\\Users\\amiri\\FavoritePart\\app\\page.tsx"
2026-01-19T01:27:26.500748Z  INFO tailwindcss_oxide::scanner: Reading "C:\\Users\\amiri\\FavoritePart\\scripts\\debug-plaza.ts"
2026-01-19T01:27:26.500764Z  INFO tailwindcss_oxide::scanner: Reading "C:\\Users\\amiri\\FavoritePart\\docs\\ROADMAP_REVERSE.md"
2026-01-19T01:27:26.500775Z  INFO tailwindcss_oxide::scanner: Reading "C:\\Users\\amiri\\FavoritePart\\scripts\\debug_moments.ts"
2026-01-19T01:27:26.500798Z  INFO tailwindcss_oxide::scanner: Reading "C:\\Users\\amiri\\FavoritePart\\app\\api\\admin\\check-orphans\\route.ts"
2026-01-19T01:27:26.500810Z  INFO tailwindcss_oxide::scanner: Reading "C:\\Users\\amiri\\FavoritePart\\docs\\TECH_SPEC.md"
2026-01-19T01:27:26.500815Z  INFO tailwindcss_oxide::scanner: Reading "C:\\Users\\amiri\\FavoritePart\\scripts\\debug_prisma_client.ts"
2026-01-19T01:27:26.500817Z  INFO tailwindcss_oxide::scanner: Reading "C:\\Users\\amiri\\FavoritePart\\app\\profile\\page.tsx"
2026-01-19T01:27:26.500842Z  INFO tailwindcss_oxide::scanner: Reading "C:\\Users\\amiri\\FavoritePart\\scripts\\debug_signup_schema.ts"
2026-01-19T01:27:26.500850Z  INFO tailwindcss_oxide::scanner: Reading "C:\\Users\\amiri\\FavoritePart\\docs\\Timeline_Feature_Reference.md"
2026-01-19T01:27:26.500866Z  INFO tailwindcss_oxide::scanner: Reading "C:\\Users\\amiri\\FavoritePart\\app\\api\\admin\\fix-durations\\route.ts"
2026-01-19T01:27:26.500870Z  INFO tailwindcss_oxide::scanner: Reading "C:\\Users\\amiri\\FavoritePart\\scripts\\debug_tables.ts"
2026-01-19T01:27:26.500907Z  INFO tailwindcss_oxide::scanner: Reading "C:\\Users\\amiri\\FavoritePart\\scripts\\deploy_db.js"
2026-01-19T01:27:26.500906Z  INFO tailwindcss_oxide::scanner: Reading "C:\\Users\\amiri\\FavoritePart\\docs\\YOUTUBE_API_CAPABILITIES.md"
2026-01-19T01:27:26.500935Z  INFO tailwindcss_oxide::scanner: Reading "C:\\Users\\amiri\\FavoritePart\\scripts\\fix_broken_durations.ts"
2026-01-19T01:27:26.500936Z  INFO tailwindcss_oxide::scanner: Reading "C:\\Users\\amiri\\FavoritePart\\app\\api\\admin\\fix-orphans\\route.ts"
2026-01-19T01:27:26.500946Z  INFO tailwindcss_oxide::scanner: Reading "C:\\Users\\amiri\\FavoritePart\\eslint.config.mjs"
2026-01-19T01:27:26.500942Z  INFO tailwindcss_oxide::scanner: Reading "C:\\Users\\amiri\\FavoritePart\\app\\api\\moments\\[id]\\route.ts"
2026-01-19T01:27:26.500964Z  INFO tailwindcss_oxide::scanner: Reading "C:\\Users\\amiri\\FavoritePart\\scripts\\migrate-legacy-moments.js"
2026-01-19T01:27:26.500964Z  INFO tailwindcss_oxide::scanner: Reading "C:\\Users\\amiri\\FavoritePart\\app\\room\\[id]\\page.tsx"
2026-01-19T01:27:26.500981Z  INFO tailwindcss_oxide::scanner: Reading "C:\\Users\\amiri\\FavoritePart\\implementation_plan.md"
2026-01-19T01:27:26.500990Z  INFO tailwindcss_oxide::scanner: Reading "C:\\Users\\amiri\\FavoritePart\\scripts\\migrate-legacy-moments.ts"
2026-01-19T01:27:26.501016Z  INFO tailwindcss_oxide::scanner: Reading "C:\\Users\\amiri\\FavoritePart\\scripts\\test-metadata.ts"
2026-01-19T01:27:26.501014Z  INFO tailwindcss_oxide::scanner: Reading "C:\\Users\\amiri\\FavoritePart\\app\\api\\admin\\test-insert\\route.ts"
2026-01-19T01:27:26.501039Z  INFO tailwindcss_oxide::scanner: Reading "C:\\Users\\amiri\\FavoritePart\\app\\api\\tracks\\update-duration\\route.ts"
2026-01-19T01:27:26.501039Z  INFO tailwindcss_oxide::scanner: Reading "C:\\Users\\amiri\\FavoritePart\\scripts\\test-register.js"
2026-01-19T01:27:26.501058Z  INFO tailwindcss_oxide::scanner: Reading "C:\\Users\\amiri\\FavoritePart\\lint_output.txt"
2026-01-19T01:27:26.501071Z  INFO tailwindcss_oxide::scanner: Reading "C:\\Users\\amiri\\FavoritePart\\app\\api\\metadata\\route.ts"
2026-01-19T01:27:26.501072Z  INFO tailwindcss_oxide::scanner: Reading "C:\\Users\\amiri\\FavoritePart\\build-log.txt"
2026-01-19T01:27:26.501077Z  INFO tailwindcss_oxide::scanner: Reading "C:\\Users\\amiri\\FavoritePart\\scripts\\test-spotify.ts"
2026-01-19T01:27:26.501109Z  INFO tailwindcss_oxide::scanner: Reading "C:\\Users\\amiri\\FavoritePart\\app\\explore\\actions.ts"
2026-01-19T01:27:26.501137Z  INFO tailwindcss_oxide::scanner: Reading "C:\\Users\\amiri\\FavoritePart\\lint_output_2.txt"
2026-01-19T01:27:26.501138Z  INFO tailwindcss_oxide::scanner: Reading "C:\\Users\\amiri\\FavoritePart\\data\\moments.json"
2026-01-19T01:27:26.501146Z  INFO tailwindcss_oxide::scanner: Reading "C:\\Users\\amiri\\FavoritePart\\app\\api\\moments\\route.ts"
2026-01-19T01:27:26.501170Z  INFO tailwindcss_oxide::scanner: Reading "C:\\Users\\amiri\\FavoritePart\\debug_output.txt"
2026-01-19T01:27:26.501172Z  INFO tailwindcss_oxide::scanner: Reading "C:\\Users\\amiri\\FavoritePart\\app\\explore\\layout.tsx"
2026-01-19T01:27:26.501173Z  INFO tailwindcss_oxide::scanner: Reading "C:\\Users\\amiri\\FavoritePart\\scripts\\test-youtube.js"
2026-01-19T01:27:26.501196Z  INFO tailwindcss_oxide::scanner: Reading "C:\\Users\\amiri\\FavoritePart\\debug_results.txt"
2026-01-19T01:27:26.501203Z  INFO tailwindcss_oxide::scanner: Reading "C:\\Users\\amiri\\FavoritePart\\app\\layout.tsx"
2026-01-19T01:27:26.501217Z  INFO tailwindcss_oxide::scanner: Reading "C:\\Users\\amiri\\FavoritePart\\middleware.ts"
2026-01-19T01:27:26.501223Z  INFO tailwindcss_oxide::scanner: Reading "C:\\Users\\amiri\\FavoritePart\\docs\\AUTH_DEBUGGING_LESSONS.md"
2026-01-19T01:27:26.501230Z  INFO tailwindcss_oxide::scanner: Reading "C:\\Users\\amiri\\FavoritePart\\app\\explore\\page.tsx"
2026-01-19T01:27:26.501232Z  INFO tailwindcss_oxide::scanner: Reading "C:\\Users\\amiri\\FavoritePart\\scripts\\test_aggregation.ts"
2026-01-19T01:27:26.501252Z  INFO tailwindcss_oxide::scanner: Reading "C:\\Users\\amiri\\FavoritePart\\docs\\CHAPTERS_UX_IMPACT.md"
2026-01-19T01:27:26.501254Z  INFO tailwindcss_oxide::scanner: Reading "C:\\Users\\amiri\\FavoritePart\\migration_error.txt"
2026-01-19T01:27:26.501266Z  INFO tailwindcss_oxide::scanner: Reading "C:\\Users\\amiri\\FavoritePart\\app\\login\\page.tsx"
2026-01-19T01:27:26.501281Z  INFO tailwindcss_oxide::scanner: Reading "C:\\Users\\amiri\\FavoritePart\\docs\\DICTIONARY.md"
2026-01-19T01:27:26.501289Z  INFO tailwindcss_oxide::scanner: Reading "C:\\Users\\amiri\\FavoritePart\\next.config.ts"
2026-01-19T01:27:26.501289Z  INFO tailwindcss_oxide::scanner: Reading "C:\\Users\\amiri\\FavoritePart\\scripts\\verify_db.js"
2026-01-19T01:27:26.501294Z  INFO tailwindcss_oxide::scanner: Reading "C:\\Users\\amiri\\FavoritePart\\src\\components\\ThreadComment.tsx"
2026-01-19T01:27:26.501316Z  INFO tailwindcss_oxide::scanner: Reading "C:\\Users\\amiri\\FavoritePart\\docs\\METADATA_UI_PLACEMENT.md"
2026-01-19T01:27:26.501326Z  INFO tailwindcss_oxide::scanner: Reading "C:\\Users\\amiri\\FavoritePart\\package.json"
2026-01-19T01:27:26.501327Z  INFO tailwindcss_oxide::scanner: Reading "C:\\Users\\amiri\\FavoritePart\\src\\components\\MomentCard.tsx"
2026-01-19T01:27:26.501343Z  INFO tailwindcss_oxide::scanner: Reading "C:\\Users\\amiri\\FavoritePart\\docs\\MINI_TIMELINE_ISSUE.md"
2026-01-19T01:27:26.501343Z  INFO tailwindcss_oxide::scanner: Reading "C:\\Users\\amiri\\FavoritePart\\scripts\\verify_schema_fields.ts"
2026-01-19T01:27:26.501362Z  INFO tailwindcss_oxide::scanner: Reading "C:\\Users\\amiri\\FavoritePart\\src\\components\\TrackCard.tsx"
2026-01-19T01:27:26.501365Z  INFO tailwindcss_oxide::scanner: Reading "C:\\Users\\amiri\\FavoritePart\\postcss.config.mjs"
2026-01-19T01:27:26.501378Z  INFO tailwindcss_oxide::scanner: Reading "C:\\Users\\amiri\\FavoritePart\\docs\\Moment_Capture_Logic.md"
2026-01-19T01:27:26.501396Z  INFO tailwindcss_oxide::scanner: Reading "C:\\Users\\amiri\\FavoritePart\\scripts\\verify_sqlite.js"
2026-01-19T01:27:26.501403Z  INFO tailwindcss_oxide::scanner: Reading "C:\\Users\\amiri\\FavoritePart\\src\\components\\MomentGroup.tsx"
2026-01-19T01:27:26.501404Z  INFO tailwindcss_oxide::scanner: Reading "C:\\Users\\amiri\\FavoritePart\\prisma\\migrations\\20251128170036_init_with_seconds_and_service\\migration.sql"
2026-01-19T01:27:26.501415Z  INFO tailwindcss_oxide::scanner: Reading "C:\\Users\\amiri\\FavoritePart\\docs\\North_Start.md"
2026-01-19T01:27:26.501419Z  INFO tailwindcss_oxide::scanner: Reading "C:\\Users\\amiri\\FavoritePart\\src\\context\\AuthContext.tsx"
2026-01-19T01:27:26.501513Z  INFO tailwindcss_oxide::scanner: Reading "C:\\Users\\amiri\\FavoritePart\\prisma\\migrations\\migration_lock.toml"
2026-01-19T01:27:26.501528Z  INFO tailwindcss_oxide::scanner: Reading "C:\\Users\\amiri\\FavoritePart\\docs\\ONE_PAGER.md"
2026-01-19T01:27:26.501531Z  INFO tailwindcss_oxide::scanner: Reading "C:\\Users\\amiri\\FavoritePart\\src\\components\\MomentTimeline.tsx"
2026-01-19T01:27:26.501549Z  INFO tailwindcss_oxide::scanner: Reading "C:\\Users\\amiri\\FavoritePart\\prisma\\schema.prisma"
2026-01-19T01:27:26.501558Z  INFO tailwindcss_oxide::scanner: Reading "C:\\Users\\amiri\\FavoritePart\\src\\lib\\validation.ts"
2026-01-19T01:27:26.501577Z  INFO tailwindcss_oxide::scanner: Reading "C:\\Users\\amiri\\FavoritePart\\src\\context\\FilterContext.tsx"
2026-01-19T01:27:26.501584Z  INFO tailwindcss_oxide::scanner: Reading "C:\\Users\\amiri\\FavoritePart\\public\\file.svg"
2026-01-19T01:27:26.501588Z  INFO tailwindcss_oxide::scanner: Reading "C:\\Users\\amiri\\FavoritePart\\src\\lib\\youtube.ts"
2026-01-19T01:27:26.501596Z  INFO tailwindcss_oxide::scanner: Reading "C:\\Users\\amiri\\FavoritePart\\src\\components\\Navbar.tsx"
2026-01-19T01:27:26.501617Z  INFO tailwindcss_oxide::scanner: Reading "C:\\Users\\amiri\\FavoritePart\\public\\globe.svg"
2026-01-19T01:27:26.501451Z  INFO tailwindcss_oxide::scanner: Reading "C:\\Users\\amiri\\FavoritePart\\src\\components\\ArtistCard.tsx"
2026-01-19T01:27:26.501627Z  INFO tailwindcss_oxide::scanner: Reading "C:\\Users\\amiri\\FavoritePart\\src\\types\\index.ts"
2026-01-19T01:27:26.501651Z  INFO tailwindcss_oxide::scanner: Reading "C:\\Users\\amiri\\FavoritePart\\public\\next.svg"
2026-01-19T01:27:26.501664Z  INFO tailwindcss_oxide::scanner: Reading "C:\\Users\\amiri\\FavoritePart\\src\\types\\supabase.ts"
2026-01-19T01:27:26.501676Z  INFO tailwindcss_oxide::scanner: Reading "C:\\Users\\amiri\\FavoritePart\\src\\components\\icons\\MyMomentIcon.tsx"
2026-01-19T01:27:26.501684Z  INFO tailwindcss_oxide::scanner: Reading "C:\\Users\\amiri\\FavoritePart\\public\\vercel.svg"
2026-01-19T01:27:26.501687Z  INFO tailwindcss_oxide::scanner: Reading "C:\\Users\\amiri\\FavoritePart\\public\\window.svg"
2026-01-19T01:27:26.501692Z  INFO tailwindcss_oxide::scanner: Reading "C:\\Users\\amiri\\FavoritePart\\supabase\\migrations\\20251226_flatten_hierarchy.sql"
2026-01-19T01:27:26.501689Z  INFO tailwindcss_oxide::scanner: Reading "C:\\Users\\amiri\\FavoritePart\\src\\components\\PlayerTimeline.tsx"
2026-01-19T01:27:26.501721Z  INFO tailwindcss_oxide::scanner: Reading "C:\\Users\\amiri\\FavoritePart\\supabase\\schema.sql"
2026-01-19T01:27:26.501724Z  INFO tailwindcss_oxide::scanner: Reading "C:\\Users\\amiri\\FavoritePart\\supabase\\migrations\\20251229_add_track_duration_to_moments.sql"
2026-01-19T01:27:26.501729Z  INFO tailwindcss_oxide::scanner: Reading "C:\\Users\\amiri\\FavoritePart\\supabase\\migrations\\fix_trigger.sql"
2026-01-19T01:27:26.501743Z  INFO tailwindcss_oxide::scanner: Reading "C:\\Users\\amiri\\FavoritePart\\public_schema_dump.sql"
2026-01-19T01:27:26.501752Z  INFO tailwindcss_oxide::scanner: Reading "C:\\Users\\amiri\\FavoritePart\\supabase\\migrations\\add_username_support.sql"
2026-01-19T01:27:26.501755Z  INFO tailwindcss_oxide::scanner: Reading "C:\\Users\\amiri\\FavoritePart\\supabase\\schema_notes.sql"
2026-01-19T01:27:26.501787Z  INFO tailwindcss_oxide::scanner: Reading "C:\\Users\\amiri\\FavoritePart\\tsconfig.json"
2026-01-19T01:27:26.501796Z  INFO tailwindcss_oxide::scanner: Reading "C:\\Users\\amiri\\FavoritePart\\README.md"
2026-01-19T01:27:26.501801Z  INFO tailwindcss_oxide::scanner: Reading "C:\\Users\\amiri\\FavoritePart\\src\\components\\SettingsSidebar.tsx"
2026-01-19T01:27:26.501809Z  INFO tailwindcss_oxide::scanner: Reading "C:\\Users\\amiri\\FavoritePart\\src\\components\\RelatedStrip.tsx"
2026-01-19T01:27:26.501816Z  INFO tailwindcss_oxide::scanner: Reading "C:\\Users\\amiri\\FavoritePart\\supabase\\migrations\\fix_trigger_final.sql"
2026-01-19T01:27:26.501889Z  INFO tailwindcss_oxide::scanner: Reading "C:\\Users\\amiri\\FavoritePart\\src\\components\\SongCard.tsx"
2026-01-19T01:27:26.501895Z  INFO tailwindcss_oxide::scanner: Reading "C:\\Users\\amiri\\FavoritePart\\scripts\\backfill_canonical.ts"
2026-01-19T01:27:26.501897Z  INFO tailwindcss_oxide::scanner: Reading "C:\\Users\\amiri\\FavoritePart\\src\\hooks\\usePlaybackGuard.ts"
2026-01-19T01:27:26.501821Z  INFO tailwindcss_oxide::scanner: Reading "C:\\Users\\amiri\\FavoritePart\\walkthrough.md"
2026-01-19T01:27:26.501900Z  INFO tailwindcss_oxide::scanner: Reading "C:\\Users\\amiri\\FavoritePart\\scripts\\backfill_artists.js"
2026-01-19T01:27:26.501928Z  INFO tailwindcss_oxide::scanner: Reading "C:\\Users\\amiri\\FavoritePart\\supabase\\migrations\\revert_username_trigger.sql"
2026-01-19T01:27:26.501926Z  INFO tailwindcss_oxide::scanner: Reading "C:\\Users\\amiri\\FavoritePart\\scripts\\backfill_savedby.ts"
2026-01-19T01:27:26.501964Z  INFO tailwindcss_oxide::scanner: Reading "C:\\Users\\amiri\\FavoritePart\\scripts\\check-duplicates.ts"
2026-01-19T01:27:26.501965Z  INFO tailwindcss_oxide::scanner: Reading "C:\\Users\\amiri\\FavoritePart\\scripts\\check_artists.js"
2026-01-19T01:27:26.501993Z  INFO tailwindcss_oxide::scanner: Reading "C:\\Users\\amiri\\FavoritePart\\src\\hooks\\useSoundEffects.ts"
2026-01-19T01:27:26.501994Z  INFO tailwindcss_oxide::scanner: Reading "C:\\Users\\amiri\\FavoritePart\\src\\lib\\supabase\\server.ts"
2026-01-19T01:27:26.501996Z  INFO tailwindcss_oxide::scanner: Reading "C:\\Users\\amiri\\FavoritePart\\src\\lib\\chapters.ts"
2026-01-19T01:27:26.502001Z  INFO tailwindcss_oxide::scanner: Reading "C:\\Users\\amiri\\FavoritePart\\src\\lib\\storage.ts"
2026-01-19T01:27:26.502027Z  INFO tailwindcss_oxide::scanner: Reading "C:\\Users\\amiri\\FavoritePart\\src\\lib\\timestamp.test.ts"
2026-01-19T01:27:26.502036Z  INFO tailwindcss_oxide::scanner: Reading "C:\\Users\\amiri\\FavoritePart\\src\\lib\\canonical.ts"
2026-01-19T01:27:26.502047Z  INFO tailwindcss_oxide::scanner: Reading "C:\\Users\\amiri\\FavoritePart\\src\\lib\\related.ts"
2026-01-19T01:27:26.502059Z  INFO tailwindcss_oxide::scanner: Reading "C:\\Users\\amiri\\FavoritePart\\supabase\\migrations\\force_fix_auth.sql"
2026-01-19T01:27:26.502082Z  INFO tailwindcss_oxide::scanner: Reading "C:\\Users\\amiri\\FavoritePart\\src\\lib\\metadata.ts"
2026-01-19T01:27:26.502052Z  INFO tailwindcss_oxide::scanner: Reading "C:\\Users\\amiri\\FavoritePart\\src\\lib\\supabase\\client.ts"
2026-01-19T01:27:26.502055Z  INFO tailwindcss_oxide::scanner: Reading "C:\\Users\\amiri\\FavoritePart\\src\\lib\\sanitize.ts"
2026-01-19T01:27:26.502433Z  INFO extract_candidates:read_all_files: tailwindcss_oxide::scanner: exit
2026-01-19T01:27:26.502456Z  INFO extract_candidates:parse_all_blobs: tailwindcss_oxide::scanner: enter
2026-01-19T01:27:26.502463Z  INFO extract_candidates:parse_all_blobs:extract: tailwindcss_oxide::scanner: enter
2026-01-19T01:27:26.505767Z  INFO extract_candidates:parse_all_blobs:extract: tailwindcss_oxide::scanner: exit
2026-01-19T01:27:26.506008Z  INFO extract_candidates:parse_all_blobs: tailwindcss_oxide::scanner: exit
2026-01-19T01:27:26.506021Z  INFO extract_candidates:read_all_files: tailwindcss_oxide::scanner: enter
2026-01-19T01:27:26.506026Z  INFO extract_candidates:read_all_files: tailwindcss_oxide::scanner: Reading 1 file(s)
2026-01-19T01:27:26.506149Z  INFO extract_candidates:read_all_files: tailwindcss_oxide::scanner: Reading "C:\\Users\\amiri\\FavoritePart\\app\\globals.css"
2026-01-19T01:27:26.506160Z  INFO extract_candidates:read_all_files: tailwindcss_oxide::scanner: exit
2026-01-19T01:27:26.506233Z  INFO extract_candidates:extract_css_variables: tailwindcss_oxide::scanner: enter
2026-01-19T01:27:26.506243Z  INFO extract_candidates:extract_css_variables:extract: tailwindcss_oxide::scanner: enter
2026-01-19T01:27:26.506508Z  INFO extract_candidates:extract_css_variables:extract: tailwindcss_oxide::scanner: exit
2026-01-19T01:27:26.506534Z  INFO extract_candidates:extract_css_variables: tailwindcss_oxide::scanner: exit
2026-01-19T01:27:26.507768Z  INFO extract_candidates: tailwindcss_oxide::scanner: exit
2026-01-19T01:27:26.509139Z  INFO get_files: tailwindcss_oxide::scanner: enter
2026-01-19T01:27:26.509155Z  INFO get_files:scan_sources: tailwindcss_oxide::scanner: enter
2026-01-19T01:27:26.510954Z  INFO get_files:scan_sources: tailwindcss_oxide::scanner: Discovering "C:\\Users\\amiri\\FavoritePart\\app"
2026-01-19T01:27:26.511173Z  INFO get_files:scan_sources: tailwindcss_oxide::scanner: Discovering "C:\\Users\\amiri\\FavoritePart\\app\\actions"
2026-01-19T01:27:26.511473Z  INFO get_files:scan_sources: tailwindcss_oxide::scanner: Discovering "C:\\Users\\amiri\\FavoritePart\\app\\api"
2026-01-19T01:27:26.511677Z  INFO get_files:scan_sources: tailwindcss_oxide::scanner: Discovering "C:\\Users\\amiri\\FavoritePart\\app\\api\\admin"
2026-01-19T01:27:26.512021Z  INFO get_files:scan_sources: tailwindcss_oxide::scanner: Discovering "C:\\Users\\amiri\\FavoritePart\\app\\api\\admin\\check-orphans"
2026-01-19T01:27:26.512304Z  INFO get_files:scan_sources: tailwindcss_oxide::scanner: Discovering "C:\\Users\\amiri\\FavoritePart\\app\\api\\admin\\fix-durations"
2026-01-19T01:27:26.512584Z  INFO get_files:scan_sources: tailwindcss_oxide::scanner: Discovering "C:\\Users\\amiri\\FavoritePart\\app\\api\\admin\\fix-orphans"
2026-01-19T01:27:26.512924Z  INFO get_files:scan_sources: tailwindcss_oxide::scanner: Discovering "C:\\Users\\amiri\\FavoritePart\\app\\api\\admin\\test-insert"
2026-01-19T01:27:26.513190Z  INFO get_files:scan_sources: tailwindcss_oxide::scanner: Discovering "C:\\Users\\amiri\\FavoritePart\\app\\api\\metadata"
2026-01-19T01:27:26.513434Z  INFO get_files:scan_sources: tailwindcss_oxide::scanner: Discovering "C:\\Users\\amiri\\FavoritePart\\app\\api\\moments"
2026-01-19T01:27:26.513688Z  INFO get_files:scan_sources: tailwindcss_oxide::scanner: Discovering "C:\\Users\\amiri\\FavoritePart\\app\\api\\moments\\[id]"
2026-01-19T01:27:26.513967Z  INFO get_files:scan_sources: tailwindcss_oxide::scanner: Discovering "C:\\Users\\amiri\\FavoritePart\\app\\api\\tracks"
2026-01-19T01:27:26.514194Z  INFO get_files:scan_sources: tailwindcss_oxide::scanner: Discovering "C:\\Users\\amiri\\FavoritePart\\app\\api\\tracks\\update-duration"
2026-01-19T01:27:26.514706Z  INFO get_files:scan_sources: tailwindcss_oxide::scanner: Discovering "C:\\Users\\amiri\\FavoritePart\\app\\explore"
2026-01-19T01:27:26.515248Z  INFO get_files:scan_sources: tailwindcss_oxide::scanner: Discovering "C:\\Users\\amiri\\FavoritePart\\app\\login"
2026-01-19T01:27:26.515552Z  INFO get_files:scan_sources: tailwindcss_oxide::scanner: Discovering "C:\\Users\\amiri\\FavoritePart\\app\\profile"
2026-01-19T01:27:26.515790Z  INFO get_files:scan_sources: tailwindcss_oxide::scanner: Discovering "C:\\Users\\amiri\\FavoritePart\\app\\room"
2026-01-19T01:27:26.515968Z  INFO get_files:scan_sources: tailwindcss_oxide::scanner: Discovering "C:\\Users\\amiri\\FavoritePart\\app\\room\\[id]"
2026-01-19T01:27:26.516318Z  INFO get_files:scan_sources: tailwindcss_oxide::scanner: Discovering "C:\\Users\\amiri\\FavoritePart\\data"
2026-01-19T01:27:26.516658Z  INFO get_files:scan_sources: tailwindcss_oxide::scanner: Discovering "C:\\Users\\amiri\\FavoritePart\\docs"
2026-01-19T01:27:26.517484Z  INFO get_files:scan_sources: tailwindcss_oxide::scanner: Discovering "C:\\Users\\amiri\\FavoritePart\\lib"
2026-01-19T01:27:26.518169Z  INFO get_files:scan_sources: tailwindcss_oxide::scanner: Discovering "C:\\Users\\amiri\\FavoritePart\\prisma"
2026-01-19T01:27:26.518345Z  INFO get_files:scan_sources: tailwindcss_oxide::scanner: Discovering "C:\\Users\\amiri\\FavoritePart\\prisma\\migrations"
2026-01-19T01:27:26.518547Z  INFO get_files:scan_sources: tailwindcss_oxide::scanner: Discovering "C:\\Users\\amiri\\FavoritePart\\prisma\\migrations\\20251128170036_init_with_seconds_and_service"
2026-01-19T01:27:26.518917Z  INFO get_files:scan_sources: tailwindcss_oxide::scanner: Discovering "C:\\Users\\amiri\\FavoritePart\\public"
2026-01-19T01:27:26.519168Z  INFO get_files:scan_sources: tailwindcss_oxide::scanner: Discovering "C:\\Users\\amiri\\FavoritePart\\public\\images"
2026-01-19T01:27:26.519407Z  INFO get_files:scan_sources: tailwindcss_oxide::scanner: Discovering "C:\\Users\\amiri\\FavoritePart\\public\\sounds"
2026-01-19T01:27:26.519799Z  INFO get_files:scan_sources: tailwindcss_oxide::scanner: Discovering "C:\\Users\\amiri\\FavoritePart\\scripts"
2026-01-19T01:27:26.521008Z  INFO get_files:scan_sources: tailwindcss_oxide::scanner: Discovering "C:\\Users\\amiri\\FavoritePart\\src"
2026-01-19T01:27:26.521235Z  INFO get_files:scan_sources: tailwindcss_oxide::scanner: Discovering "C:\\Users\\amiri\\FavoritePart\\src\\components"
2026-01-19T01:27:26.521500Z  INFO get_files:scan_sources: tailwindcss_oxide::scanner: Discovering "C:\\Users\\amiri\\FavoritePart\\src\\components\\debug"
2026-01-19T01:27:26.521730Z  INFO get_files:scan_sources: tailwindcss_oxide::scanner: Discovering "C:\\Users\\amiri\\FavoritePart\\src\\components\\icons"
2026-01-19T01:27:26.522541Z  INFO get_files:scan_sources: tailwindcss_oxide::scanner: Discovering "C:\\Users\\amiri\\FavoritePart\\src\\context"
2026-01-19T01:27:26.522896Z  INFO get_files:scan_sources: tailwindcss_oxide::scanner: Discovering "C:\\Users\\amiri\\FavoritePart\\src\\hooks"
2026-01-19T01:27:26.523271Z  INFO get_files:scan_sources: tailwindcss_oxide::scanner: Discovering "C:\\Users\\amiri\\FavoritePart\\src\\lib"
2026-01-19T01:27:26.523632Z  INFO get_files:scan_sources: tailwindcss_oxide::scanner: Discovering "C:\\Users\\amiri\\FavoritePart\\src\\lib\\supabase"
2026-01-19T01:27:26.523857Z  INFO get_files:scan_sources: tailwindcss_oxide::scanner: Discovering "C:\\Users\\amiri\\FavoritePart\\src\\types"
2026-01-19T01:27:26.523999Z  INFO get_files:scan_sources: tailwindcss_oxide::scanner: Discovering "C:\\Users\\amiri\\FavoritePart\\supabase"
2026-01-19T01:27:26.524082Z  INFO get_files:scan_sources: tailwindcss_oxide::scanner: Discovering "C:\\Users\\amiri\\FavoritePart\\supabase\\migrations"
2026-01-19T01:27:26.524495Z  INFO get_files:scan_sources: tailwindcss_oxide::scanner: exit
2026-01-19T01:27:26.524685Z  INFO get_files: tailwindcss_oxide::scanner: exit
2026-01-19T01:27:26.525282Z  INFO get_globs: tailwindcss_oxide::scanner: enter
2026-01-19T01:27:26.525292Z  INFO get_globs:scan_sources: tailwindcss_oxide::scanner: enter
2026-01-19T01:27:26.526310Z  INFO get_globs:scan_sources: tailwindcss_oxide::scanner: Discovering "C:\\Users\\amiri\\FavoritePart\\app"
2026-01-19T01:27:26.526465Z  INFO get_globs:scan_sources: tailwindcss_oxide::scanner: Discovering "C:\\Users\\amiri\\FavoritePart\\app\\actions"
2026-01-19T01:27:26.526603Z  INFO get_globs:scan_sources: tailwindcss_oxide::scanner: Discovering "C:\\Users\\amiri\\FavoritePart\\app\\api"
2026-01-19T01:27:26.526705Z  INFO get_globs:scan_sources: tailwindcss_oxide::scanner: Discovering "C:\\Users\\amiri\\FavoritePart\\app\\api\\admin"
2026-01-19T01:27:26.526805Z  INFO get_globs:scan_sources: tailwindcss_oxide::scanner: Discovering "C:\\Users\\amiri\\FavoritePart\\app\\api\\admin\\check-orphans"
2026-01-19T01:27:26.526941Z  INFO get_globs:scan_sources: tailwindcss_oxide::scanner: Discovering "C:\\Users\\amiri\\FavoritePart\\app\\api\\admin\\fix-durations"
2026-01-19T01:27:26.527348Z  INFO get_globs:scan_sources: tailwindcss_oxide::scanner: Discovering "C:\\Users\\amiri\\FavoritePart\\app\\api\\admin\\fix-orphans"
2026-01-19T01:27:26.527512Z  INFO get_globs:scan_sources: tailwindcss_oxide::scanner: Discovering "C:\\Users\\amiri\\FavoritePart\\app\\api\\admin\\test-insert"
2026-01-19T01:27:26.527654Z  INFO get_globs:scan_sources: tailwindcss_oxide::scanner: Discovering "C:\\Users\\amiri\\FavoritePart\\app\\api\\metadata"
2026-01-19T01:27:26.527799Z  INFO get_globs:scan_sources: tailwindcss_oxide::scanner: Discovering "C:\\Users\\amiri\\FavoritePart\\app\\api\\moments"
2026-01-19T01:27:26.527937Z  INFO get_globs:scan_sources: tailwindcss_oxide::scanner: Discovering "C:\\Users\\amiri\\FavoritePart\\app\\api\\moments\\[id]"
2026-01-19T01:27:26.528108Z  INFO get_globs:scan_sources: tailwindcss_oxide::scanner: Discovering "C:\\Users\\amiri\\FavoritePart\\app\\api\\tracks"
2026-01-19T01:27:26.528200Z  INFO get_globs:scan_sources: tailwindcss_oxide::scanner: Discovering "C:\\Users\\amiri\\FavoritePart\\app\\api\\tracks\\update-duration"
2026-01-19T01:27:26.528355Z  INFO get_globs:scan_sources: tailwindcss_oxide::scanner: Discovering "C:\\Users\\amiri\\FavoritePart\\app\\explore"
2026-01-19T01:27:26.528577Z  INFO get_globs:scan_sources: tailwindcss_oxide::scanner: Discovering "C:\\Users\\amiri\\FavoritePart\\app\\login"
2026-01-19T01:27:26.528727Z  INFO get_globs:scan_sources: tailwindcss_oxide::scanner: Discovering "C:\\Users\\amiri\\FavoritePart\\app\\profile"
2026-01-19T01:27:26.528849Z  INFO get_globs:scan_sources: tailwindcss_oxide::scanner: Discovering "C:\\Users\\amiri\\FavoritePart\\app\\room"
2026-01-19T01:27:26.528943Z  INFO get_globs:scan_sources: tailwindcss_oxide::scanner: Discovering "C:\\Users\\amiri\\FavoritePart\\app\\room\\[id]"
2026-01-19T01:27:26.529139Z  INFO get_globs:scan_sources: tailwindcss_oxide::scanner: Discovering "C:\\Users\\amiri\\FavoritePart\\data"
2026-01-19T01:27:26.529326Z  INFO get_globs:scan_sources: tailwindcss_oxide::scanner: Discovering "C:\\Users\\amiri\\FavoritePart\\docs"
2026-01-19T01:27:26.529817Z  INFO get_globs:scan_sources: tailwindcss_oxide::scanner: Discovering "C:\\Users\\amiri\\FavoritePart\\lib"
2026-01-19T01:27:26.530196Z  INFO get_globs:scan_sources: tailwindcss_oxide::scanner: Discovering "C:\\Users\\amiri\\FavoritePart\\prisma"
2026-01-19T01:27:26.530295Z  INFO get_globs:scan_sources: tailwindcss_oxide::scanner: Discovering "C:\\Users\\amiri\\FavoritePart\\prisma\\migrations"
2026-01-19T01:27:26.530397Z  INFO get_globs:scan_sources: tailwindcss_oxide::scanner: Discovering "C:\\Users\\amiri\\FavoritePart\\prisma\\migrations\\20251128170036_init_with_seconds_and_service"
2026-01-19T01:27:26.530615Z  INFO get_globs:scan_sources: tailwindcss_oxide::scanner: Discovering "C:\\Users\\amiri\\FavoritePart\\public"
2026-01-19T01:27:26.530762Z  INFO get_globs:scan_sources: tailwindcss_oxide::scanner: Discovering "C:\\Users\\amiri\\FavoritePart\\public\\images"
2026-01-19T01:27:26.530899Z  INFO get_globs:scan_sources: tailwindcss_oxide::scanner: Discovering "C:\\Users\\amiri\\FavoritePart\\public\\sounds"
2026-01-19T01:27:26.531138Z  INFO get_globs:scan_sources: tailwindcss_oxide::scanner: Discovering "C:\\Users\\amiri\\FavoritePart\\scripts"
2026-01-19T01:27:26.531822Z  INFO get_globs:scan_sources: tailwindcss_oxide::scanner: Discovering "C:\\Users\\amiri\\FavoritePart\\src"
2026-01-19T01:27:26.531944Z  INFO get_globs:scan_sources: tailwindcss_oxide::scanner: Discovering "C:\\Users\\amiri\\FavoritePart\\src\\components"
2026-01-19T01:27:26.532070Z  INFO get_globs:scan_sources: tailwindcss_oxide::scanner: Discovering "C:\\Users\\amiri\\FavoritePart\\src\\components\\debug"
2026-01-19T01:27:26.532182Z  INFO get_globs:scan_sources: tailwindcss_oxide::scanner: Discovering "C:\\Users\\amiri\\FavoritePart\\src\\components\\icons"
2026-01-19T01:27:26.532560Z  INFO get_globs:scan_sources: tailwindcss_oxide::scanner: Discovering "C:\\Users\\amiri\\FavoritePart\\src\\context"
2026-01-19T01:27:26.532720Z  INFO get_globs:scan_sources: tailwindcss_oxide::scanner: Discovering "C:\\Users\\amiri\\FavoritePart\\src\\hooks"
2026-01-19T01:27:26.532890Z  INFO get_globs:scan_sources: tailwindcss_oxide::scanner: Discovering "C:\\Users\\amiri\\FavoritePart\\src\\lib"
2026-01-19T01:27:26.533127Z  INFO get_globs:scan_sources: tailwindcss_oxide::scanner: Discovering "C:\\Users\\amiri\\FavoritePart\\src\\lib\\supabase"
2026-01-19T01:27:26.533368Z  INFO get_globs:scan_sources: tailwindcss_oxide::scanner: Discovering "C:\\Users\\amiri\\FavoritePart\\src\\types"
2026-01-19T01:27:26.533538Z  INFO get_globs:scan_sources: tailwindcss_oxide::scanner: Discovering "C:\\Users\\amiri\\FavoritePart\\supabase"
2026-01-19T01:27:26.533642Z  INFO get_globs:scan_sources: tailwindcss_oxide::scanner: Discovering "C:\\Users\\amiri\\FavoritePart\\supabase\\migrations"
2026-01-19T01:27:26.534060Z  INFO get_globs:scan_sources: tailwindcss_oxide::scanner: exit
2026-01-19T01:27:26.544113Z  INFO get_globs: tailwindcss_oxide::scanner: exit
