2026-01-18T23:04:14.462690Z  INFO tailwindcss_oxide::scanner: Provided sources:
2026-01-18T23:04:14.462786Z  INFO tailwindcss_oxide::scanner: Source: PublicSourceEntry { base: "C:\\Users\\amiri\\FavoritePart", pattern: "**/*", negated: false }
2026-01-18T23:04:14.462914Z  INFO tailwindcss_oxide::scanner: Optimized sources:
2026-01-18T23:04:14.462925Z  INFO tailwindcss_oxide::scanner: Source: Auto { base: "C:\\Users\\amiri\\FavoritePart" }
2026-01-18T23:04:14.464203Z  INFO scan_sources: tailwindcss_oxide::scanner: enter
2026-01-18T23:04:14.465889Z  INFO scan_sources: tailwindcss_oxide::scanner: Discovering "C:\\Users\\amiri\\FavoritePart\\app"
2026-01-18T23:04:14.467686Z  INFO scan_sources: tailwindcss_oxide::scanner: Discovering "C:\\Users\\amiri\\FavoritePart\\app\\actions"
2026-01-18T23:04:14.467780Z  INFO scan_sources: tailwindcss_oxide::scanner: Discovering "C:\\Users\\amiri\\FavoritePart\\app\\actions\\moments.ts"
2026-01-18T23:04:14.467861Z  INFO scan_sources: tailwindcss_oxide::scanner: Discovering "C:\\Users\\amiri\\FavoritePart\\app\\api"
2026-01-18T23:04:14.467958Z  INFO scan_sources: tailwindcss_oxide::scanner: Discovering "C:\\Users\\amiri\\FavoritePart\\app\\api\\admin"
2026-01-18T23:04:14.468056Z  INFO scan_sources: tailwindcss_oxide::scanner: Discovering "C:\\Users\\amiri\\FavoritePart\\app\\api\\admin\\check-orphans"
2026-01-18T23:04:14.468130Z  INFO scan_sources: tailwindcss_oxide::scanner: Discovering "C:\\Users\\amiri\\FavoritePart\\app\\api\\admin\\check-orphans\\route.ts"
2026-01-18T23:04:14.468193Z  INFO scan_sources: tailwindcss_oxide::scanner: Discovering "C:\\Users\\amiri\\FavoritePart\\app\\api\\admin\\fix-durations"
2026-01-18T23:04:14.468262Z  INFO scan_sources: tailwindcss_oxide::scanner: Discovering "C:\\Users\\amiri\\FavoritePart\\app\\api\\admin\\fix-durations\\route.ts"
2026-01-18T23:04:14.468324Z  INFO scan_sources: tailwindcss_oxide::scanner: Discovering "C:\\Users\\amiri\\FavoritePart\\app\\api\\admin\\fix-orphans"
2026-01-18T23:04:14.468392Z  INFO scan_sources: tailwindcss_oxide::scanner: Discovering "C:\\Users\\amiri\\FavoritePart\\app\\api\\admin\\fix-orphans\\route.ts"
2026-01-18T23:04:14.468455Z  INFO scan_sources: tailwindcss_oxide::scanner: Discovering "C:\\Users\\amiri\\FavoritePart\\app\\api\\admin\\test-insert"
2026-01-18T23:04:14.468521Z  INFO scan_sources: tailwindcss_oxide::scanner: Discovering "C:\\Users\\amiri\\FavoritePart\\app\\api\\admin\\test-insert\\route.ts"
2026-01-18T23:04:14.468593Z  INFO scan_sources: tailwindcss_oxide::scanner: Discovering "C:\\Users\\amiri\\FavoritePart\\app\\api\\metadata"
2026-01-18T23:04:14.468657Z  INFO scan_sources: tailwindcss_oxide::scanner: Discovering "C:\\Users\\amiri\\FavoritePart\\app\\api\\metadata\\route.ts"
2026-01-18T23:04:14.468717Z  INFO scan_sources: tailwindcss_oxide::scanner: Discovering "C:\\Users\\amiri\\FavoritePart\\app\\api\\moments"
2026-01-18T23:04:14.468784Z  INFO scan_sources: tailwindcss_oxide::scanner: Discovering "C:\\Users\\amiri\\FavoritePart\\app\\api\\moments\\route.ts"
2026-01-18T23:04:14.468835Z  INFO scan_sources: tailwindcss_oxide::scanner: Discovering "C:\\Users\\amiri\\FavoritePart\\app\\api\\moments\\[id]"
2026-01-18T23:04:14.468919Z  INFO scan_sources: tailwindcss_oxide::scanner: Discovering "C:\\Users\\amiri\\FavoritePart\\app\\api\\moments\\[id]\\like"
2026-01-18T23:04:14.468987Z  INFO scan_sources: tailwindcss_oxide::scanner: Discovering "C:\\Users\\amiri\\FavoritePart\\app\\api\\moments\\[id]\\like\\route.ts"
2026-01-18T23:04:14.469046Z  INFO scan_sources: tailwindcss_oxide::scanner: Discovering "C:\\Users\\amiri\\FavoritePart\\app\\api\\moments\\[id]\\refresh"
2026-01-18T23:04:14.469112Z  INFO scan_sources: tailwindcss_oxide::scanner: Discovering "C:\\Users\\amiri\\FavoritePart\\app\\api\\moments\\[id]\\refresh\\route.ts"
2026-01-18T23:04:14.469157Z  INFO scan_sources: tailwindcss_oxide::scanner: Discovering "C:\\Users\\amiri\\FavoritePart\\app\\api\\moments\\[id]\\route.ts"
2026-01-18T23:04:14.469224Z  INFO scan_sources: tailwindcss_oxide::scanner: Discovering "C:\\Users\\amiri\\FavoritePart\\app\\api\\related"
2026-01-18T23:04:14.469327Z  INFO scan_sources: tailwindcss_oxide::scanner: Discovering "C:\\Users\\amiri\\FavoritePart\\app\\api\\related\\route.ts"
2026-01-18T23:04:14.469393Z  INFO scan_sources: tailwindcss_oxide::scanner: Discovering "C:\\Users\\amiri\\FavoritePart\\app\\api\\tracks"
2026-01-18T23:04:14.469479Z  INFO scan_sources: tailwindcss_oxide::scanner: Discovering "C:\\Users\\amiri\\FavoritePart\\app\\api\\tracks\\update-duration"
2026-01-18T23:04:14.469547Z  INFO scan_sources: tailwindcss_oxide::scanner: Discovering "C:\\Users\\amiri\\FavoritePart\\app\\api\\tracks\\update-duration\\route.ts"
2026-01-18T23:04:14.469632Z  INFO scan_sources: tailwindcss_oxide::scanner: Discovering "C:\\Users\\amiri\\FavoritePart\\app\\explore"
2026-01-18T23:04:14.469700Z  INFO scan_sources: tailwindcss_oxide::scanner: Discovering "C:\\Users\\amiri\\FavoritePart\\app\\explore\\actions.ts"
2026-01-18T23:04:14.469736Z  INFO scan_sources: tailwindcss_oxide::scanner: Discovering "C:\\Users\\amiri\\FavoritePart\\app\\explore\\layout.tsx"
2026-01-18T23:04:14.469775Z  INFO scan_sources: tailwindcss_oxide::scanner: Discovering "C:\\Users\\amiri\\FavoritePart\\app\\explore\\page.tsx"
2026-01-18T23:04:14.469823Z  INFO scan_sources: tailwindcss_oxide::scanner: Discovering "C:\\Users\\amiri\\FavoritePart\\app\\globals.css"
2026-01-18T23:04:14.469857Z  INFO scan_sources: tailwindcss_oxide::scanner: Discovering "C:\\Users\\amiri\\FavoritePart\\app\\layout.tsx"
2026-01-18T23:04:14.469909Z  INFO scan_sources: tailwindcss_oxide::scanner: Discovering "C:\\Users\\amiri\\FavoritePart\\app\\login"
2026-01-18T23:04:14.469977Z  INFO scan_sources: tailwindcss_oxide::scanner: Discovering "C:\\Users\\amiri\\FavoritePart\\app\\login\\page.tsx"
2026-01-18T23:04:14.470022Z  INFO scan_sources: tailwindcss_oxide::scanner: Discovering "C:\\Users\\amiri\\FavoritePart\\app\\page.tsx"
2026-01-18T23:04:14.470073Z  INFO scan_sources: tailwindcss_oxide::scanner: Discovering "C:\\Users\\amiri\\FavoritePart\\app\\profile"
2026-01-18T23:04:14.470138Z  INFO scan_sources: tailwindcss_oxide::scanner: Discovering "C:\\Users\\amiri\\FavoritePart\\app\\profile\\page.tsx"
2026-01-18T23:04:14.470200Z  INFO scan_sources: tailwindcss_oxide::scanner: Discovering "C:\\Users\\amiri\\FavoritePart\\app\\room"
2026-01-18T23:04:14.470283Z  INFO scan_sources: tailwindcss_oxide::scanner: Discovering "C:\\Users\\amiri\\FavoritePart\\app\\room\\[id]"
2026-01-18T23:04:14.470363Z  INFO scan_sources: tailwindcss_oxide::scanner: Discovering "C:\\Users\\amiri\\FavoritePart\\app\\room\\[id]\\page.tsx"
2026-01-18T23:04:14.470455Z  INFO scan_sources: tailwindcss_oxide::scanner: Discovering "C:\\Users\\amiri\\FavoritePart\\build-log.txt"
2026-01-18T23:04:14.470510Z  INFO scan_sources: tailwindcss_oxide::scanner: Discovering "C:\\Users\\amiri\\FavoritePart\\data"
2026-01-18T23:04:14.470578Z  INFO scan_sources: tailwindcss_oxide::scanner: Discovering "C:\\Users\\amiri\\FavoritePart\\data\\moments.json"
2026-01-18T23:04:14.470626Z  INFO scan_sources: tailwindcss_oxide::scanner: Discovering "C:\\Users\\amiri\\FavoritePart\\debug_output.txt"
2026-01-18T23:04:14.470663Z  INFO scan_sources: tailwindcss_oxide::scanner: Discovering "C:\\Users\\amiri\\FavoritePart\\debug_results.txt"
2026-01-18T23:04:14.470720Z  INFO scan_sources: tailwindcss_oxide::scanner: Discovering "C:\\Users\\amiri\\FavoritePart\\docs"
2026-01-18T23:04:14.470798Z  INFO scan_sources: tailwindcss_oxide::scanner: Discovering "C:\\Users\\amiri\\FavoritePart\\docs\\AUTH_DEBUGGING_LESSONS.md"
2026-01-18T23:04:14.470836Z  INFO scan_sources: tailwindcss_oxide::scanner: Discovering "C:\\Users\\amiri\\FavoritePart\\docs\\CHAPTERS_UX_IMPACT.md"
2026-01-18T23:04:14.470872Z  INFO scan_sources: tailwindcss_oxide::scanner: Discovering "C:\\Users\\amiri\\FavoritePart\\docs\\DICTIONARY.md"
2026-01-18T23:04:14.470912Z  INFO scan_sources: tailwindcss_oxide::scanner: Discovering "C:\\Users\\amiri\\FavoritePart\\docs\\METADATA_UI_PLACEMENT.md"
2026-01-18T23:04:14.470950Z  INFO scan_sources: tailwindcss_oxide::scanner: Discovering "C:\\Users\\amiri\\FavoritePart\\docs\\MINI_TIMELINE_ISSUE.md"
2026-01-18T23:04:14.471003Z  INFO scan_sources: tailwindcss_oxide::scanner: Discovering "C:\\Users\\amiri\\FavoritePart\\docs\\Moment_Capture_Logic.md"
2026-01-18T23:04:14.471041Z  INFO scan_sources: tailwindcss_oxide::scanner: Discovering "C:\\Users\\amiri\\FavoritePart\\docs\\North_Start.md"
2026-01-18T23:04:14.471077Z  INFO scan_sources: tailwindcss_oxide::scanner: Discovering "C:\\Users\\amiri\\FavoritePart\\docs\\ONE_PAGER.md"
2026-01-18T23:04:14.471115Z  INFO scan_sources: tailwindcss_oxide::scanner: Discovering "C:\\Users\\amiri\\FavoritePart\\docs\\PROFILE_USERNAME_ISSUE.md"
2026-01-18T23:04:14.471154Z  INFO scan_sources: tailwindcss_oxide::scanner: Discovering "C:\\Users\\amiri\\FavoritePart\\docs\\ROADMAP.md"
2026-01-18T23:04:14.471193Z  INFO scan_sources: tailwindcss_oxide::scanner: Discovering "C:\\Users\\amiri\\FavoritePart\\docs\\ROADMAP_REVERSE.md"
2026-01-18T23:04:14.471232Z  INFO scan_sources: tailwindcss_oxide::scanner: Discovering "C:\\Users\\amiri\\FavoritePart\\docs\\TECH_SPEC.md"
2026-01-18T23:04:14.471271Z  INFO scan_sources: tailwindcss_oxide::scanner: Discovering "C:\\Users\\amiri\\FavoritePart\\docs\\Timeline_Feature_Reference.md"
2026-01-18T23:04:14.471316Z  INFO scan_sources: tailwindcss_oxide::scanner: Discovering "C:\\Users\\amiri\\FavoritePart\\docs\\YOUTUBE_API_CAPABILITIES.md"
2026-01-18T23:04:14.471371Z  INFO scan_sources: tailwindcss_oxide::scanner: Discovering "C:\\Users\\amiri\\FavoritePart\\eslint.config.mjs"
2026-01-18T23:04:14.471411Z  INFO scan_sources: tailwindcss_oxide::scanner: Discovering "C:\\Users\\amiri\\FavoritePart\\implementation_plan.md"
2026-01-18T23:04:14.471467Z  INFO scan_sources: tailwindcss_oxide::scanner: Discovering "C:\\Users\\amiri\\FavoritePart\\lib"
2026-01-18T23:04:14.471551Z  INFO scan_sources: tailwindcss_oxide::scanner: Discovering "C:\\Users\\amiri\\FavoritePart\\lint_output.txt"
2026-01-18T23:04:14.471589Z  INFO scan_sources: tailwindcss_oxide::scanner: Discovering "C:\\Users\\amiri\\FavoritePart\\lint_output_2.txt"
2026-01-18T23:04:14.471628Z  INFO scan_sources: tailwindcss_oxide::scanner: Discovering "C:\\Users\\amiri\\FavoritePart\\middleware.ts"
2026-01-18T23:04:14.471666Z  INFO scan_sources: tailwindcss_oxide::scanner: Discovering "C:\\Users\\amiri\\FavoritePart\\migration_error.txt"
2026-01-18T23:04:14.471709Z  INFO scan_sources: tailwindcss_oxide::scanner: Discovering "C:\\Users\\amiri\\FavoritePart\\next.config.ts"
2026-01-18T23:04:14.471841Z  INFO scan_sources: tailwindcss_oxide::scanner: Discovering "C:\\Users\\amiri\\FavoritePart\\package.json"
2026-01-18T23:04:14.471880Z  INFO scan_sources: tailwindcss_oxide::scanner: Discovering "C:\\Users\\amiri\\FavoritePart\\postcss.config.mjs"
2026-01-18T23:04:14.471936Z  INFO scan_sources: tailwindcss_oxide::scanner: Discovering "C:\\Users\\amiri\\FavoritePart\\prisma"
2026-01-18T23:04:14.472028Z  INFO scan_sources: tailwindcss_oxide::scanner: Discovering "C:\\Users\\amiri\\FavoritePart\\prisma\\migrations"
2026-01-18T23:04:14.472128Z  INFO scan_sources: tailwindcss_oxide::scanner: Discovering "C:\\Users\\amiri\\FavoritePart\\prisma\\migrations\\20251128170036_init_with_seconds_and_service"
2026-01-18T23:04:14.472210Z  INFO scan_sources: tailwindcss_oxide::scanner: Discovering "C:\\Users\\amiri\\FavoritePart\\prisma\\migrations\\20251128170036_init_with_seconds_and_service\\migration.sql"
2026-01-18T23:04:14.472262Z  INFO scan_sources: tailwindcss_oxide::scanner: Discovering "C:\\Users\\amiri\\FavoritePart\\prisma\\migrations\\migration_lock.toml"
2026-01-18T23:04:14.472315Z  INFO scan_sources: tailwindcss_oxide::scanner: Discovering "C:\\Users\\amiri\\FavoritePart\\prisma\\schema.prisma"
2026-01-18T23:04:14.472383Z  INFO scan_sources: tailwindcss_oxide::scanner: Discovering "C:\\Users\\amiri\\FavoritePart\\public"
2026-01-18T23:04:14.472460Z  INFO scan_sources: tailwindcss_oxide::scanner: Discovering "C:\\Users\\amiri\\FavoritePart\\public\\file.svg"
2026-01-18T23:04:14.472499Z  INFO scan_sources: tailwindcss_oxide::scanner: Discovering "C:\\Users\\amiri\\FavoritePart\\public\\globe.svg"
2026-01-18T23:04:14.472557Z  INFO scan_sources: tailwindcss_oxide::scanner: Discovering "C:\\Users\\amiri\\FavoritePart\\public\\images"
2026-01-18T23:04:14.472645Z  INFO scan_sources: tailwindcss_oxide::scanner: Discovering "C:\\Users\\amiri\\FavoritePart\\public\\next.svg"
2026-01-18T23:04:14.472700Z  INFO scan_sources: tailwindcss_oxide::scanner: Discovering "C:\\Users\\amiri\\FavoritePart\\public\\sounds"
2026-01-18T23:04:14.472801Z  INFO scan_sources: tailwindcss_oxide::scanner: Discovering "C:\\Users\\amiri\\FavoritePart\\public\\vercel.svg"
2026-01-18T23:04:14.472842Z  INFO scan_sources: tailwindcss_oxide::scanner: Discovering "C:\\Users\\amiri\\FavoritePart\\public\\window.svg"
2026-01-18T23:04:14.472896Z  INFO scan_sources: tailwindcss_oxide::scanner: Discovering "C:\\Users\\amiri\\FavoritePart\\public_schema_dump.sql"
2026-01-18T23:04:14.472936Z  INFO scan_sources: tailwindcss_oxide::scanner: Discovering "C:\\Users\\amiri\\FavoritePart\\README.md"
2026-01-18T23:04:14.472997Z  INFO scan_sources: tailwindcss_oxide::scanner: Discovering "C:\\Users\\amiri\\FavoritePart\\scripts"
2026-01-18T23:04:14.473083Z  INFO scan_sources: tailwindcss_oxide::scanner: Discovering "C:\\Users\\amiri\\FavoritePart\\scripts\\backfill_artists.js"
2026-01-18T23:04:14.473122Z  INFO scan_sources: tailwindcss_oxide::scanner: Discovering "C:\\Users\\amiri\\FavoritePart\\scripts\\backfill_canonical.ts"
2026-01-18T23:04:14.473162Z  INFO scan_sources: tailwindcss_oxide::scanner: Discovering "C:\\Users\\amiri\\FavoritePart\\scripts\\backfill_savedby.ts"
2026-01-18T23:04:14.473201Z  INFO scan_sources: tailwindcss_oxide::scanner: Discovering "C:\\Users\\amiri\\FavoritePart\\scripts\\check-duplicates.ts"
2026-01-18T23:04:14.473239Z  INFO scan_sources: tailwindcss_oxide::scanner: Discovering "C:\\Users\\amiri\\FavoritePart\\scripts\\check_artists.js"
2026-01-18T23:04:14.473279Z  INFO scan_sources: tailwindcss_oxide::scanner: Discovering "C:\\Users\\amiri\\FavoritePart\\scripts\\check_durations.js"
2026-01-18T23:04:14.473336Z  INFO scan_sources: tailwindcss_oxide::scanner: Discovering "C:\\Users\\amiri\\FavoritePart\\scripts\\check_moment.js"
2026-01-18T23:04:14.473375Z  INFO scan_sources: tailwindcss_oxide::scanner: Discovering "C:\\Users\\amiri\\FavoritePart\\scripts\\check_secret.js"
2026-01-18T23:04:14.473417Z  INFO scan_sources: tailwindcss_oxide::scanner: Discovering "C:\\Users\\amiri\\FavoritePart\\scripts\\debug-plaza.ts"
2026-01-18T23:04:14.473457Z  INFO scan_sources: tailwindcss_oxide::scanner: Discovering "C:\\Users\\amiri\\FavoritePart\\scripts\\debug_moments.ts"
2026-01-18T23:04:14.473496Z  INFO scan_sources: tailwindcss_oxide::scanner: Discovering "C:\\Users\\amiri\\FavoritePart\\scripts\\debug_prisma_client.ts"
2026-01-18T23:04:14.473536Z  INFO scan_sources: tailwindcss_oxide::scanner: Discovering "C:\\Users\\amiri\\FavoritePart\\scripts\\debug_signup_schema.ts"
2026-01-18T23:04:14.473575Z  INFO scan_sources: tailwindcss_oxide::scanner: Discovering "C:\\Users\\amiri\\FavoritePart\\scripts\\debug_tables.ts"
2026-01-18T23:04:14.473615Z  INFO scan_sources: tailwindcss_oxide::scanner: Discovering "C:\\Users\\amiri\\FavoritePart\\scripts\\deploy_db.js"
2026-01-18T23:04:14.473653Z  INFO scan_sources: tailwindcss_oxide::scanner: Discovering "C:\\Users\\amiri\\FavoritePart\\scripts\\fix_broken_durations.ts"
2026-01-18T23:04:14.473691Z  INFO scan_sources: tailwindcss_oxide::scanner: Discovering "C:\\Users\\amiri\\FavoritePart\\scripts\\migrate-legacy-moments.js"
2026-01-18T23:04:14.473730Z  INFO scan_sources: tailwindcss_oxide::scanner: Discovering "C:\\Users\\amiri\\FavoritePart\\scripts\\migrate-legacy-moments.ts"
2026-01-18T23:04:14.473768Z  INFO scan_sources: tailwindcss_oxide::scanner: Discovering "C:\\Users\\amiri\\FavoritePart\\scripts\\test-metadata.ts"
2026-01-18T23:04:14.473805Z  INFO scan_sources: tailwindcss_oxide::scanner: Discovering "C:\\Users\\amiri\\FavoritePart\\scripts\\test-register.js"
2026-01-18T23:04:14.473842Z  INFO scan_sources: tailwindcss_oxide::scanner: Discovering "C:\\Users\\amiri\\FavoritePart\\scripts\\test-spotify.ts"
2026-01-18T23:04:14.473898Z  INFO scan_sources: tailwindcss_oxide::scanner: Discovering "C:\\Users\\amiri\\FavoritePart\\scripts\\test-youtube.js"
2026-01-18T23:04:14.473937Z  INFO scan_sources: tailwindcss_oxide::scanner: Discovering "C:\\Users\\amiri\\FavoritePart\\scripts\\test_aggregation.ts"
2026-01-18T23:04:14.473976Z  INFO scan_sources: tailwindcss_oxide::scanner: Discovering "C:\\Users\\amiri\\FavoritePart\\scripts\\verify_db.js"
2026-01-18T23:04:14.474015Z  INFO scan_sources: tailwindcss_oxide::scanner: Discovering "C:\\Users\\amiri\\FavoritePart\\scripts\\verify_schema_fields.ts"
2026-01-18T23:04:14.474055Z  INFO scan_sources: tailwindcss_oxide::scanner: Discovering "C:\\Users\\amiri\\FavoritePart\\scripts\\verify_sqlite.js"
2026-01-18T23:04:14.474127Z  INFO scan_sources: tailwindcss_oxide::scanner: Discovering "C:\\Users\\amiri\\FavoritePart\\src"
2026-01-18T23:04:14.474225Z  INFO scan_sources: tailwindcss_oxide::scanner: Discovering "C:\\Users\\amiri\\FavoritePart\\src\\components"
2026-01-18T23:04:14.474305Z  INFO scan_sources: tailwindcss_oxide::scanner: Discovering "C:\\Users\\amiri\\FavoritePart\\src\\components\\ArtistCard.tsx"
2026-01-18T23:04:14.474362Z  INFO scan_sources: tailwindcss_oxide::scanner: Discovering "C:\\Users\\amiri\\FavoritePart\\src\\components\\debug"
2026-01-18T23:04:14.474466Z  INFO scan_sources: tailwindcss_oxide::scanner: Discovering "C:\\Users\\amiri\\FavoritePart\\src\\components\\icons"
2026-01-18T23:04:14.474541Z  INFO scan_sources: tailwindcss_oxide::scanner: Discovering "C:\\Users\\amiri\\FavoritePart\\src\\components\\icons\\MyMomentIcon.tsx"
2026-01-18T23:04:14.474594Z  INFO scan_sources: tailwindcss_oxide::scanner: Discovering "C:\\Users\\amiri\\FavoritePart\\src\\components\\MomentCard.tsx"
2026-01-18T23:04:14.474634Z  INFO scan_sources: tailwindcss_oxide::scanner: Discovering "C:\\Users\\amiri\\FavoritePart\\src\\components\\MomentGroup.tsx"
2026-01-18T23:04:14.474674Z  INFO scan_sources: tailwindcss_oxide::scanner: Discovering "C:\\Users\\amiri\\FavoritePart\\src\\components\\MomentTimeline.tsx"
2026-01-18T23:04:14.474714Z  INFO scan_sources: tailwindcss_oxide::scanner: Discovering "C:\\Users\\amiri\\FavoritePart\\src\\components\\Navbar.tsx"
2026-01-18T23:04:14.474754Z  INFO scan_sources: tailwindcss_oxide::scanner: Discovering "C:\\Users\\amiri\\FavoritePart\\src\\components\\PlayerTimeline.tsx"
2026-01-18T23:04:14.474793Z  INFO scan_sources: tailwindcss_oxide::scanner: Discovering "C:\\Users\\amiri\\FavoritePart\\src\\components\\RelatedStrip.tsx"
2026-01-18T23:04:14.474832Z  INFO scan_sources: tailwindcss_oxide::scanner: Discovering "C:\\Users\\amiri\\FavoritePart\\src\\components\\SettingsSidebar.tsx"
2026-01-18T23:04:14.474871Z  INFO scan_sources: tailwindcss_oxide::scanner: Discovering "C:\\Users\\amiri\\FavoritePart\\src\\components\\SongCard.tsx"
2026-01-18T23:04:14.474911Z  INFO scan_sources: tailwindcss_oxide::scanner: Discovering "C:\\Users\\amiri\\FavoritePart\\src\\components\\ThreadComment.tsx"
2026-01-18T23:04:14.474951Z  INFO scan_sources: tailwindcss_oxide::scanner: Discovering "C:\\Users\\amiri\\FavoritePart\\src\\components\\TrackCard.tsx"
2026-01-18T23:04:14.475021Z  INFO scan_sources: tailwindcss_oxide::scanner: Discovering "C:\\Users\\amiri\\FavoritePart\\src\\context"
2026-01-18T23:04:14.475105Z  INFO scan_sources: tailwindcss_oxide::scanner: Discovering "C:\\Users\\amiri\\FavoritePart\\src\\context\\AuthContext.tsx"
2026-01-18T23:04:14.475145Z  INFO scan_sources: tailwindcss_oxide::scanner: Discovering "C:\\Users\\amiri\\FavoritePart\\src\\context\\FilterContext.tsx"
2026-01-18T23:04:14.475216Z  INFO scan_sources: tailwindcss_oxide::scanner: Discovering "C:\\Users\\amiri\\FavoritePart\\src\\hooks"
2026-01-18T23:04:14.475291Z  INFO scan_sources: tailwindcss_oxide::scanner: Discovering "C:\\Users\\amiri\\FavoritePart\\src\\hooks\\usePlaybackGuard.ts"
2026-01-18T23:04:14.475330Z  INFO scan_sources: tailwindcss_oxide::scanner: Discovering "C:\\Users\\amiri\\FavoritePart\\src\\hooks\\useSoundEffects.ts"
2026-01-18T23:04:14.475418Z  INFO scan_sources: tailwindcss_oxide::scanner: Discovering "C:\\Users\\amiri\\FavoritePart\\src\\lib"
2026-01-18T23:04:14.475502Z  INFO scan_sources: tailwindcss_oxide::scanner: Discovering "C:\\Users\\amiri\\FavoritePart\\src\\lib\\canonical.ts"
2026-01-18T23:04:14.475543Z  INFO scan_sources: tailwindcss_oxide::scanner: Discovering "C:\\Users\\amiri\\FavoritePart\\src\\lib\\chapters.ts"
2026-01-18T23:04:14.475582Z  INFO scan_sources: tailwindcss_oxide::scanner: Discovering "C:\\Users\\amiri\\FavoritePart\\src\\lib\\metadata.ts"
2026-01-18T23:04:14.475621Z  INFO scan_sources: tailwindcss_oxide::scanner: Discovering "C:\\Users\\amiri\\FavoritePart\\src\\lib\\prisma.ts"
2026-01-18T23:04:14.475660Z  INFO scan_sources: tailwindcss_oxide::scanner: Discovering "C:\\Users\\amiri\\FavoritePart\\src\\lib\\related.ts"
2026-01-18T23:04:14.475700Z  INFO scan_sources: tailwindcss_oxide::scanner: Discovering "C:\\Users\\amiri\\FavoritePart\\src\\lib\\sanitize.ts"
2026-01-18T23:04:14.475738Z  INFO scan_sources: tailwindcss_oxide::scanner: Discovering "C:\\Users\\amiri\\FavoritePart\\src\\lib\\storage.ts"
2026-01-18T23:04:14.475795Z  INFO scan_sources: tailwindcss_oxide::scanner: Discovering "C:\\Users\\amiri\\FavoritePart\\src\\lib\\supabase"
2026-01-18T23:04:14.475872Z  INFO scan_sources: tailwindcss_oxide::scanner: Discovering "C:\\Users\\amiri\\FavoritePart\\src\\lib\\supabase\\client.ts"
2026-01-18T23:04:14.475911Z  INFO scan_sources: tailwindcss_oxide::scanner: Discovering "C:\\Users\\amiri\\FavoritePart\\src\\lib\\supabase\\server.ts"
2026-01-18T23:04:14.475963Z  INFO scan_sources: tailwindcss_oxide::scanner: Discovering "C:\\Users\\amiri\\FavoritePart\\src\\lib\\timestamp.test.ts"
2026-01-18T23:04:14.476002Z  INFO scan_sources: tailwindcss_oxide::scanner: Discovering "C:\\Users\\amiri\\FavoritePart\\src\\lib\\trackSource.ts"
2026-01-18T23:04:14.476041Z  INFO scan_sources: tailwindcss_oxide::scanner: Discovering "C:\\Users\\amiri\\FavoritePart\\src\\lib\\validation.ts"
2026-01-18T23:04:14.476081Z  INFO scan_sources: tailwindcss_oxide::scanner: Discovering "C:\\Users\\amiri\\FavoritePart\\src\\lib\\youtube.ts"
2026-01-18T23:04:14.476152Z  INFO scan_sources: tailwindcss_oxide::scanner: Discovering "C:\\Users\\amiri\\FavoritePart\\src\\types"
2026-01-18T23:04:14.476235Z  INFO scan_sources: tailwindcss_oxide::scanner: Discovering "C:\\Users\\amiri\\FavoritePart\\src\\types\\index.ts"
2026-01-18T23:04:14.476275Z  INFO scan_sources: tailwindcss_oxide::scanner: Discovering "C:\\Users\\amiri\\FavoritePart\\src\\types\\supabase.ts"
2026-01-18T23:04:14.476357Z  INFO scan_sources: tailwindcss_oxide::scanner: Discovering "C:\\Users\\amiri\\FavoritePart\\supabase"
2026-01-18T23:04:14.476455Z  INFO scan_sources: tailwindcss_oxide::scanner: Discovering "C:\\Users\\amiri\\FavoritePart\\supabase\\migrations"
2026-01-18T23:04:14.476536Z  INFO scan_sources: tailwindcss_oxide::scanner: Discovering "C:\\Users\\amiri\\FavoritePart\\supabase\\migrations\\20251226_flatten_hierarchy.sql"
2026-01-18T23:04:14.476578Z  INFO scan_sources: tailwindcss_oxide::scanner: Discovering "C:\\Users\\amiri\\FavoritePart\\supabase\\migrations\\20251229_add_track_duration_to_moments.sql"
2026-01-18T23:04:14.476618Z  INFO scan_sources: tailwindcss_oxide::scanner: Discovering "C:\\Users\\amiri\\FavoritePart\\supabase\\migrations\\add_username_support.sql"
2026-01-18T23:04:14.476657Z  INFO scan_sources: tailwindcss_oxide::scanner: Discovering "C:\\Users\\amiri\\FavoritePart\\supabase\\migrations\\fix_trigger.sql"
2026-01-18T23:04:14.476696Z  INFO scan_sources: tailwindcss_oxide::scanner: Discovering "C:\\Users\\amiri\\FavoritePart\\supabase\\migrations\\fix_trigger_final.sql"
2026-01-18T23:04:14.476736Z  INFO scan_sources: tailwindcss_oxide::scanner: Discovering "C:\\Users\\amiri\\FavoritePart\\supabase\\migrations\\force_fix_auth.sql"
2026-01-18T23:04:14.476777Z  INFO scan_sources: tailwindcss_oxide::scanner: Discovering "C:\\Users\\amiri\\FavoritePart\\supabase\\migrations\\revert_username_trigger.sql"
2026-01-18T23:04:14.476828Z  INFO scan_sources: tailwindcss_oxide::scanner: Discovering "C:\\Users\\amiri\\FavoritePart\\supabase\\schema.sql"
2026-01-18T23:04:14.476884Z  INFO scan_sources: tailwindcss_oxide::scanner: Discovering "C:\\Users\\amiri\\FavoritePart\\supabase\\schema_notes.sql"
2026-01-18T23:04:14.476943Z  INFO scan_sources: tailwindcss_oxide::scanner: Discovering "C:\\Users\\amiri\\FavoritePart\\tsconfig.json"
2026-01-18T23:04:14.476985Z  INFO scan_sources: tailwindcss_oxide::scanner: Discovering "C:\\Users\\amiri\\FavoritePart\\walkthrough.md"
2026-01-18T23:04:14.477049Z  INFO scan_sources: tailwindcss_oxide::scanner: exit
2026-01-18T23:04:14.477062Z  INFO extract_candidates: tailwindcss_oxide::scanner: enter
2026-01-18T23:04:14.477069Z  INFO extract_candidates:read_all_files: tailwindcss_oxide::scanner: enter
2026-01-18T23:04:14.477072Z  INFO extract_candidates:read_all_files: tailwindcss_oxide::scanner: Reading 124 file(s)
2026-01-18T23:04:14.477434Z  INFO tailwindcss_oxide::scanner: Reading "C:\\Users\\amiri\\FavoritePart\\app\\actions\\moments.ts"
2026-01-18T23:04:14.477493Z  INFO tailwindcss_oxide::scanner: Reading "C:\\Users\\amiri\\FavoritePart\\app\\api\\admin\\check-orphans\\route.ts"
2026-01-18T23:04:14.477511Z  INFO tailwindcss_oxide::scanner: Reading "C:\\Users\\amiri\\FavoritePart\\docs\\ONE_PAGER.md"
2026-01-18T23:04:14.477512Z  INFO tailwindcss_oxide::scanner: Reading "C:\\Users\\amiri\\FavoritePart\\scripts\\check_durations.js"
2026-01-18T23:04:14.477527Z  INFO tailwindcss_oxide::scanner: Reading "C:\\Users\\amiri\\FavoritePart\\app\\api\\admin\\fix-durations\\route.ts"
2026-01-18T23:04:14.477558Z  INFO tailwindcss_oxide::scanner: Reading "C:\\Users\\amiri\\FavoritePart\\docs\\PROFILE_USERNAME_ISSUE.md"
2026-01-18T23:04:14.477589Z  INFO tailwindcss_oxide::scanner: Reading "C:\\Users\\amiri\\FavoritePart\\docs\\ROADMAP.md"
2026-01-18T23:04:14.477605Z  INFO tailwindcss_oxide::scanner: Reading "C:\\Users\\amiri\\FavoritePart\\scripts\\check_moment.js"
2026-01-18T23:04:14.477614Z  INFO tailwindcss_oxide::scanner: Reading "C:\\Users\\amiri\\FavoritePart\\docs\\ROADMAP_REVERSE.md"
2026-01-18T23:04:14.477624Z  INFO tailwindcss_oxide::scanner: Reading "C:\\Users\\amiri\\FavoritePart\\app\\layout.tsx"
2026-01-18T23:04:14.477630Z  INFO tailwindcss_oxide::scanner: Reading "C:\\Users\\amiri\\FavoritePart\\app\\api\\admin\\fix-orphans\\route.ts"
2026-01-18T23:04:14.477664Z  INFO tailwindcss_oxide::scanner: Reading "C:\\Users\\amiri\\FavoritePart\\scripts\\check_secret.js"
2026-01-18T23:04:14.477690Z  INFO tailwindcss_oxide::scanner: Reading "C:\\Users\\amiri\\FavoritePart\\app\\api\\admin\\test-insert\\route.ts"
2026-01-18T23:04:14.477708Z  INFO tailwindcss_oxide::scanner: Reading "C:\\Users\\amiri\\FavoritePart\\app\\login\\page.tsx"
2026-01-18T23:04:14.477718Z  INFO tailwindcss_oxide::scanner: Reading "C:\\Users\\amiri\\FavoritePart\\scripts\\debug-plaza.ts"
2026-01-18T23:04:14.477727Z  INFO tailwindcss_oxide::scanner: Reading "C:\\Users\\amiri\\FavoritePart\\app\\api\\metadata\\route.ts"
2026-01-18T23:04:14.477640Z  INFO tailwindcss_oxide::scanner: Reading "C:\\Users\\amiri\\FavoritePart\\docs\\TECH_SPEC.md"
2026-01-18T23:04:14.477776Z  INFO tailwindcss_oxide::scanner: Reading "C:\\Users\\amiri\\FavoritePart\\scripts\\debug_moments.ts"
2026-01-18T23:04:14.477758Z  INFO tailwindcss_oxide::scanner: Reading "C:\\Users\\amiri\\FavoritePart\\app\\api\\moments\\route.ts"
2026-01-18T23:04:14.477754Z  INFO tailwindcss_oxide::scanner: Reading "C:\\Users\\amiri\\FavoritePart\\app\\api\\moments\\[id]\\like\\route.ts"
2026-01-18T23:04:14.477816Z  INFO tailwindcss_oxide::scanner: Reading "C:\\Users\\amiri\\FavoritePart\\postcss.config.mjs"
2026-01-18T23:04:14.477832Z  INFO tailwindcss_oxide::scanner: Reading "C:\\Users\\amiri\\FavoritePart\\scripts\\debug_prisma_client.ts"
2026-01-18T23:04:14.477844Z  INFO tailwindcss_oxide::scanner: Reading "C:\\Users\\amiri\\FavoritePart\\eslint.config.mjs"
2026-01-18T23:04:14.477856Z  INFO tailwindcss_oxide::scanner: Reading "C:\\Users\\amiri\\FavoritePart\\prisma\\migrations\\20251128170036_init_with_seconds_and_service\\migration.sql"
2026-01-18T23:04:14.477887Z  INFO tailwindcss_oxide::scanner: Reading "C:\\Users\\amiri\\FavoritePart\\scripts\\debug_signup_schema.ts"
2026-01-18T23:04:14.477876Z  INFO tailwindcss_oxide::scanner: Reading "C:\\Users\\amiri\\FavoritePart\\implementation_plan.md"
2026-01-18T23:04:14.477899Z  INFO tailwindcss_oxide::scanner: Reading "C:\\Users\\amiri\\FavoritePart\\app\\api\\tracks\\update-duration\\route.ts"
2026-01-18T23:04:14.477786Z  INFO tailwindcss_oxide::scanner: Reading "C:\\Users\\amiri\\FavoritePart\\app\\page.tsx"
2026-01-18T23:04:14.477872Z  INFO tailwindcss_oxide::scanner: Reading "C:\\Users\\amiri\\FavoritePart\\docs\\Timeline_Feature_Reference.md"
2026-01-18T23:04:14.477945Z  INFO tailwindcss_oxide::scanner: Reading "C:\\Users\\amiri\\FavoritePart\\scripts\\debug_tables.ts"
2026-01-18T23:04:14.477907Z  INFO tailwindcss_oxide::scanner: Reading "C:\\Users\\amiri\\FavoritePart\\app\\api\\moments\\[id]\\refresh\\route.ts"
2026-01-18T23:04:14.477968Z  INFO tailwindcss_oxide::scanner: Reading "C:\\Users\\amiri\\FavoritePart\\docs\\YOUTUBE_API_CAPABILITIES.md"
2026-01-18T23:04:14.477922Z  INFO tailwindcss_oxide::scanner: Reading "C:\\Users\\amiri\\FavoritePart\\prisma\\migrations\\migration_lock.toml"
2026-01-18T23:04:14.478000Z  INFO tailwindcss_oxide::scanner: Reading "C:\\Users\\amiri\\FavoritePart\\scripts\\deploy_db.js"
2026-01-18T23:04:14.478003Z  INFO tailwindcss_oxide::scanner: Reading "C:\\Users\\amiri\\FavoritePart\\app\\profile\\page.tsx"
2026-01-18T23:04:14.478004Z  INFO tailwindcss_oxide::scanner: Reading "C:\\Users\\amiri\\FavoritePart\\src\\components\\TrackCard.tsx"
2026-01-18T23:04:14.477959Z  INFO tailwindcss_oxide::scanner: Reading "C:\\Users\\amiri\\FavoritePart\\lint_output.txt"
2026-01-18T23:04:14.478007Z  INFO tailwindcss_oxide::scanner: Reading "C:\\Users\\amiri\\FavoritePart\\prisma\\schema.prisma"
2026-01-18T23:04:14.478046Z  INFO tailwindcss_oxide::scanner: Reading "C:\\Users\\amiri\\FavoritePart\\src\\context\\AuthContext.tsx"
2026-01-18T23:04:14.478002Z  INFO tailwindcss_oxide::scanner: Reading "C:\\Users\\amiri\\FavoritePart\\app\\explore\\actions.ts"
2026-01-18T23:04:14.478056Z  INFO tailwindcss_oxide::scanner: Reading "C:\\Users\\amiri\\FavoritePart\\scripts\\fix_broken_durations.ts"
2026-01-18T23:04:14.478081Z  INFO tailwindcss_oxide::scanner: Reading "C:\\Users\\amiri\\FavoritePart\\src\\context\\FilterContext.tsx"
2026-01-18T23:04:14.478062Z  INFO tailwindcss_oxide::scanner: Reading "C:\\Users\\amiri\\FavoritePart\\lint_output_2.txt"
2026-01-18T23:04:14.478112Z  INFO tailwindcss_oxide::scanner: Reading "C:\\Users\\amiri\\FavoritePart\\src\\hooks\\usePlaybackGuard.ts"
2026-01-18T23:04:14.478118Z  INFO tailwindcss_oxide::scanner: Reading "C:\\Users\\amiri\\FavoritePart\\scripts\\migrate-legacy-moments.js"
2026-01-18T23:04:14.478079Z  INFO tailwindcss_oxide::scanner: Reading "C:\\Users\\amiri\\FavoritePart\\app\\api\\moments\\[id]\\route.ts"
2026-01-18T23:04:14.478131Z  INFO tailwindcss_oxide::scanner: Reading "C:\\Users\\amiri\\FavoritePart\\app\\room\\[id]\\page.tsx"
2026-01-18T23:04:14.478148Z  INFO tailwindcss_oxide::scanner: Reading "C:\\Users\\amiri\\FavoritePart\\scripts\\migrate-legacy-moments.ts"
2026-01-18T23:04:14.478148Z  INFO tailwindcss_oxide::scanner: Reading "C:\\Users\\amiri\\FavoritePart\\src\\hooks\\useSoundEffects.ts"
2026-01-18T23:04:14.478179Z  INFO tailwindcss_oxide::scanner: Reading "C:\\Users\\amiri\\FavoritePart\\scripts\\test-metadata.ts"
2026-01-18T23:04:14.478181Z  INFO tailwindcss_oxide::scanner: Reading "C:\\Users\\amiri\\FavoritePart\\src\\lib\\canonical.ts"
2026-01-18T23:04:14.478194Z  INFO tailwindcss_oxide::scanner: Reading "C:\\Users\\amiri\\FavoritePart\\src\\lib\\trackSource.ts"
2026-01-18T23:04:14.478206Z  INFO tailwindcss_oxide::scanner: Reading "C:\\Users\\amiri\\FavoritePart\\supabase\\migrations\\fix_trigger.sql"
2026-01-18T23:04:14.478081Z  INFO tailwindcss_oxide::scanner: Reading "C:\\Users\\amiri\\FavoritePart\\app\\explore\\layout.tsx"
2026-01-18T23:04:14.478212Z  INFO tailwindcss_oxide::scanner: Reading "C:\\Users\\amiri\\FavoritePart\\src\\lib\\chapters.ts"
2026-01-18T23:04:14.478094Z  INFO tailwindcss_oxide::scanner: Reading "C:\\Users\\amiri\\FavoritePart\\public\\file.svg"
2026-01-18T23:04:14.478219Z  INFO tailwindcss_oxide::scanner: Reading "C:\\Users\\amiri\\FavoritePart\\app\\api\\related\\route.ts"
2026-01-18T23:04:14.478281Z  INFO tailwindcss_oxide::scanner: Reading "C:\\Users\\amiri\\FavoritePart\\supabase\\migrations\\fix_trigger_final.sql"
2026-01-18T23:04:14.478288Z  INFO tailwindcss_oxide::scanner: Reading "C:\\Users\\amiri\\FavoritePart\\src\\lib\\validation.ts"
2026-01-18T23:04:14.478256Z  INFO tailwindcss_oxide::scanner: Reading "C:\\Users\\amiri\\FavoritePart\\build-log.txt"
2026-01-18T23:04:14.478205Z  INFO tailwindcss_oxide::scanner: Reading "C:\\Users\\amiri\\FavoritePart\\scripts\\test-register.js"
2026-01-18T23:04:14.478283Z  INFO tailwindcss_oxide::scanner: Reading "C:\\Users\\amiri\\FavoritePart\\src\\lib\\metadata.ts"
2026-01-18T23:04:14.478332Z  INFO tailwindcss_oxide::scanner: Reading "C:\\Users\\amiri\\FavoritePart\\data\\moments.json"
2026-01-18T23:04:14.478298Z  INFO tailwindcss_oxide::scanner: Reading "C:\\Users\\amiri\\FavoritePart\\src\\types\\supabase.ts"
2026-01-18T23:04:14.478251Z  INFO tailwindcss_oxide::scanner: Reading "C:\\Users\\amiri\\FavoritePart\\middleware.ts"
2026-01-18T23:04:14.478359Z  INFO tailwindcss_oxide::scanner: Reading "C:\\Users\\amiri\\FavoritePart\\app\\explore\\page.tsx"
2026-01-18T23:04:14.478342Z  INFO tailwindcss_oxide::scanner: Reading "C:\\Users\\amiri\\FavoritePart\\scripts\\test-youtube.js"
2026-01-18T23:04:14.478362Z  INFO tailwindcss_oxide::scanner: Reading "C:\\Users\\amiri\\FavoritePart\\src\\lib\\youtube.ts"
2026-01-18T23:04:14.478390Z  INFO tailwindcss_oxide::scanner: Reading "C:\\Users\\amiri\\FavoritePart\\debug_output.txt"
2026-01-18T23:04:14.478403Z  INFO tailwindcss_oxide::scanner: Reading "C:\\Users\\amiri\\FavoritePart\\src\\lib\\prisma.ts"
2026-01-18T23:04:14.478373Z  INFO tailwindcss_oxide::scanner: Reading "C:\\Users\\amiri\\FavoritePart\\supabase\\migrations\\force_fix_auth.sql"
2026-01-18T23:04:14.478415Z  INFO tailwindcss_oxide::scanner: Reading "C:\\Users\\amiri\\FavoritePart\\scripts\\test-spotify.ts"
2026-01-18T23:04:14.478417Z  INFO tailwindcss_oxide::scanner: Reading "C:\\Users\\amiri\\FavoritePart\\supabase\\migrations\\20251226_flatten_hierarchy.sql"
2026-01-18T23:04:14.478427Z  INFO tailwindcss_oxide::scanner: Reading "C:\\Users\\amiri\\FavoritePart\\migration_error.txt"
2026-01-18T23:04:14.478432Z  INFO tailwindcss_oxide::scanner: Reading "C:\\Users\\amiri\\FavoritePart\\debug_results.txt"
2026-01-18T23:04:14.478451Z  INFO tailwindcss_oxide::scanner: Reading "C:\\Users\\amiri\\FavoritePart\\src\\lib\\related.ts"
2026-01-18T23:04:14.478450Z  INFO tailwindcss_oxide::scanner: Reading "C:\\Users\\amiri\\FavoritePart\\src\\types\\index.ts"
2026-01-18T23:04:14.478465Z  INFO tailwindcss_oxide::scanner: Reading "C:\\Users\\amiri\\FavoritePart\\supabase\\migrations\\20251229_add_track_duration_to_moments.sql"
2026-01-18T23:04:14.478473Z  INFO tailwindcss_oxide::scanner: Reading "C:\\Users\\amiri\\FavoritePart\\docs\\AUTH_DEBUGGING_LESSONS.md"
2026-01-18T23:04:14.478451Z  INFO tailwindcss_oxide::scanner: Reading "C:\\Users\\amiri\\FavoritePart\\scripts\\test_aggregation.ts"
2026-01-18T23:04:14.478492Z  INFO tailwindcss_oxide::scanner: Reading "C:\\Users\\amiri\\FavoritePart\\next.config.ts"
2026-01-18T23:04:14.478494Z  INFO tailwindcss_oxide::scanner: Reading "C:\\Users\\amiri\\FavoritePart\\supabase\\migrations\\revert_username_trigger.sql"
2026-01-18T23:04:14.478497Z  INFO tailwindcss_oxide::scanner: Reading "C:\\Users\\amiri\\FavoritePart\\src\\components\\RelatedStrip.tsx"
2026-01-18T23:04:14.478508Z  INFO tailwindcss_oxide::scanner: Reading "C:\\Users\\amiri\\FavoritePart\\src\\components\\Navbar.tsx"
2026-01-18T23:04:14.478515Z  INFO tailwindcss_oxide::scanner: Reading "C:\\Users\\amiri\\FavoritePart\\docs\\CHAPTERS_UX_IMPACT.md"
2026-01-18T23:04:14.478524Z  INFO tailwindcss_oxide::scanner: Reading "C:\\Users\\amiri\\FavoritePart\\supabase\\migrations\\add_username_support.sql"
2026-01-18T23:04:14.478447Z  INFO tailwindcss_oxide::scanner: Reading "C:\\Users\\amiri\\FavoritePart\\supabase\\schema.sql"
2026-01-18T23:04:14.478496Z  INFO tailwindcss_oxide::scanner: Reading "C:\\Users\\amiri\\FavoritePart\\src\\lib\\sanitize.ts"
2026-01-18T23:04:14.478557Z  INFO tailwindcss_oxide::scanner: Reading "C:\\Users\\amiri\\FavoritePart\\package.json"
2026-01-18T23:04:14.478569Z  INFO tailwindcss_oxide::scanner: Reading "C:\\Users\\amiri\\FavoritePart\\docs\\DICTIONARY.md"
2026-01-18T23:04:14.478491Z  INFO tailwindcss_oxide::scanner: Reading "C:\\Users\\amiri\\FavoritePart\\src\\components\\MomentGroup.tsx"
2026-01-18T23:04:14.478580Z  INFO tailwindcss_oxide::scanner: Reading "C:\\Users\\amiri\\FavoritePart\\src\\components\\SettingsSidebar.tsx"
2026-01-18T23:04:14.478589Z  INFO tailwindcss_oxide::scanner: Reading "C:\\Users\\amiri\\FavoritePart\\supabase\\schema_notes.sql"
2026-01-18T23:04:14.478590Z  INFO tailwindcss_oxide::scanner: Reading "C:\\Users\\amiri\\FavoritePart\\scripts\\verify_db.js"
2026-01-18T23:04:14.478597Z  INFO tailwindcss_oxide::scanner: Reading "C:\\Users\\amiri\\FavoritePart\\src\\components\\MomentTimeline.tsx"
2026-01-18T23:04:14.478601Z  INFO tailwindcss_oxide::scanner: Reading "C:\\Users\\amiri\\FavoritePart\\tsconfig.json"
2026-01-18T23:04:14.478611Z  INFO tailwindcss_oxide::scanner: Reading "C:\\Users\\amiri\\FavoritePart\\docs\\METADATA_UI_PLACEMENT.md"
2026-01-18T23:04:14.478620Z  INFO tailwindcss_oxide::scanner: Reading "C:\\Users\\amiri\\FavoritePart\\src\\components\\PlayerTimeline.tsx"
2026-01-18T23:04:14.478626Z  INFO tailwindcss_oxide::scanner: Reading "C:\\Users\\amiri\\FavoritePart\\walkthrough.md"
2026-01-18T23:04:14.478632Z  INFO tailwindcss_oxide::scanner: Reading "C:\\Users\\amiri\\FavoritePart\\scripts\\verify_sqlite.js"
2026-01-18T23:04:14.478647Z  INFO tailwindcss_oxide::scanner: Reading "C:\\Users\\amiri\\FavoritePart\\src\\components\\SongCard.tsx"
2026-01-18T23:04:14.478641Z  INFO tailwindcss_oxide::scanner: Reading "C:\\Users\\amiri\\FavoritePart\\src\\lib\\supabase\\server.ts"
2026-01-18T23:04:14.478617Z  INFO tailwindcss_oxide::scanner: Reading "C:\\Users\\amiri\\FavoritePart\\src\\lib\\storage.ts"
2026-01-18T23:04:14.478662Z  INFO tailwindcss_oxide::scanner: Reading "C:\\Users\\amiri\\FavoritePart\\scripts\\verify_schema_fields.ts"
2026-01-18T23:04:14.478666Z  INFO tailwindcss_oxide::scanner: Reading "C:\\Users\\amiri\\FavoritePart\\src\\components\\icons\\MyMomentIcon.tsx"
2026-01-18T23:04:14.478662Z  INFO tailwindcss_oxide::scanner: Reading "C:\\Users\\amiri\\FavoritePart\\public\\window.svg"
2026-01-18T23:04:14.478685Z  INFO tailwindcss_oxide::scanner: Reading "C:\\Users\\amiri\\FavoritePart\\scripts\\backfill_canonical.ts"
2026-01-18T23:04:14.478687Z  INFO tailwindcss_oxide::scanner: Reading "C:\\Users\\amiri\\FavoritePart\\src\\components\\ArtistCard.tsx"
2026-01-18T23:04:14.478700Z  INFO tailwindcss_oxide::scanner: Reading "C:\\Users\\amiri\\FavoritePart\\src\\lib\\timestamp.test.ts"
2026-01-18T23:04:14.478702Z  INFO tailwindcss_oxide::scanner: Reading "C:\\Users\\amiri\\FavoritePart\\public\\next.svg"
2026-01-18T23:04:14.478704Z  INFO tailwindcss_oxide::scanner: Reading "C:\\Users\\amiri\\FavoritePart\\src\\components\\MomentCard.tsx"
2026-01-18T23:04:14.478696Z  INFO tailwindcss_oxide::scanner: Reading "C:\\Users\\amiri\\FavoritePart\\src\\lib\\supabase\\client.ts"
2026-01-18T23:04:14.478529Z  INFO tailwindcss_oxide::scanner: Reading "C:\\Users\\amiri\\FavoritePart\\public\\globe.svg"
2026-01-18T23:04:14.478655Z  INFO tailwindcss_oxide::scanner: Reading "C:\\Users\\amiri\\FavoritePart\\docs\\MINI_TIMELINE_ISSUE.md"
2026-01-18T23:04:14.478739Z  INFO tailwindcss_oxide::scanner: Reading "C:\\Users\\amiri\\FavoritePart\\scripts\\check_artists.js"
2026-01-18T23:04:14.478717Z  INFO tailwindcss_oxide::scanner: Reading "C:\\Users\\amiri\\FavoritePart\\src\\components\\ThreadComment.tsx"
2026-01-18T23:04:14.478742Z  INFO tailwindcss_oxide::scanner: Reading "C:\\Users\\amiri\\FavoritePart\\public\\vercel.svg"
2026-01-18T23:04:14.478731Z  INFO tailwindcss_oxide::scanner: Reading "C:\\Users\\amiri\\FavoritePart\\scripts\\backfill_savedby.ts"
2026-01-18T23:04:14.478720Z  INFO tailwindcss_oxide::scanner: Reading "C:\\Users\\amiri\\FavoritePart\\public_schema_dump.sql"
2026-01-18T23:04:14.478757Z  INFO tailwindcss_oxide::scanner: Reading "C:\\Users\\amiri\\FavoritePart\\docs\\Moment_Capture_Logic.md"
2026-01-18T23:04:14.478764Z  INFO tailwindcss_oxide::scanner: Reading "C:\\Users\\amiri\\FavoritePart\\scripts\\backfill_artists.js"
2026-01-18T23:04:14.478776Z  INFO tailwindcss_oxide::scanner: Reading "C:\\Users\\amiri\\FavoritePart\\docs\\North_Start.md"
2026-01-18T23:04:14.478734Z  INFO tailwindcss_oxide::scanner: Reading "C:\\Users\\amiri\\FavoritePart\\README.md"
2026-01-18T23:04:14.478739Z  INFO tailwindcss_oxide::scanner: Reading "C:\\Users\\amiri\\FavoritePart\\scripts\\check-duplicates.ts"
2026-01-18T23:04:14.479390Z  INFO extract_candidates:read_all_files: tailwindcss_oxide::scanner: exit
2026-01-18T23:04:14.479433Z  INFO extract_candidates:parse_all_blobs: tailwindcss_oxide::scanner: enter
2026-01-18T23:04:14.479448Z  INFO extract_candidates:parse_all_blobs:extract: tailwindcss_oxide::scanner: enter
2026-01-18T23:04:14.482725Z  INFO extract_candidates:parse_all_blobs:extract: tailwindcss_oxide::scanner: exit
2026-01-18T23:04:14.483036Z  INFO extract_candidates:parse_all_blobs: tailwindcss_oxide::scanner: exit
2026-01-18T23:04:14.483049Z  INFO extract_candidates:read_all_files: tailwindcss_oxide::scanner: enter
2026-01-18T23:04:14.483055Z  INFO extract_candidates:read_all_files: tailwindcss_oxide::scanner: Reading 1 file(s)
2026-01-18T23:04:14.483204Z  INFO extract_candidates:read_all_files: tailwindcss_oxide::scanner: Reading "C:\\Users\\amiri\\FavoritePart\\app\\globals.css"
2026-01-18T23:04:14.483217Z  INFO extract_candidates:read_all_files: tailwindcss_oxide::scanner: exit
2026-01-18T23:04:14.483229Z  INFO extract_candidates:extract_css_variables: tailwindcss_oxide::scanner: enter
2026-01-18T23:04:14.483235Z  INFO extract_candidates:extract_css_variables:extract: tailwindcss_oxide::scanner: enter
2026-01-18T23:04:14.483420Z  INFO extract_candidates:extract_css_variables:extract: tailwindcss_oxide::scanner: exit
2026-01-18T23:04:14.483445Z  INFO extract_candidates:extract_css_variables: tailwindcss_oxide::scanner: exit
2026-01-18T23:04:14.485411Z  INFO extract_candidates: tailwindcss_oxide::scanner: exit
2026-01-18T23:04:14.486727Z  INFO get_files: tailwindcss_oxide::scanner: enter
2026-01-18T23:04:14.486749Z  INFO get_files:scan_sources: tailwindcss_oxide::scanner: enter
2026-01-18T23:04:14.487952Z  INFO get_files:scan_sources: tailwindcss_oxide::scanner: Discovering "C:\\Users\\amiri\\FavoritePart\\app"
2026-01-18T23:04:14.488064Z  INFO get_files:scan_sources: tailwindcss_oxide::scanner: Discovering "C:\\Users\\amiri\\FavoritePart\\app\\actions"
2026-01-18T23:04:14.488237Z  INFO get_files:scan_sources: tailwindcss_oxide::scanner: Discovering "C:\\Users\\amiri\\FavoritePart\\app\\api"
2026-01-18T23:04:14.488405Z  INFO get_files:scan_sources: tailwindcss_oxide::scanner: Discovering "C:\\Users\\amiri\\FavoritePart\\app\\api\\admin"
2026-01-18T23:04:14.488515Z  INFO get_files:scan_sources: tailwindcss_oxide::scanner: Discovering "C:\\Users\\amiri\\FavoritePart\\app\\api\\admin\\check-orphans"
2026-01-18T23:04:14.488724Z  INFO get_files:scan_sources: tailwindcss_oxide::scanner: Discovering "C:\\Users\\amiri\\FavoritePart\\app\\api\\admin\\fix-durations"
2026-01-18T23:04:14.488866Z  INFO get_files:scan_sources: tailwindcss_oxide::scanner: Discovering "C:\\Users\\amiri\\FavoritePart\\app\\api\\admin\\fix-orphans"
2026-01-18T23:04:14.488995Z  INFO get_files:scan_sources: tailwindcss_oxide::scanner: Discovering "C:\\Users\\amiri\\FavoritePart\\app\\api\\admin\\test-insert"
2026-01-18T23:04:14.489134Z  INFO get_files:scan_sources: tailwindcss_oxide::scanner: Discovering "C:\\Users\\amiri\\FavoritePart\\app\\api\\metadata"
2026-01-18T23:04:14.489322Z  INFO get_files:scan_sources: tailwindcss_oxide::scanner: Discovering "C:\\Users\\amiri\\FavoritePart\\app\\api\\moments"
2026-01-18T23:04:14.489449Z  INFO get_files:scan_sources: tailwindcss_oxide::scanner: Discovering "C:\\Users\\amiri\\FavoritePart\\app\\api\\moments\\[id]"
2026-01-18T23:04:14.489546Z  INFO get_files:scan_sources: tailwindcss_oxide::scanner: Discovering "C:\\Users\\amiri\\FavoritePart\\app\\api\\moments\\[id]\\like"
2026-01-18T23:04:14.489673Z  INFO get_files:scan_sources: tailwindcss_oxide::scanner: Discovering "C:\\Users\\amiri\\FavoritePart\\app\\api\\moments\\[id]\\refresh"
2026-01-18T23:04:14.490106Z  INFO get_files:scan_sources: tailwindcss_oxide::scanner: Discovering "C:\\Users\\amiri\\FavoritePart\\app\\api\\related"
2026-01-18T23:04:14.490402Z  INFO get_files:scan_sources: tailwindcss_oxide::scanner: Discovering "C:\\Users\\amiri\\FavoritePart\\app\\api\\tracks"
2026-01-18T23:04:14.490588Z  INFO get_files:scan_sources: tailwindcss_oxide::scanner: Discovering "C:\\Users\\amiri\\FavoritePart\\app\\api\\tracks\\update-duration"
2026-01-18T23:04:14.490873Z  INFO get_files:scan_sources: tailwindcss_oxide::scanner: Discovering "C:\\Users\\amiri\\FavoritePart\\app\\explore"
2026-01-18T23:04:14.491270Z  INFO get_files:scan_sources: tailwindcss_oxide::scanner: Discovering "C:\\Users\\amiri\\FavoritePart\\app\\login"
2026-01-18T23:04:14.491541Z  INFO get_files:scan_sources: tailwindcss_oxide::scanner: Discovering "C:\\Users\\amiri\\FavoritePart\\app\\profile"
2026-01-18T23:04:14.491767Z  INFO get_files:scan_sources: tailwindcss_oxide::scanner: Discovering "C:\\Users\\amiri\\FavoritePart\\app\\room"
2026-01-18T23:04:14.491939Z  INFO get_files:scan_sources: tailwindcss_oxide::scanner: Discovering "C:\\Users\\amiri\\FavoritePart\\app\\room\\[id]"
2026-01-18T23:04:14.492261Z  INFO get_files:scan_sources: tailwindcss_oxide::scanner: Discovering "C:\\Users\\amiri\\FavoritePart\\data"
2026-01-18T23:04:14.492590Z  INFO get_files:scan_sources: tailwindcss_oxide::scanner: Discovering "C:\\Users\\amiri\\FavoritePart\\docs"
2026-01-18T23:04:14.493395Z  INFO get_files:scan_sources: tailwindcss_oxide::scanner: Discovering "C:\\Users\\amiri\\FavoritePart\\lib"
2026-01-18T23:04:14.494009Z  INFO get_files:scan_sources: tailwindcss_oxide::scanner: Discovering "C:\\Users\\amiri\\FavoritePart\\prisma"
2026-01-18T23:04:14.494179Z  INFO get_files:scan_sources: tailwindcss_oxide::scanner: Discovering "C:\\Users\\amiri\\FavoritePart\\prisma\\migrations"
2026-01-18T23:04:14.494351Z  INFO get_files:scan_sources: tailwindcss_oxide::scanner: Discovering "C:\\Users\\amiri\\FavoritePart\\prisma\\migrations\\20251128170036_init_with_seconds_and_service"
2026-01-18T23:04:14.494743Z  INFO get_files:scan_sources: tailwindcss_oxide::scanner: Discovering "C:\\Users\\amiri\\FavoritePart\\public"
2026-01-18T23:04:14.495188Z  INFO get_files:scan_sources: tailwindcss_oxide::scanner: Discovering "C:\\Users\\amiri\\FavoritePart\\public\\images"
2026-01-18T23:04:14.495623Z  INFO get_files:scan_sources: tailwindcss_oxide::scanner: Discovering "C:\\Users\\amiri\\FavoritePart\\public\\sounds"
2026-01-18T23:04:14.496145Z  INFO get_files:scan_sources: tailwindcss_oxide::scanner: Discovering "C:\\Users\\amiri\\FavoritePart\\scripts"
2026-01-18T23:04:14.497442Z  INFO get_files:scan_sources: tailwindcss_oxide::scanner: Discovering "C:\\Users\\amiri\\FavoritePart\\src"
2026-01-18T23:04:14.497645Z  INFO get_files:scan_sources: tailwindcss_oxide::scanner: Discovering "C:\\Users\\amiri\\FavoritePart\\src\\components"
2026-01-18T23:04:14.497874Z  INFO get_files:scan_sources: tailwindcss_oxide::scanner: Discovering "C:\\Users\\amiri\\FavoritePart\\src\\components\\debug"
2026-01-18T23:04:14.498032Z  INFO get_files:scan_sources: tailwindcss_oxide::scanner: Discovering "C:\\Users\\amiri\\FavoritePart\\src\\components\\icons"
2026-01-18T23:04:14.498461Z  INFO get_files:scan_sources: tailwindcss_oxide::scanner: Discovering "C:\\Users\\amiri\\FavoritePart\\src\\context"
2026-01-18T23:04:14.498617Z  INFO get_files:scan_sources: tailwindcss_oxide::scanner: Discovering "C:\\Users\\amiri\\FavoritePart\\src\\hooks"
2026-01-18T23:04:14.498763Z  INFO get_files:scan_sources: tailwindcss_oxide::scanner: Discovering "C:\\Users\\amiri\\FavoritePart\\src\\lib"
2026-01-18T23:04:14.499067Z  INFO get_files:scan_sources: tailwindcss_oxide::scanner: Discovering "C:\\Users\\amiri\\FavoritePart\\src\\lib\\supabase"
2026-01-18T23:04:14.499340Z  INFO get_files:scan_sources: tailwindcss_oxide::scanner: Discovering "C:\\Users\\amiri\\FavoritePart\\src\\types"
2026-01-18T23:04:14.499521Z  INFO get_files:scan_sources: tailwindcss_oxide::scanner: Discovering "C:\\Users\\amiri\\FavoritePart\\supabase"
2026-01-18T23:04:14.499624Z  INFO get_files:scan_sources: tailwindcss_oxide::scanner: Discovering "C:\\Users\\amiri\\FavoritePart\\supabase\\migrations"
2026-01-18T23:04:14.500183Z  INFO get_files:scan_sources: tailwindcss_oxide::scanner: exit
2026-01-18T23:04:14.500350Z  INFO get_files: tailwindcss_oxide::scanner: exit
2026-01-18T23:04:14.501343Z  INFO get_globs: tailwindcss_oxide::scanner: enter
2026-01-18T23:04:14.501358Z  INFO get_globs:scan_sources: tailwindcss_oxide::scanner: enter
2026-01-18T23:04:14.503230Z  INFO get_globs:scan_sources: tailwindcss_oxide::scanner: Discovering "C:\\Users\\amiri\\FavoritePart\\app"
2026-01-18T23:04:14.503470Z  INFO get_globs:scan_sources: tailwindcss_oxide::scanner: Discovering "C:\\Users\\amiri\\FavoritePart\\app\\actions"
2026-01-18T23:04:14.503776Z  INFO get_globs:scan_sources: tailwindcss_oxide::scanner: Discovering "C:\\Users\\amiri\\FavoritePart\\app\\api"
2026-01-18T23:04:14.503980Z  INFO get_globs:scan_sources: tailwindcss_oxide::scanner: Discovering "C:\\Users\\amiri\\FavoritePart\\app\\api\\admin"
2026-01-18T23:04:14.504206Z  INFO get_globs:scan_sources: tailwindcss_oxide::scanner: Discovering "C:\\Users\\amiri\\FavoritePart\\app\\api\\admin\\check-orphans"
2026-01-18T23:04:14.504484Z  INFO get_globs:scan_sources: tailwindcss_oxide::scanner: Discovering "C:\\Users\\amiri\\FavoritePart\\app\\api\\admin\\fix-durations"
2026-01-18T23:04:14.504750Z  INFO get_globs:scan_sources: tailwindcss_oxide::scanner: Discovering "C:\\Users\\amiri\\FavoritePart\\app\\api\\admin\\fix-orphans"
2026-01-18T23:04:14.505010Z  INFO get_globs:scan_sources: tailwindcss_oxide::scanner: Discovering "C:\\Users\\amiri\\FavoritePart\\app\\api\\admin\\test-insert"
2026-01-18T23:04:14.505289Z  INFO get_globs:scan_sources: tailwindcss_oxide::scanner: Discovering "C:\\Users\\amiri\\FavoritePart\\app\\api\\metadata"
2026-01-18T23:04:14.505545Z  INFO get_globs:scan_sources: tailwindcss_oxide::scanner: Discovering "C:\\Users\\amiri\\FavoritePart\\app\\api\\moments"
2026-01-18T23:04:14.505779Z  INFO get_globs:scan_sources: tailwindcss_oxide::scanner: Discovering "C:\\Users\\amiri\\FavoritePart\\app\\api\\moments\\[id]"
2026-01-18T23:04:14.505971Z  INFO get_globs:scan_sources: tailwindcss_oxide::scanner: Discovering "C:\\Users\\amiri\\FavoritePart\\app\\api\\moments\\[id]\\like"
2026-01-18T23:04:14.506242Z  INFO get_globs:scan_sources: tailwindcss_oxide::scanner: Discovering "C:\\Users\\amiri\\FavoritePart\\app\\api\\moments\\[id]\\refresh"
2026-01-18T23:04:14.506589Z  INFO get_globs:scan_sources: tailwindcss_oxide::scanner: Discovering "C:\\Users\\amiri\\FavoritePart\\app\\api\\related"
2026-01-18T23:04:14.506841Z  INFO get_globs:scan_sources: tailwindcss_oxide::scanner: Discovering "C:\\Users\\amiri\\FavoritePart\\app\\api\\tracks"
2026-01-18T23:04:14.507040Z  INFO get_globs:scan_sources: tailwindcss_oxide::scanner: Discovering "C:\\Users\\amiri\\FavoritePart\\app\\api\\tracks\\update-duration"
2026-01-18T23:04:14.507339Z  INFO get_globs:scan_sources: tailwindcss_oxide::scanner: Discovering "C:\\Users\\amiri\\FavoritePart\\app\\explore"
2026-01-18T23:04:14.507767Z  INFO get_globs:scan_sources: tailwindcss_oxide::scanner: Discovering "C:\\Users\\amiri\\FavoritePart\\app\\login"
2026-01-18T23:04:14.508104Z  INFO get_globs:scan_sources: tailwindcss_oxide::scanner: Discovering "C:\\Users\\amiri\\FavoritePart\\app\\profile"
2026-01-18T23:04:14.508317Z  INFO get_globs:scan_sources: tailwindcss_oxide::scanner: Discovering "C:\\Users\\amiri\\FavoritePart\\app\\room"
2026-01-18T23:04:14.508402Z  INFO get_globs:scan_sources: tailwindcss_oxide::scanner: Discovering "C:\\Users\\amiri\\FavoritePart\\app\\room\\[id]"
2026-01-18T23:04:14.508576Z  INFO get_globs:scan_sources: tailwindcss_oxide::scanner: Discovering "C:\\Users\\amiri\\FavoritePart\\data"
2026-01-18T23:04:14.508735Z  INFO get_globs:scan_sources: tailwindcss_oxide::scanner: Discovering "C:\\Users\\amiri\\FavoritePart\\docs"
2026-01-18T23:04:14.509133Z  INFO get_globs:scan_sources: tailwindcss_oxide::scanner: Discovering "C:\\Users\\amiri\\FavoritePart\\lib"
2026-01-18T23:04:14.509465Z  INFO get_globs:scan_sources: tailwindcss_oxide::scanner: Discovering "C:\\Users\\amiri\\FavoritePart\\prisma"
2026-01-18T23:04:14.509546Z  INFO get_globs:scan_sources: tailwindcss_oxide::scanner: Discovering "C:\\Users\\amiri\\FavoritePart\\prisma\\migrations"
2026-01-18T23:04:14.509628Z  INFO get_globs:scan_sources: tailwindcss_oxide::scanner: Discovering "C:\\Users\\amiri\\FavoritePart\\prisma\\migrations\\20251128170036_init_with_seconds_and_service"
2026-01-18T23:04:14.509813Z  INFO get_globs:scan_sources: tailwindcss_oxide::scanner: Discovering "C:\\Users\\amiri\\FavoritePart\\public"
2026-01-18T23:04:14.509933Z  INFO get_globs:scan_sources: tailwindcss_oxide::scanner: Discovering "C:\\Users\\amiri\\FavoritePart\\public\\images"
2026-01-18T23:04:14.510041Z  INFO get_globs:scan_sources: tailwindcss_oxide::scanner: Discovering "C:\\Users\\amiri\\FavoritePart\\public\\sounds"
2026-01-18T23:04:14.510225Z  INFO get_globs:scan_sources: tailwindcss_oxide::scanner: Discovering "C:\\Users\\amiri\\FavoritePart\\scripts"
2026-01-18T23:04:14.510776Z  INFO get_globs:scan_sources: tailwindcss_oxide::scanner: Discovering "C:\\Users\\amiri\\FavoritePart\\src"
2026-01-18T23:04:14.510864Z  INFO get_globs:scan_sources: tailwindcss_oxide::scanner: Discovering "C:\\Users\\amiri\\FavoritePart\\src\\components"
2026-01-18T23:04:14.510972Z  INFO get_globs:scan_sources: tailwindcss_oxide::scanner: Discovering "C:\\Users\\amiri\\FavoritePart\\src\\components\\debug"
2026-01-18T23:04:14.511067Z  INFO get_globs:scan_sources: tailwindcss_oxide::scanner: Discovering "C:\\Users\\amiri\\FavoritePart\\src\\components\\icons"
2026-01-18T23:04:14.511382Z  INFO get_globs:scan_sources: tailwindcss_oxide::scanner: Discovering "C:\\Users\\amiri\\FavoritePart\\src\\context"
2026-01-18T23:04:14.511514Z  INFO get_globs:scan_sources: tailwindcss_oxide::scanner: Discovering "C:\\Users\\amiri\\FavoritePart\\src\\hooks"
2026-01-18T23:04:14.511647Z  INFO get_globs:scan_sources: tailwindcss_oxide::scanner: Discovering "C:\\Users\\amiri\\FavoritePart\\src\\lib"
2026-01-18T23:04:14.511870Z  INFO get_globs:scan_sources: tailwindcss_oxide::scanner: Discovering "C:\\Users\\amiri\\FavoritePart\\src\\lib\\supabase"
2026-01-18T23:04:14.512093Z  INFO get_globs:scan_sources: tailwindcss_oxide::scanner: Discovering "C:\\Users\\amiri\\FavoritePart\\src\\types"
2026-01-18T23:04:14.512235Z  INFO get_globs:scan_sources: tailwindcss_oxide::scanner: Discovering "C:\\Users\\amiri\\FavoritePart\\supabase"
2026-01-18T23:04:14.512322Z  INFO get_globs:scan_sources: tailwindcss_oxide::scanner: Discovering "C:\\Users\\amiri\\FavoritePart\\supabase\\migrations"
2026-01-18T23:04:14.512666Z  INFO get_globs:scan_sources: tailwindcss_oxide::scanner: exit
2026-01-18T23:04:14.519092Z  INFO get_globs: tailwindcss_oxide::scanner: exit
