2026-01-19T01:26:18.382160Z  INFO tailwindcss_oxide::scanner: Provided sources:
2026-01-19T01:26:18.382253Z  INFO tailwindcss_oxide::scanner: Source: PublicSourceEntry { base: "C:\\Users\\amiri\\FavoritePart", pattern: "**/*", negated: false }
2026-01-19T01:26:18.382380Z  INFO tailwindcss_oxide::scanner: Optimized sources:
2026-01-19T01:26:18.382390Z  INFO tailwindcss_oxide::scanner: Source: Auto { base: "C:\\Users\\amiri\\FavoritePart" }
2026-01-19T01:26:18.383555Z  INFO scan_sources: tailwindcss_oxide::scanner: enter
2026-01-19T01:26:18.384501Z  INFO scan_sources: tailwindcss_oxide::scanner: Discovering "C:\\Users\\amiri\\FavoritePart\\app"
2026-01-19T01:26:18.385160Z  INFO scan_sources: tailwindcss_oxide::scanner: Discovering "C:\\Users\\amiri\\FavoritePart\\app\\actions"
2026-01-19T01:26:18.385259Z  INFO scan_sources: tailwindcss_oxide::scanner: Discovering "C:\\Users\\amiri\\FavoritePart\\app\\actions\\moments.ts"
2026-01-19T01:26:18.385336Z  INFO scan_sources: tailwindcss_oxide::scanner: Discovering "C:\\Users\\amiri\\FavoritePart\\app\\api"
2026-01-19T01:26:18.385448Z  INFO scan_sources: tailwindcss_oxide::scanner: Discovering "C:\\Users\\amiri\\FavoritePart\\app\\api\\admin"
2026-01-19T01:26:18.385550Z  INFO scan_sources: tailwindcss_oxide::scanner: Discovering "C:\\Users\\amiri\\FavoritePart\\app\\api\\admin\\check-orphans"
2026-01-19T01:26:18.385629Z  INFO scan_sources: tailwindcss_oxide::scanner: Discovering "C:\\Users\\amiri\\FavoritePart\\app\\api\\admin\\check-orphans\\route.ts"
2026-01-19T01:26:18.385696Z  INFO scan_sources: tailwindcss_oxide::scanner: Discovering "C:\\Users\\amiri\\FavoritePart\\app\\api\\admin\\fix-durations"
2026-01-19T01:26:18.385769Z  INFO scan_sources: tailwindcss_oxide::scanner: Discovering "C:\\Users\\amiri\\FavoritePart\\app\\api\\admin\\fix-durations\\route.ts"
2026-01-19T01:26:18.385837Z  INFO scan_sources: tailwindcss_oxide::scanner: Discovering "C:\\Users\\amiri\\FavoritePart\\app\\api\\admin\\fix-orphans"
2026-01-19T01:26:18.385911Z  INFO scan_sources: tailwindcss_oxide::scanner: Discovering "C:\\Users\\amiri\\FavoritePart\\app\\api\\admin\\fix-orphans\\route.ts"
2026-01-19T01:26:18.385978Z  INFO scan_sources: tailwindcss_oxide::scanner: Discovering "C:\\Users\\amiri\\FavoritePart\\app\\api\\admin\\test-insert"
2026-01-19T01:26:18.386051Z  INFO scan_sources: tailwindcss_oxide::scanner: Discovering "C:\\Users\\amiri\\FavoritePart\\app\\api\\admin\\test-insert\\route.ts"
2026-01-19T01:26:18.386132Z  INFO scan_sources: tailwindcss_oxide::scanner: Discovering "C:\\Users\\amiri\\FavoritePart\\app\\api\\metadata"
2026-01-19T01:26:18.386205Z  INFO scan_sources: tailwindcss_oxide::scanner: Discovering "C:\\Users\\amiri\\FavoritePart\\app\\api\\metadata\\route.ts"
2026-01-19T01:26:18.386270Z  INFO scan_sources: tailwindcss_oxide::scanner: Discovering "C:\\Users\\amiri\\FavoritePart\\app\\api\\moments"
2026-01-19T01:26:18.386342Z  INFO scan_sources: tailwindcss_oxide::scanner: Discovering "C:\\Users\\amiri\\FavoritePart\\app\\api\\moments\\route.ts"
2026-01-19T01:26:18.386400Z  INFO scan_sources: tailwindcss_oxide::scanner: Discovering "C:\\Users\\amiri\\FavoritePart\\app\\api\\moments\\[id]"
2026-01-19T01:26:18.386476Z  INFO scan_sources: tailwindcss_oxide::scanner: Discovering "C:\\Users\\amiri\\FavoritePart\\app\\api\\moments\\[id]\\route.ts"
2026-01-19T01:26:18.386557Z  INFO scan_sources: tailwindcss_oxide::scanner: Discovering "C:\\Users\\amiri\\FavoritePart\\app\\api\\tracks"
2026-01-19T01:26:18.386650Z  INFO scan_sources: tailwindcss_oxide::scanner: Discovering "C:\\Users\\amiri\\FavoritePart\\app\\api\\tracks\\update-duration"
2026-01-19T01:26:18.386726Z  INFO scan_sources: tailwindcss_oxide::scanner: Discovering "C:\\Users\\amiri\\FavoritePart\\app\\api\\tracks\\update-duration\\route.ts"
2026-01-19T01:26:18.386832Z  INFO scan_sources: tailwindcss_oxide::scanner: Discovering "C:\\Users\\amiri\\FavoritePart\\app\\explore"
2026-01-19T01:26:18.386908Z  INFO scan_sources: tailwindcss_oxide::scanner: Discovering "C:\\Users\\amiri\\FavoritePart\\app\\explore\\actions.ts"
2026-01-19T01:26:18.386950Z  INFO scan_sources: tailwindcss_oxide::scanner: Discovering "C:\\Users\\amiri\\FavoritePart\\app\\explore\\layout.tsx"
2026-01-19T01:26:18.387022Z  INFO scan_sources: tailwindcss_oxide::scanner: Discovering "C:\\Users\\amiri\\FavoritePart\\app\\explore\\page.tsx"
2026-01-19T01:26:18.387093Z  INFO scan_sources: tailwindcss_oxide::scanner: Discovering "C:\\Users\\amiri\\FavoritePart\\app\\globals.css"
2026-01-19T01:26:18.387133Z  INFO scan_sources: tailwindcss_oxide::scanner: Discovering "C:\\Users\\amiri\\FavoritePart\\app\\layout.tsx"
2026-01-19T01:26:18.387192Z  INFO scan_sources: tailwindcss_oxide::scanner: Discovering "C:\\Users\\amiri\\FavoritePart\\app\\login"
2026-01-19T01:26:18.387271Z  INFO scan_sources: tailwindcss_oxide::scanner: Discovering "C:\\Users\\amiri\\FavoritePart\\app\\login\\page.tsx"
2026-01-19T01:26:18.387325Z  INFO scan_sources: tailwindcss_oxide::scanner: Discovering "C:\\Users\\amiri\\FavoritePart\\app\\page.tsx"
2026-01-19T01:26:18.387516Z  INFO scan_sources: tailwindcss_oxide::scanner: Discovering "C:\\Users\\amiri\\FavoritePart\\app\\profile"
2026-01-19T01:26:18.387746Z  INFO scan_sources: tailwindcss_oxide::scanner: Discovering "C:\\Users\\amiri\\FavoritePart\\app\\profile\\page.tsx"
2026-01-19T01:26:18.387926Z  INFO scan_sources: tailwindcss_oxide::scanner: Discovering "C:\\Users\\amiri\\FavoritePart\\app\\room"
2026-01-19T01:26:18.388144Z  INFO scan_sources: tailwindcss_oxide::scanner: Discovering "C:\\Users\\amiri\\FavoritePart\\app\\room\\[id]"
2026-01-19T01:26:18.388322Z  INFO scan_sources: tailwindcss_oxide::scanner: Discovering "C:\\Users\\amiri\\FavoritePart\\app\\room\\[id]\\page.tsx"
2026-01-19T01:26:18.388520Z  INFO scan_sources: tailwindcss_oxide::scanner: Discovering "C:\\Users\\amiri\\FavoritePart\\build-log.txt"
2026-01-19T01:26:18.388693Z  INFO scan_sources: tailwindcss_oxide::scanner: Discovering "C:\\Users\\amiri\\FavoritePart\\data"
2026-01-19T01:26:18.388874Z  INFO scan_sources: tailwindcss_oxide::scanner: Discovering "C:\\Users\\amiri\\FavoritePart\\data\\moments.json"
2026-01-19T01:26:18.388989Z  INFO scan_sources: tailwindcss_oxide::scanner: Discovering "C:\\Users\\amiri\\FavoritePart\\debug_output.txt"
2026-01-19T01:26:18.389074Z  INFO scan_sources: tailwindcss_oxide::scanner: Discovering "C:\\Users\\amiri\\FavoritePart\\debug_results.txt"
2026-01-19T01:26:18.389210Z  INFO scan_sources: tailwindcss_oxide::scanner: Discovering "C:\\Users\\amiri\\FavoritePart\\docs"
2026-01-19T01:26:18.389390Z  INFO scan_sources: tailwindcss_oxide::scanner: Discovering "C:\\Users\\amiri\\FavoritePart\\docs\\AUTH_DEBUGGING_LESSONS.md"
2026-01-19T01:26:18.389476Z  INFO scan_sources: tailwindcss_oxide::scanner: Discovering "C:\\Users\\amiri\\FavoritePart\\docs\\CHAPTERS_UX_IMPACT.md"
2026-01-19T01:26:18.389560Z  INFO scan_sources: tailwindcss_oxide::scanner: Discovering "C:\\Users\\amiri\\FavoritePart\\docs\\DICTIONARY.md"
2026-01-19T01:26:18.389644Z  INFO scan_sources: tailwindcss_oxide::scanner: Discovering "C:\\Users\\amiri\\FavoritePart\\docs\\METADATA_UI_PLACEMENT.md"
2026-01-19T01:26:18.389728Z  INFO scan_sources: tailwindcss_oxide::scanner: Discovering "C:\\Users\\amiri\\FavoritePart\\docs\\MINI_TIMELINE_ISSUE.md"
2026-01-19T01:26:18.389812Z  INFO scan_sources: tailwindcss_oxide::scanner: Discovering "C:\\Users\\amiri\\FavoritePart\\docs\\Moment_Capture_Logic.md"
2026-01-19T01:26:18.389898Z  INFO scan_sources: tailwindcss_oxide::scanner: Discovering "C:\\Users\\amiri\\FavoritePart\\docs\\North_Start.md"
2026-01-19T01:26:18.389982Z  INFO scan_sources: tailwindcss_oxide::scanner: Discovering "C:\\Users\\amiri\\FavoritePart\\docs\\ONE_PAGER.md"
2026-01-19T01:26:18.390070Z  INFO scan_sources: tailwindcss_oxide::scanner: Discovering "C:\\Users\\amiri\\FavoritePart\\docs\\PROFILE_USERNAME_ISSUE.md"
2026-01-19T01:26:18.390169Z  INFO scan_sources: tailwindcss_oxide::scanner: Discovering "C:\\Users\\amiri\\FavoritePart\\docs\\ROADMAP.md"
2026-01-19T01:26:18.390266Z  INFO scan_sources: tailwindcss_oxide::scanner: Discovering "C:\\Users\\amiri\\FavoritePart\\docs\\ROADMAP_REVERSE.md"
2026-01-19T01:26:18.390442Z  INFO scan_sources: tailwindcss_oxide::scanner: Discovering "C:\\Users\\amiri\\FavoritePart\\docs\\TECH_SPEC.md"
2026-01-19T01:26:18.390559Z  INFO scan_sources: tailwindcss_oxide::scanner: Discovering "C:\\Users\\amiri\\FavoritePart\\docs\\Timeline_Feature_Reference.md"
2026-01-19T01:26:18.390681Z  INFO scan_sources: tailwindcss_oxide::scanner: Discovering "C:\\Users\\amiri\\FavoritePart\\docs\\YOUTUBE_API_CAPABILITIES.md"
2026-01-19T01:26:18.390793Z  INFO scan_sources: tailwindcss_oxide::scanner: Discovering "C:\\Users\\amiri\\FavoritePart\\eslint.config.mjs"
2026-01-19T01:26:18.390834Z  INFO scan_sources: tailwindcss_oxide::scanner: Discovering "C:\\Users\\amiri\\FavoritePart\\implementation_plan.md"
2026-01-19T01:26:18.390894Z  INFO scan_sources: tailwindcss_oxide::scanner: Discovering "C:\\Users\\amiri\\FavoritePart\\lib"
2026-01-19T01:26:18.390998Z  INFO scan_sources: tailwindcss_oxide::scanner: Discovering "C:\\Users\\amiri\\FavoritePart\\lint_output.txt"
2026-01-19T01:26:18.391036Z  INFO scan_sources: tailwindcss_oxide::scanner: Discovering "C:\\Users\\amiri\\FavoritePart\\lint_output_2.txt"
2026-01-19T01:26:18.391072Z  INFO scan_sources: tailwindcss_oxide::scanner: Discovering "C:\\Users\\amiri\\FavoritePart\\middleware.ts"
2026-01-19T01:26:18.391109Z  INFO scan_sources: tailwindcss_oxide::scanner: Discovering "C:\\Users\\amiri\\FavoritePart\\migration_error.txt"
2026-01-19T01:26:18.391157Z  INFO scan_sources: tailwindcss_oxide::scanner: Discovering "C:\\Users\\amiri\\FavoritePart\\next.config.ts"
2026-01-19T01:26:18.391295Z  INFO scan_sources: tailwindcss_oxide::scanner: Discovering "C:\\Users\\amiri\\FavoritePart\\package.json"
2026-01-19T01:26:18.391334Z  INFO scan_sources: tailwindcss_oxide::scanner: Discovering "C:\\Users\\amiri\\FavoritePart\\postcss.config.mjs"
2026-01-19T01:26:18.391390Z  INFO scan_sources: tailwindcss_oxide::scanner: Discovering "C:\\Users\\amiri\\FavoritePart\\prisma"
2026-01-19T01:26:18.391481Z  INFO scan_sources: tailwindcss_oxide::scanner: Discovering "C:\\Users\\amiri\\FavoritePart\\prisma\\migrations"
2026-01-19T01:26:18.391575Z  INFO scan_sources: tailwindcss_oxide::scanner: Discovering "C:\\Users\\amiri\\FavoritePart\\prisma\\migrations\\20251128170036_init_with_seconds_and_service"
2026-01-19T01:26:18.391657Z  INFO scan_sources: tailwindcss_oxide::scanner: Discovering "C:\\Users\\amiri\\FavoritePart\\prisma\\migrations\\20251128170036_init_with_seconds_and_service\\migration.sql"
2026-01-19T01:26:18.391708Z  INFO scan_sources: tailwindcss_oxide::scanner: Discovering "C:\\Users\\amiri\\FavoritePart\\prisma\\migrations\\migration_lock.toml"
2026-01-19T01:26:18.391760Z  INFO scan_sources: tailwindcss_oxide::scanner: Discovering "C:\\Users\\amiri\\FavoritePart\\prisma\\schema.prisma"
2026-01-19T01:26:18.391831Z  INFO scan_sources: tailwindcss_oxide::scanner: Discovering "C:\\Users\\amiri\\FavoritePart\\public"
2026-01-19T01:26:18.391906Z  INFO scan_sources: tailwindcss_oxide::scanner: Discovering "C:\\Users\\amiri\\FavoritePart\\public\\file.svg"
2026-01-19T01:26:18.391944Z  INFO scan_sources: tailwindcss_oxide::scanner: Discovering "C:\\Users\\amiri\\FavoritePart\\public\\globe.svg"
2026-01-19T01:26:18.392000Z  INFO scan_sources: tailwindcss_oxide::scanner: Discovering "C:\\Users\\amiri\\FavoritePart\\public\\images"
2026-01-19T01:26:18.392089Z  INFO scan_sources: tailwindcss_oxide::scanner: Discovering "C:\\Users\\amiri\\FavoritePart\\public\\next.svg"
2026-01-19T01:26:18.392143Z  INFO scan_sources: tailwindcss_oxide::scanner: Discovering "C:\\Users\\amiri\\FavoritePart\\public\\sounds"
2026-01-19T01:26:18.392243Z  INFO scan_sources: tailwindcss_oxide::scanner: Discovering "C:\\Users\\amiri\\FavoritePart\\public\\vercel.svg"
2026-01-19T01:26:18.392282Z  INFO scan_sources: tailwindcss_oxide::scanner: Discovering "C:\\Users\\amiri\\FavoritePart\\public\\window.svg"
2026-01-19T01:26:18.392331Z  INFO scan_sources: tailwindcss_oxide::scanner: Discovering "C:\\Users\\amiri\\FavoritePart\\public_schema_dump.sql"
2026-01-19T01:26:18.392372Z  INFO scan_sources: tailwindcss_oxide::scanner: Discovering "C:\\Users\\amiri\\FavoritePart\\README.md"
2026-01-19T01:26:18.392449Z  INFO scan_sources: tailwindcss_oxide::scanner: Discovering "C:\\Users\\amiri\\FavoritePart\\scripts"
2026-01-19T01:26:18.392542Z  INFO scan_sources: tailwindcss_oxide::scanner: Discovering "C:\\Users\\amiri\\FavoritePart\\scripts\\backfill_artists.js"
2026-01-19T01:26:18.392587Z  INFO scan_sources: tailwindcss_oxide::scanner: Discovering "C:\\Users\\amiri\\FavoritePart\\scripts\\backfill_canonical.ts"
2026-01-19T01:26:18.392626Z  INFO scan_sources: tailwindcss_oxide::scanner: Discovering "C:\\Users\\amiri\\FavoritePart\\scripts\\backfill_savedby.ts"
2026-01-19T01:26:18.392666Z  INFO scan_sources: tailwindcss_oxide::scanner: Discovering "C:\\Users\\amiri\\FavoritePart\\scripts\\check-duplicates.ts"
2026-01-19T01:26:18.392704Z  INFO scan_sources: tailwindcss_oxide::scanner: Discovering "C:\\Users\\amiri\\FavoritePart\\scripts\\check_artists.js"
2026-01-19T01:26:18.392744Z  INFO scan_sources: tailwindcss_oxide::scanner: Discovering "C:\\Users\\amiri\\FavoritePart\\scripts\\check_durations.js"
2026-01-19T01:26:18.392784Z  INFO scan_sources: tailwindcss_oxide::scanner: Discovering "C:\\Users\\amiri\\FavoritePart\\scripts\\check_moment.js"
2026-01-19T01:26:18.392823Z  INFO scan_sources: tailwindcss_oxide::scanner: Discovering "C:\\Users\\amiri\\FavoritePart\\scripts\\check_secret.js"
2026-01-19T01:26:18.392864Z  INFO scan_sources: tailwindcss_oxide::scanner: Discovering "C:\\Users\\amiri\\FavoritePart\\scripts\\debug-plaza.ts"
2026-01-19T01:26:18.392903Z  INFO scan_sources: tailwindcss_oxide::scanner: Discovering "C:\\Users\\amiri\\FavoritePart\\scripts\\debug_moments.ts"
2026-01-19T01:26:18.392944Z  INFO scan_sources: tailwindcss_oxide::scanner: Discovering "C:\\Users\\amiri\\FavoritePart\\scripts\\debug_prisma_client.ts"
2026-01-19T01:26:18.392984Z  INFO scan_sources: tailwindcss_oxide::scanner: Discovering "C:\\Users\\amiri\\FavoritePart\\scripts\\debug_signup_schema.ts"
2026-01-19T01:26:18.393023Z  INFO scan_sources: tailwindcss_oxide::scanner: Discovering "C:\\Users\\amiri\\FavoritePart\\scripts\\debug_tables.ts"
2026-01-19T01:26:18.393064Z  INFO scan_sources: tailwindcss_oxide::scanner: Discovering "C:\\Users\\amiri\\FavoritePart\\scripts\\deploy_db.js"
2026-01-19T01:26:18.393105Z  INFO scan_sources: tailwindcss_oxide::scanner: Discovering "C:\\Users\\amiri\\FavoritePart\\scripts\\fix_broken_durations.ts"
2026-01-19T01:26:18.393148Z  INFO scan_sources: tailwindcss_oxide::scanner: Discovering "C:\\Users\\amiri\\FavoritePart\\scripts\\migrate-legacy-moments.js"
2026-01-19T01:26:18.393189Z  INFO scan_sources: tailwindcss_oxide::scanner: Discovering "C:\\Users\\amiri\\FavoritePart\\scripts\\migrate-legacy-moments.ts"
2026-01-19T01:26:18.393229Z  INFO scan_sources: tailwindcss_oxide::scanner: Discovering "C:\\Users\\amiri\\FavoritePart\\scripts\\test-metadata.ts"
2026-01-19T01:26:18.393268Z  INFO scan_sources: tailwindcss_oxide::scanner: Discovering "C:\\Users\\amiri\\FavoritePart\\scripts\\test-register.js"
2026-01-19T01:26:18.393309Z  INFO scan_sources: tailwindcss_oxide::scanner: Discovering "C:\\Users\\amiri\\FavoritePart\\scripts\\test-spotify.ts"
2026-01-19T01:26:18.393350Z  INFO scan_sources: tailwindcss_oxide::scanner: Discovering "C:\\Users\\amiri\\FavoritePart\\scripts\\test-youtube.js"
2026-01-19T01:26:18.393391Z  INFO scan_sources: tailwindcss_oxide::scanner: Discovering "C:\\Users\\amiri\\FavoritePart\\scripts\\test_aggregation.ts"
2026-01-19T01:26:18.393431Z  INFO scan_sources: tailwindcss_oxide::scanner: Discovering "C:\\Users\\amiri\\FavoritePart\\scripts\\verify_db.js"
2026-01-19T01:26:18.393471Z  INFO scan_sources: tailwindcss_oxide::scanner: Discovering "C:\\Users\\amiri\\FavoritePart\\scripts\\verify_schema_fields.ts"
2026-01-19T01:26:18.393511Z  INFO scan_sources: tailwindcss_oxide::scanner: Discovering "C:\\Users\\amiri\\FavoritePart\\scripts\\verify_sqlite.js"
2026-01-19T01:26:18.393585Z  INFO scan_sources: tailwindcss_oxide::scanner: Discovering "C:\\Users\\amiri\\FavoritePart\\src"
2026-01-19T01:26:18.393690Z  INFO scan_sources: tailwindcss_oxide::scanner: Discovering "C:\\Users\\amiri\\FavoritePart\\src\\components"
2026-01-19T01:26:18.393817Z  INFO scan_sources: tailwindcss_oxide::scanner: Discovering "C:\\Users\\amiri\\FavoritePart\\src\\components\\ArtistCard.tsx"
2026-01-19T01:26:18.393883Z  INFO scan_sources: tailwindcss_oxide::scanner: Discovering "C:\\Users\\amiri\\FavoritePart\\src\\components\\debug"
2026-01-19T01:26:18.393999Z  INFO scan_sources: tailwindcss_oxide::scanner: Discovering "C:\\Users\\amiri\\FavoritePart\\src\\components\\icons"
2026-01-19T01:26:18.394090Z  INFO scan_sources: tailwindcss_oxide::scanner: Discovering "C:\\Users\\amiri\\FavoritePart\\src\\components\\icons\\MyMomentIcon.tsx"
2026-01-19T01:26:18.394151Z  INFO scan_sources: tailwindcss_oxide::scanner: Discovering "C:\\Users\\amiri\\FavoritePart\\src\\components\\MomentCard.tsx"
2026-01-19T01:26:18.394197Z  INFO scan_sources: tailwindcss_oxide::scanner: Discovering "C:\\Users\\amiri\\FavoritePart\\src\\components\\MomentGroup.tsx"
2026-01-19T01:26:18.394242Z  INFO scan_sources: tailwindcss_oxide::scanner: Discovering "C:\\Users\\amiri\\FavoritePart\\src\\components\\MomentTimeline.tsx"
2026-01-19T01:26:18.394290Z  INFO scan_sources: tailwindcss_oxide::scanner: Discovering "C:\\Users\\amiri\\FavoritePart\\src\\components\\Navbar.tsx"
2026-01-19T01:26:18.394337Z  INFO scan_sources: tailwindcss_oxide::scanner: Discovering "C:\\Users\\amiri\\FavoritePart\\src\\components\\PlayerTimeline.tsx"
2026-01-19T01:26:18.394383Z  INFO scan_sources: tailwindcss_oxide::scanner: Discovering "C:\\Users\\amiri\\FavoritePart\\src\\components\\RelatedStrip.tsx"
2026-01-19T01:26:18.394437Z  INFO scan_sources: tailwindcss_oxide::scanner: Discovering "C:\\Users\\amiri\\FavoritePart\\src\\components\\SettingsSidebar.tsx"
2026-01-19T01:26:18.394484Z  INFO scan_sources: tailwindcss_oxide::scanner: Discovering "C:\\Users\\amiri\\FavoritePart\\src\\components\\SongCard.tsx"
2026-01-19T01:26:18.394528Z  INFO scan_sources: tailwindcss_oxide::scanner: Discovering "C:\\Users\\amiri\\FavoritePart\\src\\components\\ThreadComment.tsx"
2026-01-19T01:26:18.394572Z  INFO scan_sources: tailwindcss_oxide::scanner: Discovering "C:\\Users\\amiri\\FavoritePart\\src\\components\\TrackCard.tsx"
2026-01-19T01:26:18.394653Z  INFO scan_sources: tailwindcss_oxide::scanner: Discovering "C:\\Users\\amiri\\FavoritePart\\src\\context"
2026-01-19T01:26:18.394739Z  INFO scan_sources: tailwindcss_oxide::scanner: Discovering "C:\\Users\\amiri\\FavoritePart\\src\\context\\AuthContext.tsx"
2026-01-19T01:26:18.394782Z  INFO scan_sources: tailwindcss_oxide::scanner: Discovering "C:\\Users\\amiri\\FavoritePart\\src\\context\\FilterContext.tsx"
2026-01-19T01:26:18.394860Z  INFO scan_sources: tailwindcss_oxide::scanner: Discovering "C:\\Users\\amiri\\FavoritePart\\src\\hooks"
2026-01-19T01:26:18.394946Z  INFO scan_sources: tailwindcss_oxide::scanner: Discovering "C:\\Users\\amiri\\FavoritePart\\src\\hooks\\usePlaybackGuard.ts"
2026-01-19T01:26:18.394990Z  INFO scan_sources: tailwindcss_oxide::scanner: Discovering "C:\\Users\\amiri\\FavoritePart\\src\\hooks\\useSoundEffects.ts"
2026-01-19T01:26:18.395071Z  INFO scan_sources: tailwindcss_oxide::scanner: Discovering "C:\\Users\\amiri\\FavoritePart\\src\\lib"
2026-01-19T01:26:18.395159Z  INFO scan_sources: tailwindcss_oxide::scanner: Discovering "C:\\Users\\amiri\\FavoritePart\\src\\lib\\canonical.ts"
2026-01-19T01:26:18.395204Z  INFO scan_sources: tailwindcss_oxide::scanner: Discovering "C:\\Users\\amiri\\FavoritePart\\src\\lib\\chapters.ts"
2026-01-19T01:26:18.395247Z  INFO scan_sources: tailwindcss_oxide::scanner: Discovering "C:\\Users\\amiri\\FavoritePart\\src\\lib\\metadata.ts"
2026-01-19T01:26:18.395295Z  INFO scan_sources: tailwindcss_oxide::scanner: Discovering "C:\\Users\\amiri\\FavoritePart\\src\\lib\\related.ts"
2026-01-19T01:26:18.395339Z  INFO scan_sources: tailwindcss_oxide::scanner: Discovering "C:\\Users\\amiri\\FavoritePart\\src\\lib\\sanitize.ts"
2026-01-19T01:26:18.395383Z  INFO scan_sources: tailwindcss_oxide::scanner: Discovering "C:\\Users\\amiri\\FavoritePart\\src\\lib\\storage.ts"
2026-01-19T01:26:18.395451Z  INFO scan_sources: tailwindcss_oxide::scanner: Discovering "C:\\Users\\amiri\\FavoritePart\\src\\lib\\supabase"
2026-01-19T01:26:18.395540Z  INFO scan_sources: tailwindcss_oxide::scanner: Discovering "C:\\Users\\amiri\\FavoritePart\\src\\lib\\supabase\\client.ts"
2026-01-19T01:26:18.395584Z  INFO scan_sources: tailwindcss_oxide::scanner: Discovering "C:\\Users\\amiri\\FavoritePart\\src\\lib\\supabase\\server.ts"
2026-01-19T01:26:18.395641Z  INFO scan_sources: tailwindcss_oxide::scanner: Discovering "C:\\Users\\amiri\\FavoritePart\\src\\lib\\timestamp.test.ts"
2026-01-19T01:26:18.395686Z  INFO scan_sources: tailwindcss_oxide::scanner: Discovering "C:\\Users\\amiri\\FavoritePart\\src\\lib\\trackSource.ts"
2026-01-19T01:26:18.395729Z  INFO scan_sources: tailwindcss_oxide::scanner: Discovering "C:\\Users\\amiri\\FavoritePart\\src\\lib\\validation.ts"
2026-01-19T01:26:18.395775Z  INFO scan_sources: tailwindcss_oxide::scanner: Discovering "C:\\Users\\amiri\\FavoritePart\\src\\lib\\youtube.ts"
2026-01-19T01:26:18.395857Z  INFO scan_sources: tailwindcss_oxide::scanner: Discovering "C:\\Users\\amiri\\FavoritePart\\src\\types"
2026-01-19T01:26:18.395943Z  INFO scan_sources: tailwindcss_oxide::scanner: Discovering "C:\\Users\\amiri\\FavoritePart\\src\\types\\index.ts"
2026-01-19T01:26:18.395988Z  INFO scan_sources: tailwindcss_oxide::scanner: Discovering "C:\\Users\\amiri\\FavoritePart\\src\\types\\supabase.ts"
2026-01-19T01:26:18.396082Z  INFO scan_sources: tailwindcss_oxide::scanner: Discovering "C:\\Users\\amiri\\FavoritePart\\supabase"
2026-01-19T01:26:18.396191Z  INFO scan_sources: tailwindcss_oxide::scanner: Discovering "C:\\Users\\amiri\\FavoritePart\\supabase\\migrations"
2026-01-19T01:26:18.396288Z  INFO scan_sources: tailwindcss_oxide::scanner: Discovering "C:\\Users\\amiri\\FavoritePart\\supabase\\migrations\\20251226_flatten_hierarchy.sql"
2026-01-19T01:26:18.396338Z  INFO scan_sources: tailwindcss_oxide::scanner: Discovering "C:\\Users\\amiri\\FavoritePart\\supabase\\migrations\\20251229_add_track_duration_to_moments.sql"
2026-01-19T01:26:18.396396Z  INFO scan_sources: tailwindcss_oxide::scanner: Discovering "C:\\Users\\amiri\\FavoritePart\\supabase\\migrations\\add_username_support.sql"
2026-01-19T01:26:18.396454Z  INFO scan_sources: tailwindcss_oxide::scanner: Discovering "C:\\Users\\amiri\\FavoritePart\\supabase\\migrations\\fix_trigger.sql"
2026-01-19T01:26:18.396502Z  INFO scan_sources: tailwindcss_oxide::scanner: Discovering "C:\\Users\\amiri\\FavoritePart\\supabase\\migrations\\fix_trigger_final.sql"
2026-01-19T01:26:18.396550Z  INFO scan_sources: tailwindcss_oxide::scanner: Discovering "C:\\Users\\amiri\\FavoritePart\\supabase\\migrations\\force_fix_auth.sql"
2026-01-19T01:26:18.396597Z  INFO scan_sources: tailwindcss_oxide::scanner: Discovering "C:\\Users\\amiri\\FavoritePart\\supabase\\migrations\\revert_username_trigger.sql"
2026-01-19T01:26:18.396658Z  INFO scan_sources: tailwindcss_oxide::scanner: Discovering "C:\\Users\\amiri\\FavoritePart\\supabase\\schema.sql"
2026-01-19T01:26:18.396702Z  INFO scan_sources: tailwindcss_oxide::scanner: Discovering "C:\\Users\\amiri\\FavoritePart\\supabase\\schema_notes.sql"
2026-01-19T01:26:18.396795Z  INFO scan_sources: tailwindcss_oxide::scanner: Discovering "C:\\Users\\amiri\\FavoritePart\\tsconfig.json"
2026-01-19T01:26:18.396849Z  INFO scan_sources: tailwindcss_oxide::scanner: Discovering "C:\\Users\\amiri\\FavoritePart\\walkthrough.md"
2026-01-19T01:26:18.396935Z  INFO scan_sources: tailwindcss_oxide::scanner: exit
2026-01-19T01:26:18.396945Z  INFO extract_candidates: tailwindcss_oxide::scanner: enter
2026-01-19T01:26:18.396953Z  INFO extract_candidates:read_all_files: tailwindcss_oxide::scanner: enter
2026-01-19T01:26:18.396956Z  INFO extract_candidates:read_all_files: tailwindcss_oxide::scanner: Reading 120 file(s)
2026-01-19T01:26:18.397389Z  INFO tailwindcss_oxide::scanner: Reading "C:\\Users\\amiri\\FavoritePart\\scripts\\check_moment.js"
2026-01-19T01:26:18.397405Z  INFO tailwindcss_oxide::scanner: Reading "C:\\Users\\amiri\\FavoritePart\\app\\actions\\moments.ts"
2026-01-19T01:26:18.397439Z  INFO tailwindcss_oxide::scanner: Reading "C:\\Users\\amiri\\FavoritePart\\scripts\\check_secret.js"
2026-01-19T01:26:18.397473Z  INFO tailwindcss_oxide::scanner: Reading "C:\\Users\\amiri\\FavoritePart\\scripts\\debug-plaza.ts"
2026-01-19T01:26:18.397503Z  INFO tailwindcss_oxide::scanner: Reading "C:\\Users\\amiri\\FavoritePart\\scripts\\debug_moments.ts"
2026-01-19T01:26:18.397501Z  INFO tailwindcss_oxide::scanner: Reading "C:\\Users\\amiri\\FavoritePart\\docs\\ROADMAP.md"
2026-01-19T01:26:18.397520Z  INFO tailwindcss_oxide::scanner: Reading "C:\\Users\\amiri\\FavoritePart\\app\\api\\admin\\check-orphans\\route.ts"
2026-01-19T01:26:18.397534Z  INFO tailwindcss_oxide::scanner: Reading "C:\\Users\\amiri\\FavoritePart\\scripts\\debug_prisma_client.ts"
2026-01-19T01:26:18.397573Z  INFO tailwindcss_oxide::scanner: Reading "C:\\Users\\amiri\\FavoritePart\\scripts\\debug_signup_schema.ts"
2026-01-19T01:26:18.397598Z  INFO tailwindcss_oxide::scanner: Reading "C:\\Users\\amiri\\FavoritePart\\docs\\ROADMAP_REVERSE.md"
2026-01-19T01:26:18.397590Z  INFO tailwindcss_oxide::scanner: Reading "C:\\Users\\amiri\\FavoritePart\\app\\profile\\page.tsx"
2026-01-19T01:26:18.397616Z  INFO tailwindcss_oxide::scanner: Reading "C:\\Users\\amiri\\FavoritePart\\app\\api\\admin\\fix-durations\\route.ts"
2026-01-19T01:26:18.397612Z  INFO tailwindcss_oxide::scanner: Reading "C:\\Users\\amiri\\FavoritePart\\scripts\\debug_tables.ts"
2026-01-19T01:26:18.397656Z  INFO tailwindcss_oxide::scanner: Reading "C:\\Users\\amiri\\FavoritePart\\scripts\\deploy_db.js"
2026-01-19T01:26:18.397671Z  INFO tailwindcss_oxide::scanner: Reading "C:\\Users\\amiri\\FavoritePart\\docs\\TECH_SPEC.md"
2026-01-19T01:26:18.397670Z  INFO tailwindcss_oxide::scanner: Reading "C:\\Users\\amiri\\FavoritePart\\app\\api\\metadata\\route.ts"
2026-01-19T01:26:18.397667Z  INFO tailwindcss_oxide::scanner: Reading "C:\\Users\\amiri\\FavoritePart\\app\\api\\moments\\[id]\\route.ts"
2026-01-19T01:26:18.397689Z  INFO tailwindcss_oxide::scanner: Reading "C:\\Users\\amiri\\FavoritePart\\scripts\\fix_broken_durations.ts"
2026-01-19T01:26:18.397722Z  INFO tailwindcss_oxide::scanner: Reading "C:\\Users\\amiri\\FavoritePart\\app\\api\\admin\\fix-orphans\\route.ts"
2026-01-19T01:26:18.397738Z  INFO tailwindcss_oxide::scanner: Reading "C:\\Users\\amiri\\FavoritePart\\scripts\\migrate-legacy-moments.js"
2026-01-19T01:26:18.397736Z  INFO tailwindcss_oxide::scanner: Reading "C:\\Users\\amiri\\FavoritePart\\app\\api\\moments\\route.ts"
2026-01-19T01:26:18.397742Z  INFO tailwindcss_oxide::scanner: Reading "C:\\Users\\amiri\\FavoritePart\\app\\room\\[id]\\page.tsx"
2026-01-19T01:26:18.397767Z  INFO tailwindcss_oxide::scanner: Reading "C:\\Users\\amiri\\FavoritePart\\app\\api\\tracks\\update-duration\\route.ts"
2026-01-19T01:26:18.397774Z  INFO tailwindcss_oxide::scanner: Reading "C:\\Users\\amiri\\FavoritePart\\scripts\\migrate-legacy-moments.ts"
2026-01-19T01:26:18.397779Z  INFO tailwindcss_oxide::scanner: Reading "C:\\Users\\amiri\\FavoritePart\\app\\api\\admin\\test-insert\\route.ts"
2026-01-19T01:26:18.397806Z  INFO tailwindcss_oxide::scanner: Reading "C:\\Users\\amiri\\FavoritePart\\scripts\\test_aggregation.ts"
2026-01-19T01:26:18.397822Z  INFO tailwindcss_oxide::scanner: Reading "C:\\Users\\amiri\\FavoritePart\\scripts\\test-metadata.ts"
2026-01-19T01:26:18.397833Z  INFO tailwindcss_oxide::scanner: Reading "C:\\Users\\amiri\\FavoritePart\\scripts\\verify_db.js"
2026-01-19T01:26:18.397836Z  INFO tailwindcss_oxide::scanner: Reading "C:\\Users\\amiri\\FavoritePart\\src\\components\\TrackCard.tsx"
2026-01-19T01:26:18.397846Z  INFO tailwindcss_oxide::scanner: Reading "C:\\Users\\amiri\\FavoritePart\\app\\explore\\actions.ts"
2026-01-19T01:26:18.397746Z  INFO tailwindcss_oxide::scanner: Reading "C:\\Users\\amiri\\FavoritePart\\docs\\Timeline_Feature_Reference.md"
2026-01-19T01:26:18.397853Z  INFO tailwindcss_oxide::scanner: Reading "C:\\Users\\amiri\\FavoritePart\\scripts\\test-register.js"
2026-01-19T01:26:18.397914Z  INFO tailwindcss_oxide::scanner: Reading "C:\\Users\\amiri\\FavoritePart\\src\\context\\AuthContext.tsx"
2026-01-19T01:26:18.397927Z  INFO tailwindcss_oxide::scanner: Reading "C:\\Users\\amiri\\FavoritePart\\src\\components\\MomentGroup.tsx"
2026-01-19T01:26:18.397859Z  INFO tailwindcss_oxide::scanner: Reading "C:\\Users\\amiri\\FavoritePart\\scripts\\verify_schema_fields.ts"
2026-01-19T01:26:18.397872Z  INFO tailwindcss_oxide::scanner: Reading "C:\\Users\\amiri\\FavoritePart\\build-log.txt"
2026-01-19T01:26:18.397980Z  INFO tailwindcss_oxide::scanner: Reading "C:\\Users\\amiri\\FavoritePart\\src\\components\\MomentTimeline.tsx"
2026-01-19T01:26:18.397989Z  INFO tailwindcss_oxide::scanner: Reading "C:\\Users\\amiri\\FavoritePart\\src\\components\\icons\\MyMomentIcon.tsx"
2026-01-19T01:26:18.397995Z  INFO tailwindcss_oxide::scanner: Reading "C:\\Users\\amiri\\FavoritePart\\src\\context\\FilterContext.tsx"
2026-01-19T01:26:18.397938Z  INFO tailwindcss_oxide::scanner: Reading "C:\\Users\\amiri\\FavoritePart\\app\\explore\\layout.tsx"
2026-01-19T01:26:18.398028Z  INFO tailwindcss_oxide::scanner: Reading "C:\\Users\\amiri\\FavoritePart\\scripts\\verify_sqlite.js"
2026-01-19T01:26:18.398015Z  INFO tailwindcss_oxide::scanner: Reading "C:\\Users\\amiri\\FavoritePart\\src\\components\\Navbar.tsx"
2026-01-19T01:26:18.398051Z  INFO tailwindcss_oxide::scanner: Reading "C:\\Users\\amiri\\FavoritePart\\data\\moments.json"
2026-01-19T01:26:18.398061Z  INFO tailwindcss_oxide::scanner: Reading "C:\\Users\\amiri\\FavoritePart\\src\\hooks\\usePlaybackGuard.ts"
2026-01-19T01:26:18.398066Z  INFO tailwindcss_oxide::scanner: Reading "C:\\Users\\amiri\\FavoritePart\\src\\components\\MomentCard.tsx"
2026-01-19T01:26:18.398075Z  INFO tailwindcss_oxide::scanner: Reading "C:\\Users\\amiri\\FavoritePart\\scripts\\test-spotify.ts"
2026-01-19T01:26:18.398093Z  INFO tailwindcss_oxide::scanner: Reading "C:\\Users\\amiri\\FavoritePart\\debug_output.txt"
2026-01-19T01:26:18.398100Z  INFO tailwindcss_oxide::scanner: Reading "C:\\Users\\amiri\\FavoritePart\\src\\components\\ArtistCard.tsx"
2026-01-19T01:26:18.398129Z  INFO tailwindcss_oxide::scanner: Reading "C:\\Users\\amiri\\FavoritePart\\debug_results.txt"
2026-01-19T01:26:18.398133Z  INFO tailwindcss_oxide::scanner: Reading "C:\\Users\\amiri\\FavoritePart\\app\\explore\\page.tsx"
2026-01-19T01:26:18.398142Z  INFO tailwindcss_oxide::scanner: Reading "C:\\Users\\amiri\\FavoritePart\\docs\\CHAPTERS_UX_IMPACT.md"
2026-01-19T01:26:18.398162Z  INFO tailwindcss_oxide::scanner: Reading "C:\\Users\\amiri\\FavoritePart\\src\\hooks\\useSoundEffects.ts"
2026-01-19T01:26:18.398172Z  INFO tailwindcss_oxide::scanner: Reading "C:\\Users\\amiri\\FavoritePart\\src\\components\\PlayerTimeline.tsx"
2026-01-19T01:26:18.398182Z  INFO tailwindcss_oxide::scanner: Reading "C:\\Users\\amiri\\FavoritePart\\docs\\AUTH_DEBUGGING_LESSONS.md"
2026-01-19T01:26:18.398177Z  INFO tailwindcss_oxide::scanner: Reading "C:\\Users\\amiri\\FavoritePart\\prisma\\migrations\\migration_lock.toml"
2026-01-19T01:26:18.398193Z  INFO tailwindcss_oxide::scanner: Reading "C:\\Users\\amiri\\FavoritePart\\docs\\DICTIONARY.md"
2026-01-19T01:26:18.398214Z  INFO tailwindcss_oxide::scanner: Reading "C:\\Users\\amiri\\FavoritePart\\src\\components\\RelatedStrip.tsx"
2026-01-19T01:26:18.398220Z  INFO tailwindcss_oxide::scanner: Reading "C:\\Users\\amiri\\FavoritePart\\app\\layout.tsx"
2026-01-19T01:26:18.398226Z  INFO tailwindcss_oxide::scanner: Reading "C:\\Users\\amiri\\FavoritePart\\src\\lib\\canonical.ts"
2026-01-19T01:26:18.398230Z  INFO tailwindcss_oxide::scanner: Reading "C:\\Users\\amiri\\FavoritePart\\lint_output.txt"
2026-01-19T01:26:18.398033Z  INFO tailwindcss_oxide::scanner: Reading "C:\\Users\\amiri\\FavoritePart\\docs\\YOUTUBE_API_CAPABILITIES.md"
2026-01-19T01:26:18.398244Z  INFO tailwindcss_oxide::scanner: Reading "C:\\Users\\amiri\\FavoritePart\\docs\\METADATA_UI_PLACEMENT.md"
2026-01-19T01:26:18.398282Z  INFO tailwindcss_oxide::scanner: Reading "C:\\Users\\amiri\\FavoritePart\\prisma\\schema.prisma"
2026-01-19T01:26:18.398174Z  INFO tailwindcss_oxide::scanner: Reading "C:\\Users\\amiri\\FavoritePart\\scripts\\test-youtube.js"
2026-01-19T01:26:18.398355Z  INFO tailwindcss_oxide::scanner: Reading "C:\\Users\\amiri\\FavoritePart\\src\\components\\ThreadComment.tsx"
2026-01-19T01:26:18.398361Z  INFO tailwindcss_oxide::scanner: Reading "C:\\Users\\amiri\\FavoritePart\\eslint.config.mjs"
2026-01-19T01:26:18.398384Z  INFO tailwindcss_oxide::scanner: Reading "C:\\Users\\amiri\\FavoritePart\\middleware.ts"
2026-01-19T01:26:18.398245Z  INFO tailwindcss_oxide::scanner: Reading "C:\\Users\\amiri\\FavoritePart\\src\\components\\SettingsSidebar.tsx"
2026-01-19T01:26:18.398364Z  INFO tailwindcss_oxide::scanner: Reading "C:\\Users\\amiri\\FavoritePart\\lint_output_2.txt"
2026-01-19T01:26:18.398299Z  INFO tailwindcss_oxide::scanner: Reading "C:\\Users\\amiri\\FavoritePart\\docs\\MINI_TIMELINE_ISSUE.md"
2026-01-19T01:26:18.398293Z  INFO tailwindcss_oxide::scanner: Reading "C:\\Users\\amiri\\FavoritePart\\src\\components\\SongCard.tsx"
2026-01-19T01:26:18.398292Z  INFO tailwindcss_oxide::scanner: Reading "C:\\Users\\amiri\\FavoritePart\\src\\lib\\chapters.ts"
2026-01-19T01:26:18.398321Z  INFO tailwindcss_oxide::scanner: Reading "C:\\Users\\amiri\\FavoritePart\\next.config.ts"
2026-01-19T01:26:18.398441Z  INFO tailwindcss_oxide::scanner: Reading "C:\\Users\\amiri\\FavoritePart\\implementation_plan.md"
2026-01-19T01:26:18.398292Z  INFO tailwindcss_oxide::scanner: Reading "C:\\Users\\amiri\\FavoritePart\\app\\login\\page.tsx"
2026-01-19T01:26:18.398471Z  INFO tailwindcss_oxide::scanner: Reading "C:\\Users\\amiri\\FavoritePart\\package.json"
2026-01-19T01:26:18.398471Z  INFO tailwindcss_oxide::scanner: Reading "C:\\Users\\amiri\\FavoritePart\\supabase\\migrations\\fix_trigger.sql"
2026-01-19T01:26:18.398474Z  INFO tailwindcss_oxide::scanner: Reading "C:\\Users\\amiri\\FavoritePart\\docs\\Moment_Capture_Logic.md"
2026-01-19T01:26:18.398446Z  INFO tailwindcss_oxide::scanner: Reading "C:\\Users\\amiri\\FavoritePart\\public\\file.svg"
2026-01-19T01:26:18.398487Z  INFO tailwindcss_oxide::scanner: Reading "C:\\Users\\amiri\\FavoritePart\\src\\lib\\metadata.ts"
2026-01-19T01:26:18.398493Z  INFO tailwindcss_oxide::scanner: Reading "C:\\Users\\amiri\\FavoritePart\\src\\types\\supabase.ts"
2026-01-19T01:26:18.398509Z  INFO tailwindcss_oxide::scanner: Reading "C:\\Users\\amiri\\FavoritePart\\prisma\\migrations\\20251128170036_init_with_seconds_and_service\\migration.sql"
2026-01-19T01:26:18.398506Z  INFO tailwindcss_oxide::scanner: Reading "C:\\Users\\amiri\\FavoritePart\\postcss.config.mjs"
2026-01-19T01:26:18.398420Z  INFO tailwindcss_oxide::scanner: Reading "C:\\Users\\amiri\\FavoritePart\\src\\lib\\validation.ts"
2026-01-19T01:26:18.398518Z  INFO tailwindcss_oxide::scanner: Reading "C:\\Users\\amiri\\FavoritePart\\app\\page.tsx"
2026-01-19T01:26:18.398407Z  INFO tailwindcss_oxide::scanner: Reading "C:\\Users\\amiri\\FavoritePart\\migration_error.txt"
2026-01-19T01:26:18.398538Z  INFO tailwindcss_oxide::scanner: Reading "C:\\Users\\amiri\\FavoritePart\\supabase\\migrations\\20251226_flatten_hierarchy.sql"
2026-01-19T01:26:18.398548Z  INFO tailwindcss_oxide::scanner: Reading "C:\\Users\\amiri\\FavoritePart\\src\\lib\\supabase\\client.ts"
2026-01-19T01:26:18.398517Z  INFO tailwindcss_oxide::scanner: Reading "C:\\Users\\amiri\\FavoritePart\\src\\lib\\youtube.ts"
2026-01-19T01:26:18.398564Z  INFO tailwindcss_oxide::scanner: Reading "C:\\Users\\amiri\\FavoritePart\\src\\lib\\related.ts"
2026-01-19T01:26:18.398574Z  INFO tailwindcss_oxide::scanner: Reading "C:\\Users\\amiri\\FavoritePart\\public\\globe.svg"
2026-01-19T01:26:18.398528Z  INFO tailwindcss_oxide::scanner: Reading "C:\\Users\\amiri\\FavoritePart\\docs\\North_Start.md"
2026-01-19T01:26:18.398573Z  INFO tailwindcss_oxide::scanner: Reading "C:\\Users\\amiri\\FavoritePart\\src\\lib\\sanitize.ts"
2026-01-19T01:26:18.398514Z  INFO tailwindcss_oxide::scanner: Reading "C:\\Users\\amiri\\FavoritePart\\supabase\\migrations\\fix_trigger_final.sql"
2026-01-19T01:26:18.398601Z  INFO tailwindcss_oxide::scanner: Reading "C:\\Users\\amiri\\FavoritePart\\src\\lib\\supabase\\server.ts"
2026-01-19T01:26:18.398638Z  INFO tailwindcss_oxide::scanner: Reading "C:\\Users\\amiri\\FavoritePart\\supabase\\schema.sql"
2026-01-19T01:26:18.398639Z  INFO tailwindcss_oxide::scanner: Reading "C:\\Users\\amiri\\FavoritePart\\src\\lib\\trackSource.ts"
2026-01-19T01:26:18.398573Z  INFO tailwindcss_oxide::scanner: Reading "C:\\Users\\amiri\\FavoritePart\\src\\types\\index.ts"
2026-01-19T01:26:18.398605Z  INFO tailwindcss_oxide::scanner: Reading "C:\\Users\\amiri\\FavoritePart\\src\\lib\\timestamp.test.ts"
2026-01-19T01:26:18.398691Z  INFO tailwindcss_oxide::scanner: Reading "C:\\Users\\amiri\\FavoritePart\\scripts\\backfill_savedby.ts"
2026-01-19T01:26:18.398708Z  INFO tailwindcss_oxide::scanner: Reading "C:\\Users\\amiri\\FavoritePart\\tsconfig.json"
2026-01-19T01:26:18.398606Z  INFO tailwindcss_oxide::scanner: Reading "C:\\Users\\amiri\\FavoritePart\\docs\\ONE_PAGER.md"
2026-01-19T01:26:18.398587Z  INFO tailwindcss_oxide::scanner: Reading "C:\\Users\\amiri\\FavoritePart\\public\\vercel.svg"
2026-01-19T01:26:18.398755Z  INFO tailwindcss_oxide::scanner: Reading "C:\\Users\\amiri\\FavoritePart\\walkthrough.md"
2026-01-19T01:26:18.398763Z  INFO tailwindcss_oxide::scanner: Reading "C:\\Users\\amiri\\FavoritePart\\scripts\\backfill_artists.js"
2026-01-19T01:26:18.398630Z  INFO tailwindcss_oxide::scanner: Reading "C:\\Users\\amiri\\FavoritePart\\src\\lib\\storage.ts"
2026-01-19T01:26:18.398630Z  INFO tailwindcss_oxide::scanner: Reading "C:\\Users\\amiri\\FavoritePart\\public\\next.svg"
2026-01-19T01:26:18.398682Z  INFO tailwindcss_oxide::scanner: Reading "C:\\Users\\amiri\\FavoritePart\\supabase\\migrations\\revert_username_trigger.sql"
2026-01-19T01:26:18.398799Z  INFO tailwindcss_oxide::scanner: Reading "C:\\Users\\amiri\\FavoritePart\\supabase\\migrations\\add_username_support.sql"
2026-01-19T01:26:18.398796Z  INFO tailwindcss_oxide::scanner: Reading "C:\\Users\\amiri\\FavoritePart\\scripts\\check-duplicates.ts"
2026-01-19T01:26:18.398770Z  INFO tailwindcss_oxide::scanner: Reading "C:\\Users\\amiri\\FavoritePart\\scripts\\backfill_canonical.ts"
2026-01-19T01:26:18.398702Z  INFO tailwindcss_oxide::scanner: Reading "C:\\Users\\amiri\\FavoritePart\\supabase\\migrations\\force_fix_auth.sql"
2026-01-19T01:26:18.398828Z  INFO tailwindcss_oxide::scanner: Reading "C:\\Users\\amiri\\FavoritePart\\README.md"
2026-01-19T01:26:18.398621Z  INFO tailwindcss_oxide::scanner: Reading "C:\\Users\\amiri\\FavoritePart\\supabase\\migrations\\20251229_add_track_duration_to_moments.sql"
2026-01-19T01:26:18.398599Z  INFO tailwindcss_oxide::scanner: Reading "C:\\Users\\amiri\\FavoritePart\\public_schema_dump.sql"
2026-01-19T01:26:18.398852Z  INFO tailwindcss_oxide::scanner: Reading "C:\\Users\\amiri\\FavoritePart\\scripts\\check_durations.js"
2026-01-19T01:26:18.398815Z  INFO tailwindcss_oxide::scanner: Reading "C:\\Users\\amiri\\FavoritePart\\docs\\PROFILE_USERNAME_ISSUE.md"
2026-01-19T01:26:18.398834Z  INFO tailwindcss_oxide::scanner: Reading "C:\\Users\\amiri\\FavoritePart\\scripts\\check_artists.js"
2026-01-19T01:26:18.398738Z  INFO tailwindcss_oxide::scanner: Reading "C:\\Users\\amiri\\FavoritePart\\public\\window.svg"
2026-01-19T01:26:18.398686Z  INFO tailwindcss_oxide::scanner: Reading "C:\\Users\\amiri\\FavoritePart\\supabase\\schema_notes.sql"
2026-01-19T01:26:18.399089Z  INFO extract_candidates:read_all_files: tailwindcss_oxide::scanner: exit
2026-01-19T01:26:18.399105Z  INFO extract_candidates:parse_all_blobs: tailwindcss_oxide::scanner: enter
2026-01-19T01:26:18.399112Z  INFO extract_candidates:parse_all_blobs:extract: tailwindcss_oxide::scanner: enter
2026-01-19T01:26:18.402432Z  INFO extract_candidates:parse_all_blobs:extract: tailwindcss_oxide::scanner: exit
2026-01-19T01:26:18.402612Z  INFO extract_candidates:parse_all_blobs: tailwindcss_oxide::scanner: exit
2026-01-19T01:26:18.402619Z  INFO extract_candidates:read_all_files: tailwindcss_oxide::scanner: enter
2026-01-19T01:26:18.402623Z  INFO extract_candidates:read_all_files: tailwindcss_oxide::scanner: Reading 1 file(s)
2026-01-19T01:26:18.402722Z  INFO extract_candidates:read_all_files: tailwindcss_oxide::scanner: Reading "C:\\Users\\amiri\\FavoritePart\\app\\globals.css"
2026-01-19T01:26:18.402731Z  INFO extract_candidates:read_all_files: tailwindcss_oxide::scanner: exit
2026-01-19T01:26:18.402737Z  INFO extract_candidates:extract_css_variables: tailwindcss_oxide::scanner: enter
2026-01-19T01:26:18.402741Z  INFO extract_candidates:extract_css_variables:extract: tailwindcss_oxide::scanner: enter
2026-01-19T01:26:18.402890Z  INFO extract_candidates:extract_css_variables:extract: tailwindcss_oxide::scanner: exit
2026-01-19T01:26:18.402907Z  INFO extract_candidates:extract_css_variables: tailwindcss_oxide::scanner: exit
2026-01-19T01:26:18.404019Z  INFO extract_candidates: tailwindcss_oxide::scanner: exit
2026-01-19T01:26:18.405108Z  INFO get_files: tailwindcss_oxide::scanner: enter
2026-01-19T01:26:18.405125Z  INFO get_files:scan_sources: tailwindcss_oxide::scanner: enter
2026-01-19T01:26:18.406297Z  INFO get_files:scan_sources: tailwindcss_oxide::scanner: Discovering "C:\\Users\\amiri\\FavoritePart\\app"
2026-01-19T01:26:18.406439Z  INFO get_files:scan_sources: tailwindcss_oxide::scanner: Discovering "C:\\Users\\amiri\\FavoritePart\\app\\actions"
2026-01-19T01:26:18.406606Z  INFO get_files:scan_sources: tailwindcss_oxide::scanner: Discovering "C:\\Users\\amiri\\FavoritePart\\app\\api"
2026-01-19T01:26:18.406722Z  INFO get_files:scan_sources: tailwindcss_oxide::scanner: Discovering "C:\\Users\\amiri\\FavoritePart\\app\\api\\admin"
2026-01-19T01:26:18.406846Z  INFO get_files:scan_sources: tailwindcss_oxide::scanner: Discovering "C:\\Users\\amiri\\FavoritePart\\app\\api\\admin\\check-orphans"
2026-01-19T01:26:18.407006Z  INFO get_files:scan_sources: tailwindcss_oxide::scanner: Discovering "C:\\Users\\amiri\\FavoritePart\\app\\api\\admin\\fix-durations"
2026-01-19T01:26:18.407159Z  INFO get_files:scan_sources: tailwindcss_oxide::scanner: Discovering "C:\\Users\\amiri\\FavoritePart\\app\\api\\admin\\fix-orphans"
2026-01-19T01:26:18.407312Z  INFO get_files:scan_sources: tailwindcss_oxide::scanner: Discovering "C:\\Users\\amiri\\FavoritePart\\app\\api\\admin\\test-insert"
2026-01-19T01:26:18.407477Z  INFO get_files:scan_sources: tailwindcss_oxide::scanner: Discovering "C:\\Users\\amiri\\FavoritePart\\app\\api\\metadata"
2026-01-19T01:26:18.407698Z  INFO get_files:scan_sources: tailwindcss_oxide::scanner: Discovering "C:\\Users\\amiri\\FavoritePart\\app\\api\\moments"
2026-01-19T01:26:18.407841Z  INFO get_files:scan_sources: tailwindcss_oxide::scanner: Discovering "C:\\Users\\amiri\\FavoritePart\\app\\api\\moments\\[id]"
2026-01-19T01:26:18.408001Z  INFO get_files:scan_sources: tailwindcss_oxide::scanner: Discovering "C:\\Users\\amiri\\FavoritePart\\app\\api\\tracks"
2026-01-19T01:26:18.408108Z  INFO get_files:scan_sources: tailwindcss_oxide::scanner: Discovering "C:\\Users\\amiri\\FavoritePart\\app\\api\\tracks\\update-duration"
2026-01-19T01:26:18.408273Z  INFO get_files:scan_sources: tailwindcss_oxide::scanner: Discovering "C:\\Users\\amiri\\FavoritePart\\app\\explore"
2026-01-19T01:26:18.408516Z  INFO get_files:scan_sources: tailwindcss_oxide::scanner: Discovering "C:\\Users\\amiri\\FavoritePart\\app\\login"
2026-01-19T01:26:18.408673Z  INFO get_files:scan_sources: tailwindcss_oxide::scanner: Discovering "C:\\Users\\amiri\\FavoritePart\\app\\profile"
2026-01-19T01:26:18.408803Z  INFO get_files:scan_sources: tailwindcss_oxide::scanner: Discovering "C:\\Users\\amiri\\FavoritePart\\app\\room"
2026-01-19T01:26:18.408901Z  INFO get_files:scan_sources: tailwindcss_oxide::scanner: Discovering "C:\\Users\\amiri\\FavoritePart\\app\\room\\[id]"
2026-01-19T01:26:18.409090Z  INFO get_files:scan_sources: tailwindcss_oxide::scanner: Discovering "C:\\Users\\amiri\\FavoritePart\\data"
2026-01-19T01:26:18.409271Z  INFO get_files:scan_sources: tailwindcss_oxide::scanner: Discovering "C:\\Users\\amiri\\FavoritePart\\docs"
2026-01-19T01:26:18.409738Z  INFO get_files:scan_sources: tailwindcss_oxide::scanner: Discovering "C:\\Users\\amiri\\FavoritePart\\lib"
2026-01-19T01:26:18.410144Z  INFO get_files:scan_sources: tailwindcss_oxide::scanner: Discovering "C:\\Users\\amiri\\FavoritePart\\prisma"
2026-01-19T01:26:18.410243Z  INFO get_files:scan_sources: tailwindcss_oxide::scanner: Discovering "C:\\Users\\amiri\\FavoritePart\\prisma\\migrations"
2026-01-19T01:26:18.410340Z  INFO get_files:scan_sources: tailwindcss_oxide::scanner: Discovering "C:\\Users\\amiri\\FavoritePart\\prisma\\migrations\\20251128170036_init_with_seconds_and_service"
2026-01-19T01:26:18.410541Z  INFO get_files:scan_sources: tailwindcss_oxide::scanner: Discovering "C:\\Users\\amiri\\FavoritePart\\public"
2026-01-19T01:26:18.410678Z  INFO get_files:scan_sources: tailwindcss_oxide::scanner: Discovering "C:\\Users\\amiri\\FavoritePart\\public\\images"
2026-01-19T01:26:18.410809Z  INFO get_files:scan_sources: tailwindcss_oxide::scanner: Discovering "C:\\Users\\amiri\\FavoritePart\\public\\sounds"
2026-01-19T01:26:18.411018Z  INFO get_files:scan_sources: tailwindcss_oxide::scanner: Discovering "C:\\Users\\amiri\\FavoritePart\\scripts"
2026-01-19T01:26:18.411621Z  INFO get_files:scan_sources: tailwindcss_oxide::scanner: Discovering "C:\\Users\\amiri\\FavoritePart\\src"
2026-01-19T01:26:18.411713Z  INFO get_files:scan_sources: tailwindcss_oxide::scanner: Discovering "C:\\Users\\amiri\\FavoritePart\\src\\components"
2026-01-19T01:26:18.411825Z  INFO get_files:scan_sources: tailwindcss_oxide::scanner: Discovering "C:\\Users\\amiri\\FavoritePart\\src\\components\\debug"
2026-01-19T01:26:18.411920Z  INFO get_files:scan_sources: tailwindcss_oxide::scanner: Discovering "C:\\Users\\amiri\\FavoritePart\\src\\components\\icons"
2026-01-19T01:26:18.412266Z  INFO get_files:scan_sources: tailwindcss_oxide::scanner: Discovering "C:\\Users\\amiri\\FavoritePart\\src\\context"
2026-01-19T01:26:18.412410Z  INFO get_files:scan_sources: tailwindcss_oxide::scanner: Discovering "C:\\Users\\amiri\\FavoritePart\\src\\hooks"
2026-01-19T01:26:18.412560Z  INFO get_files:scan_sources: tailwindcss_oxide::scanner: Discovering "C:\\Users\\amiri\\FavoritePart\\src\\lib"
2026-01-19T01:26:18.412784Z  INFO get_files:scan_sources: tailwindcss_oxide::scanner: Discovering "C:\\Users\\amiri\\FavoritePart\\src\\lib\\supabase"
2026-01-19T01:26:18.413030Z  INFO get_files:scan_sources: tailwindcss_oxide::scanner: Discovering "C:\\Users\\amiri\\FavoritePart\\src\\types"
2026-01-19T01:26:18.413181Z  INFO get_files:scan_sources: tailwindcss_oxide::scanner: Discovering "C:\\Users\\amiri\\FavoritePart\\supabase"
2026-01-19T01:26:18.413273Z  INFO get_files:scan_sources: tailwindcss_oxide::scanner: Discovering "C:\\Users\\amiri\\FavoritePart\\supabase\\migrations"
2026-01-19T01:26:18.413668Z  INFO get_files:scan_sources: tailwindcss_oxide::scanner: exit
2026-01-19T01:26:18.413901Z  INFO get_files: tailwindcss_oxide::scanner: exit
2026-01-19T01:26:18.414766Z  INFO get_globs: tailwindcss_oxide::scanner: enter
2026-01-19T01:26:18.414785Z  INFO get_globs:scan_sources: tailwindcss_oxide::scanner: enter
2026-01-19T01:26:18.416034Z  INFO get_globs:scan_sources: tailwindcss_oxide::scanner: Discovering "C:\\Users\\amiri\\FavoritePart\\app"
2026-01-19T01:26:18.416153Z  INFO get_globs:scan_sources: tailwindcss_oxide::scanner: Discovering "C:\\Users\\amiri\\FavoritePart\\app\\actions"
2026-01-19T01:26:18.416297Z  INFO get_globs:scan_sources: tailwindcss_oxide::scanner: Discovering "C:\\Users\\amiri\\FavoritePart\\app\\api"
2026-01-19T01:26:18.416398Z  INFO get_globs:scan_sources: tailwindcss_oxide::scanner: Discovering "C:\\Users\\amiri\\FavoritePart\\app\\api\\admin"
2026-01-19T01:26:18.416504Z  INFO get_globs:scan_sources: tailwindcss_oxide::scanner: Discovering "C:\\Users\\amiri\\FavoritePart\\app\\api\\admin\\check-orphans"
2026-01-19T01:26:18.422656Z  INFO get_globs:scan_sources: tailwindcss_oxide::scanner: Discovering "C:\\Users\\amiri\\FavoritePart\\app\\api\\admin\\fix-durations"
2026-01-19T01:26:18.427663Z  INFO get_globs:scan_sources: tailwindcss_oxide::scanner: Discovering "C:\\Users\\amiri\\FavoritePart\\app\\api\\admin\\fix-orphans"
2026-01-19T01:26:18.428196Z  INFO get_globs:scan_sources: tailwindcss_oxide::scanner: Discovering "C:\\Users\\amiri\\FavoritePart\\app\\api\\admin\\test-insert"
2026-01-19T01:26:18.429027Z  INFO get_globs:scan_sources: tailwindcss_oxide::scanner: Discovering "C:\\Users\\amiri\\FavoritePart\\app\\api\\metadata"
2026-01-19T01:26:18.429513Z  INFO get_globs:scan_sources: tailwindcss_oxide::scanner: Discovering "C:\\Users\\amiri\\FavoritePart\\app\\api\\moments"
2026-01-19T01:26:18.429803Z  INFO get_globs:scan_sources: tailwindcss_oxide::scanner: Discovering "C:\\Users\\amiri\\FavoritePart\\app\\api\\moments\\[id]"
2026-01-19T01:26:18.430118Z  INFO get_globs:scan_sources: tailwindcss_oxide::scanner: Discovering "C:\\Users\\amiri\\FavoritePart\\app\\api\\tracks"
2026-01-19T01:26:18.430331Z  INFO get_globs:scan_sources: tailwindcss_oxide::scanner: Discovering "C:\\Users\\amiri\\FavoritePart\\app\\api\\tracks\\update-duration"
2026-01-19T01:26:18.430698Z  INFO get_globs:scan_sources: tailwindcss_oxide::scanner: Discovering "C:\\Users\\amiri\\FavoritePart\\app\\explore"
2026-01-19T01:26:18.431190Z  INFO get_globs:scan_sources: tailwindcss_oxide::scanner: Discovering "C:\\Users\\amiri\\FavoritePart\\app\\login"
2026-01-19T01:26:18.431548Z  INFO get_globs:scan_sources: tailwindcss_oxide::scanner: Discovering "C:\\Users\\amiri\\FavoritePart\\app\\profile"
2026-01-19T01:26:18.431838Z  INFO get_globs:scan_sources: tailwindcss_oxide::scanner: Discovering "C:\\Users\\amiri\\FavoritePart\\app\\room"
2026-01-19T01:26:18.432053Z  INFO get_globs:scan_sources: tailwindcss_oxide::scanner: Discovering "C:\\Users\\amiri\\FavoritePart\\app\\room\\[id]"
2026-01-19T01:26:18.432508Z  INFO get_globs:scan_sources: tailwindcss_oxide::scanner: Discovering "C:\\Users\\amiri\\FavoritePart\\data"
2026-01-19T01:26:18.433229Z  INFO get_globs:scan_sources: tailwindcss_oxide::scanner: Discovering "C:\\Users\\amiri\\FavoritePart\\docs"
2026-01-19T01:26:18.434458Z  INFO get_globs:scan_sources: tailwindcss_oxide::scanner: Discovering "C:\\Users\\amiri\\FavoritePart\\lib"
2026-01-19T01:26:18.435323Z  INFO get_globs:scan_sources: tailwindcss_oxide::scanner: Discovering "C:\\Users\\amiri\\FavoritePart\\prisma"
2026-01-19T01:26:18.435733Z  INFO get_globs:scan_sources: tailwindcss_oxide::scanner: Discovering "C:\\Users\\amiri\\FavoritePart\\prisma\\migrations"
2026-01-19T01:26:18.436004Z  INFO get_globs:scan_sources: tailwindcss_oxide::scanner: Discovering "C:\\Users\\amiri\\FavoritePart\\prisma\\migrations\\20251128170036_init_with_seconds_and_service"
2026-01-19T01:26:18.436560Z  INFO get_globs:scan_sources: tailwindcss_oxide::scanner: Discovering "C:\\Users\\amiri\\FavoritePart\\public"
2026-01-19T01:26:18.436915Z  INFO get_globs:scan_sources: tailwindcss_oxide::scanner: Discovering "C:\\Users\\amiri\\FavoritePart\\public\\images"
2026-01-19T01:26:18.437251Z  INFO get_globs:scan_sources: tailwindcss_oxide::scanner: Discovering "C:\\Users\\amiri\\FavoritePart\\public\\sounds"
2026-01-19T01:26:18.438120Z  INFO get_globs:scan_sources: tailwindcss_oxide::scanner: Discovering "C:\\Users\\amiri\\FavoritePart\\scripts"
2026-01-19T01:26:18.439474Z  INFO get_globs:scan_sources: tailwindcss_oxide::scanner: Discovering "C:\\Users\\amiri\\FavoritePart\\src"
2026-01-19T01:26:18.439749Z  INFO get_globs:scan_sources: tailwindcss_oxide::scanner: Discovering "C:\\Users\\amiri\\FavoritePart\\src\\components"
2026-01-19T01:26:18.439989Z  INFO get_globs:scan_sources: tailwindcss_oxide::scanner: Discovering "C:\\Users\\amiri\\FavoritePart\\src\\components\\debug"
2026-01-19T01:26:18.440176Z  INFO get_globs:scan_sources: tailwindcss_oxide::scanner: Discovering "C:\\Users\\amiri\\FavoritePart\\src\\components\\icons"
2026-01-19T01:26:18.441120Z  INFO get_globs:scan_sources: tailwindcss_oxide::scanner: Discovering "C:\\Users\\amiri\\FavoritePart\\src\\context"
2026-01-19T01:26:18.441492Z  INFO get_globs:scan_sources: tailwindcss_oxide::scanner: Discovering "C:\\Users\\amiri\\FavoritePart\\src\\hooks"
2026-01-19T01:26:18.441839Z  INFO get_globs:scan_sources: tailwindcss_oxide::scanner: Discovering "C:\\Users\\amiri\\FavoritePart\\src\\lib"
2026-01-19T01:26:18.442391Z  INFO get_globs:scan_sources: tailwindcss_oxide::scanner: Discovering "C:\\Users\\amiri\\FavoritePart\\src\\lib\\supabase"
2026-01-19T01:26:18.443105Z  INFO get_globs:scan_sources: tailwindcss_oxide::scanner: Discovering "C:\\Users\\amiri\\FavoritePart\\src\\types"
2026-01-19T01:26:18.443529Z  INFO get_globs:scan_sources: tailwindcss_oxide::scanner: Discovering "C:\\Users\\amiri\\FavoritePart\\supabase"
2026-01-19T01:26:18.443763Z  INFO get_globs:scan_sources: tailwindcss_oxide::scanner: Discovering "C:\\Users\\amiri\\FavoritePart\\supabase\\migrations"
2026-01-19T01:26:18.444760Z  INFO get_globs:scan_sources: tailwindcss_oxide::scanner: exit
2026-01-19T01:26:18.458843Z  INFO get_globs: tailwindcss_oxide::scanner: exit
